[2023-03-17 19:00:23,645] {taskinstance.py:1159} INFO - Dependencies all met for <TaskInstance: reto_tecnico_everst.table_by_municipio scheduled__2023-03-17T18:00:00+00:00 [queued]>
[2023-03-17 19:00:23,663] {taskinstance.py:1159} INFO - Dependencies all met for <TaskInstance: reto_tecnico_everst.table_by_municipio scheduled__2023-03-17T18:00:00+00:00 [queued]>
[2023-03-17 19:00:23,664] {taskinstance.py:1356} INFO - 
--------------------------------------------------------------------------------
[2023-03-17 19:00:23,665] {taskinstance.py:1357} INFO - Starting attempt 1 of 1
[2023-03-17 19:00:23,666] {taskinstance.py:1358} INFO - 
--------------------------------------------------------------------------------
[2023-03-17 19:00:23,850] {taskinstance.py:1377} INFO - Executing <Task(PythonOperator): table_by_municipio> on 2023-03-17 18:00:00+00:00
[2023-03-17 19:00:23,860] {standard_task_runner.py:52} INFO - Started process 2626 to run task
[2023-03-17 19:00:23,864] {standard_task_runner.py:79} INFO - Running: ['***', 'tasks', 'run', 'reto_tecnico_everst', 'table_by_municipio', 'scheduled__2023-03-17T18:00:00+00:00', '--job-id', '226', '--raw', '--subdir', 'DAGS_FOLDER/reto_tecnico_everst.py', '--cfg-path', '/tmp/tmpp1gj3yoq', '--error-file', '/tmp/tmp9spw_u8r']
[2023-03-17 19:00:23,865] {standard_task_runner.py:80} INFO - Job 226: Subtask table_by_municipio
[2023-03-17 19:00:23,977] {task_command.py:369} INFO - Running <TaskInstance: reto_tecnico_everst.table_by_municipio scheduled__2023-03-17T18:00:00+00:00 [running]> on host 7d9c3e4a2f58
[2023-03-17 19:00:24,335] {taskinstance.py:1571} INFO - Exporting the following env vars:
AIRFLOW_CTX_DAG_OWNER=***
AIRFLOW_CTX_DAG_ID=reto_tecnico_everst
AIRFLOW_CTX_TASK_ID=table_by_municipio
AIRFLOW_CTX_EXECUTION_DATE=2023-03-17T18:00:00+00:00
AIRFLOW_CTX_TRY_NUMBER=1
AIRFLOW_CTX_DAG_RUN_ID=scheduled__2023-03-17T18:00:00+00:00
[2023-03-17 19:00:24,348] {reto_tecnico_everst.py:55} INFO - Leyendo la base extraida del API
[2023-03-17 19:00:27,494] {reto_tecnico_everst.py:72} INFO - Guardando la base tabla por municipio en formato parquet, path: dags/data/Staging/base_2/base_20230317_19.00.parquet
[2023-03-17 19:00:27,972] {python.py:173} INFO - Done. Returned value was: None
[2023-03-17 19:00:27,987] {taskinstance.py:1400} INFO - Marking task as SUCCESS. dag_id=reto_tecnico_everst, task_id=table_by_municipio, execution_date=20230317T180000, start_date=20230317T190023, end_date=20230317T190027
[2023-03-17 19:00:28,055] {local_task_job.py:156} INFO - Task exited with return code 0
[2023-03-17 19:00:28,127] {local_task_job.py:273} INFO - 0 downstream tasks scheduled from follow-on schedule check
