[2023-03-17 02:14:55,844] {taskinstance.py:1159} INFO - Dependencies all met for <TaskInstance: reto_tecnico_everst.cruzar_base2_y_data_municipios manual__2023-03-17T02:12:36.026787+00:00 [queued]>
[2023-03-17 02:14:55,853] {taskinstance.py:1159} INFO - Dependencies all met for <TaskInstance: reto_tecnico_everst.cruzar_base2_y_data_municipios manual__2023-03-17T02:12:36.026787+00:00 [queued]>
[2023-03-17 02:14:55,853] {taskinstance.py:1356} INFO - 
--------------------------------------------------------------------------------
[2023-03-17 02:14:55,854] {taskinstance.py:1357} INFO - Starting attempt 1 of 1
[2023-03-17 02:14:55,855] {taskinstance.py:1358} INFO - 
--------------------------------------------------------------------------------
[2023-03-17 02:14:55,912] {taskinstance.py:1377} INFO - Executing <Task(PythonOperator): cruzar_base2_y_data_municipios> on 2023-03-17 02:12:36.026787+00:00
[2023-03-17 02:14:55,919] {standard_task_runner.py:52} INFO - Started process 1957 to run task
[2023-03-17 02:14:55,923] {standard_task_runner.py:79} INFO - Running: ['***', 'tasks', 'run', 'reto_tecnico_everst', 'cruzar_base2_y_data_municipios', 'manual__2023-03-17T02:12:36.026787+00:00', '--job-id', '155', '--raw', '--subdir', 'DAGS_FOLDER/reto_tecnico_everst.py', '--cfg-path', '/tmp/tmpzw1ud4pk', '--error-file', '/tmp/tmpqcp5w3ws']
[2023-03-17 02:14:55,925] {standard_task_runner.py:80} INFO - Job 155: Subtask cruzar_base2_y_data_municipios
[2023-03-17 02:14:56,022] {task_command.py:369} INFO - Running <TaskInstance: reto_tecnico_everst.cruzar_base2_y_data_municipios manual__2023-03-17T02:12:36.026787+00:00 [running]> on host 7d9c3e4a2f58
[2023-03-17 02:14:56,248] {taskinstance.py:1571} INFO - Exporting the following env vars:
AIRFLOW_CTX_DAG_OWNER=***
AIRFLOW_CTX_DAG_ID=reto_tecnico_everst
AIRFLOW_CTX_TASK_ID=cruzar_base2_y_data_municipios
AIRFLOW_CTX_EXECUTION_DATE=2023-03-17T02:12:36.026787+00:00
AIRFLOW_CTX_TRY_NUMBER=1
AIRFLOW_CTX_DAG_RUN_ID=manual__2023-03-17T02:12:36.026787+00:00
[2023-03-17 02:14:56,395] {reto_tecnico_everst.py:111} INFO - Guardando la base del cruce de data_municipios y base_02 en formato parquet, path: dags/data/Analytics/base_3/History/base_3_20230317_02.14.parquet
[2023-03-17 02:14:56,458] {python.py:173} INFO - Done. Returned value was: None
[2023-03-17 02:14:56,474] {taskinstance.py:1400} INFO - Marking task as SUCCESS. dag_id=reto_tecnico_everst, task_id=cruzar_base2_y_data_municipios, execution_date=20230317T021236, start_date=20230317T021455, end_date=20230317T021456
[2023-03-17 02:14:56,538] {local_task_job.py:156} INFO - Task exited with return code 0
[2023-03-17 02:14:56,603] {local_task_job.py:273} INFO - 1 downstream tasks scheduled from follow-on schedule check
