[2023-03-17 18:00:39,820] {taskinstance.py:1159} INFO - Dependencies all met for <TaskInstance: reto_tecnico_everst.table_by_municipio scheduled__2023-03-17T17:00:00+00:00 [queued]>
[2023-03-17 18:00:39,830] {taskinstance.py:1159} INFO - Dependencies all met for <TaskInstance: reto_tecnico_everst.table_by_municipio scheduled__2023-03-17T17:00:00+00:00 [queued]>
[2023-03-17 18:00:39,831] {taskinstance.py:1356} INFO - 
--------------------------------------------------------------------------------
[2023-03-17 18:00:39,831] {taskinstance.py:1357} INFO - Starting attempt 1 of 1
[2023-03-17 18:00:39,832] {taskinstance.py:1358} INFO - 
--------------------------------------------------------------------------------
[2023-03-17 18:00:39,925] {taskinstance.py:1377} INFO - Executing <Task(PythonOperator): table_by_municipio> on 2023-03-17 17:00:00+00:00
[2023-03-17 18:00:39,933] {standard_task_runner.py:52} INFO - Started process 1875 to run task
[2023-03-17 18:00:39,936] {standard_task_runner.py:79} INFO - Running: ['***', 'tasks', 'run', 'reto_tecnico_everst', 'table_by_municipio', 'scheduled__2023-03-17T17:00:00+00:00', '--job-id', '220', '--raw', '--subdir', 'DAGS_FOLDER/reto_tecnico_everst.py', '--cfg-path', '/tmp/tmp53ctbjmo', '--error-file', '/tmp/tmp35rked7a']
[2023-03-17 18:00:39,937] {standard_task_runner.py:80} INFO - Job 220: Subtask table_by_municipio
[2023-03-17 18:00:40,137] {task_command.py:369} INFO - Running <TaskInstance: reto_tecnico_everst.table_by_municipio scheduled__2023-03-17T17:00:00+00:00 [running]> on host 7d9c3e4a2f58
[2023-03-17 18:00:40,528] {taskinstance.py:1571} INFO - Exporting the following env vars:
AIRFLOW_CTX_DAG_OWNER=***
AIRFLOW_CTX_DAG_ID=reto_tecnico_everst
AIRFLOW_CTX_TASK_ID=table_by_municipio
AIRFLOW_CTX_EXECUTION_DATE=2023-03-17T17:00:00+00:00
AIRFLOW_CTX_TRY_NUMBER=1
AIRFLOW_CTX_DAG_RUN_ID=scheduled__2023-03-17T17:00:00+00:00
[2023-03-17 18:00:40,542] {reto_tecnico_everst.py:55} INFO - Leyendo la base extraida del API
[2023-03-17 18:02:27,671] {reto_tecnico_everst.py:71} INFO - Guardando la base tabla por municipio en formato parquet, path: dags/data/Staging/base_2/base_20230317_18.02.parquet
[2023-03-17 18:02:28,163] {python.py:173} INFO - Done. Returned value was: None
[2023-03-17 18:02:28,177] {taskinstance.py:1400} INFO - Marking task as SUCCESS. dag_id=reto_tecnico_everst, task_id=table_by_municipio, execution_date=20230317T170000, start_date=20230317T180039, end_date=20230317T180228
[2023-03-17 18:02:28,290] {local_task_job.py:156} INFO - Task exited with return code 0
[2023-03-17 18:02:28,429] {local_task_job.py:273} INFO - 1 downstream tasks scheduled from follow-on schedule check
