[2023-03-17 04:00:25,003] {taskinstance.py:1159} INFO - Dependencies all met for <TaskInstance: reto_tecnico_everst.create_data_municipios scheduled__2023-03-17T03:00:00+00:00 [queued]>
[2023-03-17 04:00:25,015] {taskinstance.py:1159} INFO - Dependencies all met for <TaskInstance: reto_tecnico_everst.create_data_municipios scheduled__2023-03-17T03:00:00+00:00 [queued]>
[2023-03-17 04:00:25,016] {taskinstance.py:1356} INFO - 
--------------------------------------------------------------------------------
[2023-03-17 04:00:25,016] {taskinstance.py:1357} INFO - Starting attempt 1 of 1
[2023-03-17 04:00:25,017] {taskinstance.py:1358} INFO - 
--------------------------------------------------------------------------------
[2023-03-17 04:00:25,227] {taskinstance.py:1377} INFO - Executing <Task(PythonOperator): create_data_municipios> on 2023-03-17 03:00:00+00:00
[2023-03-17 04:00:25,236] {standard_task_runner.py:52} INFO - Started process 3231 to run task
[2023-03-17 04:00:25,240] {standard_task_runner.py:79} INFO - Running: ['***', 'tasks', 'run', 'reto_tecnico_everst', 'create_data_municipios', 'scheduled__2023-03-17T03:00:00+00:00', '--job-id', '163', '--raw', '--subdir', 'DAGS_FOLDER/reto_tecnico_everst.py', '--cfg-path', '/tmp/tmpr_nt7m1b', '--error-file', '/tmp/tmpgkthaz64']
[2023-03-17 04:00:25,241] {standard_task_runner.py:80} INFO - Job 163: Subtask create_data_municipios
[2023-03-17 04:00:25,338] {task_command.py:369} INFO - Running <TaskInstance: reto_tecnico_everst.create_data_municipios scheduled__2023-03-17T03:00:00+00:00 [running]> on host 7d9c3e4a2f58
[2023-03-17 04:00:25,556] {taskinstance.py:1571} INFO - Exporting the following env vars:
AIRFLOW_CTX_DAG_OWNER=***
AIRFLOW_CTX_DAG_ID=reto_tecnico_everst
AIRFLOW_CTX_TASK_ID=create_data_municipios
AIRFLOW_CTX_EXECUTION_DATE=2023-03-17T03:00:00+00:00
AIRFLOW_CTX_TRY_NUMBER=1
AIRFLOW_CTX_DAG_RUN_ID=scheduled__2023-03-17T03:00:00+00:00
[2023-03-17 04:00:30,647] {reto_tecnico_everst.py:94} INFO - Guardando la base data_municipios en formato parquet, path: dags/data/Raw/data_municipios/data_municipios_20230317_04.00.parquet
[2023-03-17 04:00:30,732] {python.py:173} INFO - Done. Returned value was: None
[2023-03-17 04:00:30,749] {taskinstance.py:1400} INFO - Marking task as SUCCESS. dag_id=reto_tecnico_everst, task_id=create_data_municipios, execution_date=20230317T030000, start_date=20230317T040025, end_date=20230317T040030
[2023-03-17 04:00:30,841] {local_task_job.py:156} INFO - Task exited with return code 0
[2023-03-17 04:00:30,901] {local_task_job.py:273} INFO - 0 downstream tasks scheduled from follow-on schedule check
