[2023-03-17 02:08:31,070] {taskinstance.py:1159} INFO - Dependencies all met for <TaskInstance: reto_tecnico_everst.create_data_municipios manual__2023-03-17T02:08:04.997003+00:00 [queued]>
[2023-03-17 02:08:31,081] {taskinstance.py:1159} INFO - Dependencies all met for <TaskInstance: reto_tecnico_everst.create_data_municipios manual__2023-03-17T02:08:04.997003+00:00 [queued]>
[2023-03-17 02:08:31,082] {taskinstance.py:1356} INFO - 
--------------------------------------------------------------------------------
[2023-03-17 02:08:31,082] {taskinstance.py:1357} INFO - Starting attempt 1 of 1
[2023-03-17 02:08:31,083] {taskinstance.py:1358} INFO - 
--------------------------------------------------------------------------------
[2023-03-17 02:08:31,130] {taskinstance.py:1377} INFO - Executing <Task(PythonOperator): create_data_municipios> on 2023-03-17 02:08:04.997003+00:00
[2023-03-17 02:08:31,147] {standard_task_runner.py:52} INFO - Started process 1836 to run task
[2023-03-17 02:08:31,153] {standard_task_runner.py:79} INFO - Running: ['***', 'tasks', 'run', 'reto_tecnico_everst', 'create_data_municipios', 'manual__2023-03-17T02:08:04.997003+00:00', '--job-id', '148', '--raw', '--subdir', 'DAGS_FOLDER/reto_tecnico_everst.py', '--cfg-path', '/tmp/tmpxke2y9p5', '--error-file', '/tmp/tmpq6sxtsat']
[2023-03-17 02:08:31,155] {standard_task_runner.py:80} INFO - Job 148: Subtask create_data_municipios
[2023-03-17 02:08:31,270] {task_command.py:369} INFO - Running <TaskInstance: reto_tecnico_everst.create_data_municipios manual__2023-03-17T02:08:04.997003+00:00 [running]> on host 7d9c3e4a2f58
[2023-03-17 02:08:31,490] {taskinstance.py:1571} INFO - Exporting the following env vars:
AIRFLOW_CTX_DAG_OWNER=***
AIRFLOW_CTX_DAG_ID=reto_tecnico_everst
AIRFLOW_CTX_TASK_ID=create_data_municipios
AIRFLOW_CTX_EXECUTION_DATE=2023-03-17T02:08:04.997003+00:00
AIRFLOW_CTX_TRY_NUMBER=1
AIRFLOW_CTX_DAG_RUN_ID=manual__2023-03-17T02:08:04.997003+00:00
[2023-03-17 02:08:36,578] {reto_tecnico_everst.py:94} INFO - Guardando la base data_municipios en formato parquet, path: dags/data/Raw/data_municipios/data_municipios_20230317_02.08.parquet
[2023-03-17 02:08:36,673] {python.py:173} INFO - Done. Returned value was: None
[2023-03-17 02:08:36,693] {taskinstance.py:1400} INFO - Marking task as SUCCESS. dag_id=reto_tecnico_everst, task_id=create_data_municipios, execution_date=20230317T020804, start_date=20230317T020831, end_date=20230317T020836
[2023-03-17 02:08:36,764] {local_task_job.py:156} INFO - Task exited with return code 0
[2023-03-17 02:08:36,878] {local_task_job.py:273} INFO - 0 downstream tasks scheduled from follow-on schedule check
