[2023-03-17 00:11:14,163] {taskinstance.py:1159} INFO - Dependencies all met for <TaskInstance: reto_tecnico_everst.create_current_base3_copy scheduled__2023-03-16T23:00:00+00:00 [queued]>
[2023-03-17 00:11:14,173] {taskinstance.py:1159} INFO - Dependencies all met for <TaskInstance: reto_tecnico_everst.create_current_base3_copy scheduled__2023-03-16T23:00:00+00:00 [queued]>
[2023-03-17 00:11:14,174] {taskinstance.py:1356} INFO - 
--------------------------------------------------------------------------------
[2023-03-17 00:11:14,174] {taskinstance.py:1357} INFO - Starting attempt 1 of 1
[2023-03-17 00:11:14,175] {taskinstance.py:1358} INFO - 
--------------------------------------------------------------------------------
[2023-03-17 00:11:14,274] {taskinstance.py:1377} INFO - Executing <Task(BashOperator): create_current_base3_copy> on 2023-03-16 23:00:00+00:00
[2023-03-17 00:11:14,281] {standard_task_runner.py:52} INFO - Started process 336 to run task
[2023-03-17 00:11:14,284] {standard_task_runner.py:79} INFO - Running: ['***', 'tasks', 'run', 'reto_tecnico_everst', 'create_current_base3_copy', 'scheduled__2023-03-16T23:00:00+00:00', '--job-id', '129', '--raw', '--subdir', 'DAGS_FOLDER/reto_tecnico_everst.py', '--cfg-path', '/tmp/tmphhrp5yrw', '--error-file', '/tmp/tmpi8iqhfre']
[2023-03-17 00:11:14,285] {standard_task_runner.py:80} INFO - Job 129: Subtask create_current_base3_copy
[2023-03-17 00:11:14,373] {task_command.py:369} INFO - Running <TaskInstance: reto_tecnico_everst.create_current_base3_copy scheduled__2023-03-16T23:00:00+00:00 [running]> on host 7d9c3e4a2f58
[2023-03-17 00:11:14,633] {taskinstance.py:1571} INFO - Exporting the following env vars:
AIRFLOW_CTX_DAG_OWNER=***
AIRFLOW_CTX_DAG_ID=reto_tecnico_everst
AIRFLOW_CTX_TASK_ID=create_current_base3_copy
AIRFLOW_CTX_EXECUTION_DATE=2023-03-16T23:00:00+00:00
AIRFLOW_CTX_TRY_NUMBER=1
AIRFLOW_CTX_DAG_RUN_ID=scheduled__2023-03-16T23:00:00+00:00
[2023-03-17 00:11:14,634] {subprocess.py:62} INFO - Tmp dir root location: 
 /tmp
[2023-03-17 00:11:14,635] {subprocess.py:74} INFO - Running command: ['bash', '-c', 'cp /opt/***/dags/data/Analytics/base_3/History/base_3_20230317_00.11.parquet /opt/***/dags/data/Analytics/base_3/base_3_current.parquet']
[2023-03-17 00:11:14,644] {subprocess.py:85} INFO - Output:
[2023-03-17 00:11:14,681] {subprocess.py:96} INFO - Command exited with return code 0
[2023-03-17 00:11:14,848] {taskinstance.py:1400} INFO - Marking task as SUCCESS. dag_id=reto_tecnico_everst, task_id=create_current_base3_copy, execution_date=20230316T230000, start_date=20230317T001114, end_date=20230317T001114
[2023-03-17 00:11:14,938] {local_task_job.py:156} INFO - Task exited with return code 0
[2023-03-17 00:11:15,079] {local_task_job.py:273} INFO - 0 downstream tasks scheduled from follow-on schedule check
