[2023-03-17 22:00:01,834] {taskinstance.py:1159} INFO - Dependencies all met for <TaskInstance: reto_tecnico_everst.get_last_data_municipios scheduled__2023-03-17T21:00:00+00:00 [queued]>
[2023-03-17 22:00:01,846] {taskinstance.py:1159} INFO - Dependencies all met for <TaskInstance: reto_tecnico_everst.get_last_data_municipios scheduled__2023-03-17T21:00:00+00:00 [queued]>
[2023-03-17 22:00:01,846] {taskinstance.py:1356} INFO - 
--------------------------------------------------------------------------------
[2023-03-17 22:00:01,847] {taskinstance.py:1357} INFO - Starting attempt 1 of 1
[2023-03-17 22:00:01,848] {taskinstance.py:1358} INFO - 
--------------------------------------------------------------------------------
[2023-03-17 22:00:01,910] {taskinstance.py:1377} INFO - Executing <Task(PythonOperator): get_last_data_municipios> on 2023-03-17 21:00:00+00:00
[2023-03-17 22:00:01,915] {standard_task_runner.py:52} INFO - Started process 307 to run task
[2023-03-17 22:00:01,929] {standard_task_runner.py:79} INFO - Running: ['***', 'tasks', 'run', 'reto_tecnico_everst', 'get_last_data_municipios', 'scheduled__2023-03-17T21:00:00+00:00', '--job-id', '10', '--raw', '--subdir', 'DAGS_FOLDER/reto_tecnico_everst.py', '--cfg-path', '/tmp/tmpqn1rhjc2', '--error-file', '/tmp/tmpr6w0049m']
[2023-03-17 22:00:01,930] {standard_task_runner.py:80} INFO - Job 10: Subtask get_last_data_municipios
[2023-03-17 22:00:02,118] {task_command.py:369} INFO - Running <TaskInstance: reto_tecnico_everst.get_last_data_municipios scheduled__2023-03-17T21:00:00+00:00 [running]> on host 8b817a59af06
[2023-03-17 22:00:02,349] {taskinstance.py:1571} INFO - Exporting the following env vars:
AIRFLOW_CTX_DAG_OWNER=***
AIRFLOW_CTX_DAG_ID=reto_tecnico_everst
AIRFLOW_CTX_TASK_ID=get_last_data_municipios
AIRFLOW_CTX_EXECUTION_DATE=2023-03-17T21:00:00+00:00
AIRFLOW_CTX_TRY_NUMBER=1
AIRFLOW_CTX_DAG_RUN_ID=scheduled__2023-03-17T21:00:00+00:00
[2023-03-17 22:00:02,468] {reto_tecnico_everst.py:86} INFO - Generando el path del archivo mas reciente de data_municipios: data/Raw/data_municipios/20220503/data.csv
[2023-03-17 22:00:02,469] {python.py:173} INFO - Done. Returned value was: None
[2023-03-17 22:00:02,484] {taskinstance.py:1400} INFO - Marking task as SUCCESS. dag_id=reto_tecnico_everst, task_id=get_last_data_municipios, execution_date=20230317T210000, start_date=20230317T220001, end_date=20230317T220002
[2023-03-17 22:00:02,574] {local_task_job.py:156} INFO - Task exited with return code 0
[2023-03-17 22:00:02,643] {local_task_job.py:273} INFO - 0 downstream tasks scheduled from follow-on schedule check
