[2023-03-17 23:00:22,061] {taskinstance.py:1159} INFO - Dependencies all met for <TaskInstance: reto_tecnico_everst.table_by_municipio scheduled__2023-03-17T22:00:00+00:00 [queued]>
[2023-03-17 23:00:22,071] {taskinstance.py:1159} INFO - Dependencies all met for <TaskInstance: reto_tecnico_everst.table_by_municipio scheduled__2023-03-17T22:00:00+00:00 [queued]>
[2023-03-17 23:00:22,072] {taskinstance.py:1356} INFO - 
--------------------------------------------------------------------------------
[2023-03-17 23:00:22,073] {taskinstance.py:1357} INFO - Starting attempt 1 of 1
[2023-03-17 23:00:22,073] {taskinstance.py:1358} INFO - 
--------------------------------------------------------------------------------
[2023-03-17 23:00:22,179] {taskinstance.py:1377} INFO - Executing <Task(PythonOperator): table_by_municipio> on 2023-03-17 22:00:00+00:00
[2023-03-17 23:00:22,188] {standard_task_runner.py:52} INFO - Started process 575 to run task
[2023-03-17 23:00:22,190] {standard_task_runner.py:79} INFO - Running: ['***', 'tasks', 'run', 'reto_tecnico_everst', 'table_by_municipio', 'scheduled__2023-03-17T22:00:00+00:00', '--job-id', '29', '--raw', '--subdir', 'DAGS_FOLDER/reto_tecnico_everst.py', '--cfg-path', '/tmp/tmpt8jnozh3', '--error-file', '/tmp/tmpbro2ac_5']
[2023-03-17 23:00:22,192] {standard_task_runner.py:80} INFO - Job 29: Subtask table_by_municipio
[2023-03-17 23:00:22,302] {task_command.py:369} INFO - Running <TaskInstance: reto_tecnico_everst.table_by_municipio scheduled__2023-03-17T22:00:00+00:00 [running]> on host 8b817a59af06
[2023-03-17 23:00:22,519] {taskinstance.py:1571} INFO - Exporting the following env vars:
AIRFLOW_CTX_DAG_OWNER=***
AIRFLOW_CTX_DAG_ID=reto_tecnico_everst
AIRFLOW_CTX_TASK_ID=table_by_municipio
AIRFLOW_CTX_EXECUTION_DATE=2023-03-17T22:00:00+00:00
AIRFLOW_CTX_TRY_NUMBER=1
AIRFLOW_CTX_DAG_RUN_ID=scheduled__2023-03-17T22:00:00+00:00
[2023-03-17 23:00:22,535] {reto_tecnico_everst.py:55} INFO - Leyendo la base extraida del API
[2023-03-17 23:00:25,717] {reto_tecnico_everst.py:62} INFO - Formateando los tipos de datos en el DataFrame.
[2023-03-17 23:00:25,741] {logging_mixin.py:115} WARNING - /opt/***/dags/reto_tecnico_everst.py:63 SettingWithCopyWarning: 
A value is trying to be set on a copy of a slice from a DataFrame.
Try using .loc[row_indexer,col_indexer] = value instead

See the caveats in the documentation: https://pandas.pydata.org/pandas-docs/stable/user_guide/indexing.html#returning-a-view-versus-a-copy
[2023-03-17 23:00:25,748] {logging_mixin.py:115} WARNING - /opt/***/dags/reto_tecnico_everst.py:64 SettingWithCopyWarning: 
A value is trying to be set on a copy of a slice from a DataFrame.
Try using .loc[row_indexer,col_indexer] = value instead

See the caveats in the documentation: https://pandas.pydata.org/pandas-docs/stable/user_guide/indexing.html#returning-a-view-versus-a-copy
[2023-03-17 23:00:25,756] {logging_mixin.py:115} WARNING - /opt/***/dags/reto_tecnico_everst.py:65 SettingWithCopyWarning: 
A value is trying to be set on a copy of a slice from a DataFrame.
Try using .loc[row_indexer,col_indexer] = value instead

See the caveats in the documentation: https://pandas.pydata.org/pandas-docs/stable/user_guide/indexing.html#returning-a-view-versus-a-copy
[2023-03-17 23:00:25,762] {logging_mixin.py:115} WARNING - /opt/***/dags/reto_tecnico_everst.py:66 SettingWithCopyWarning: 
A value is trying to be set on a copy of a slice from a DataFrame.
Try using .loc[row_indexer,col_indexer] = value instead

See the caveats in the documentation: https://pandas.pydata.org/pandas-docs/stable/user_guide/indexing.html#returning-a-view-versus-a-copy
[2023-03-17 23:00:25,763] {reto_tecnico_everst.py:67} INFO - Creando el promedio de temperatura y precipitación de las últimas dos horas.
[2023-03-17 23:00:25,766] {logging_mixin.py:115} WARNING - /opt/***/dags/reto_tecnico_everst.py:68 FutureWarning: Indexing with multiple keys (implicitly converted to a tuple of keys) will be deprecated, use a list instead.
[2023-03-17 23:00:25,837] {reto_tecnico_everst.py:73} INFO - Guardando la base tabla por municipio en formato parquet, path: data/Staging/base_2/base_20230317_23.00.parquet
[2023-03-17 23:00:26,387] {python.py:173} INFO - Done. Returned value was: None
[2023-03-17 23:00:26,402] {taskinstance.py:1400} INFO - Marking task as SUCCESS. dag_id=reto_tecnico_everst, task_id=table_by_municipio, execution_date=20230317T220000, start_date=20230317T230022, end_date=20230317T230026
[2023-03-17 23:00:26,503] {local_task_job.py:156} INFO - Task exited with return code 0
[2023-03-17 23:00:26,604] {local_task_job.py:273} INFO - 1 downstream tasks scheduled from follow-on schedule check
