[2023-03-17 21:06:08,285] {taskinstance.py:1159} INFO - Dependencies all met for <TaskInstance: reto_tecnico_everst.cruzar_base2_datamunicipios manual__2023-03-17T21:05:32.595648+00:00 [queued]>
[2023-03-17 21:06:08,295] {taskinstance.py:1159} INFO - Dependencies all met for <TaskInstance: reto_tecnico_everst.cruzar_base2_datamunicipios manual__2023-03-17T21:05:32.595648+00:00 [queued]>
[2023-03-17 21:06:08,296] {taskinstance.py:1356} INFO - 
--------------------------------------------------------------------------------
[2023-03-17 21:06:08,296] {taskinstance.py:1357} INFO - Starting attempt 1 of 1
[2023-03-17 21:06:08,308] {taskinstance.py:1358} INFO - 
--------------------------------------------------------------------------------
[2023-03-17 21:06:08,401] {taskinstance.py:1377} INFO - Executing <Task(PythonOperator): cruzar_base2_datamunicipios> on 2023-03-17 21:05:32.595648+00:00
[2023-03-17 21:06:08,407] {standard_task_runner.py:52} INFO - Started process 4721 to run task
[2023-03-17 21:06:08,410] {standard_task_runner.py:79} INFO - Running: ['***', 'tasks', 'run', 'reto_tecnico_everst', 'cruzar_base2_datamunicipios', 'manual__2023-03-17T21:05:32.595648+00:00', '--job-id', '257', '--raw', '--subdir', 'DAGS_FOLDER/reto_tecnico_everst.py', '--cfg-path', '/tmp/tmpl5jgv5fl', '--error-file', '/tmp/tmp0cu4qx1_']
[2023-03-17 21:06:08,411] {standard_task_runner.py:80} INFO - Job 257: Subtask cruzar_base2_datamunicipios
[2023-03-17 21:06:08,507] {task_command.py:369} INFO - Running <TaskInstance: reto_tecnico_everst.cruzar_base2_datamunicipios manual__2023-03-17T21:05:32.595648+00:00 [running]> on host 7d9c3e4a2f58
[2023-03-17 21:06:08,829] {taskinstance.py:1571} INFO - Exporting the following env vars:
AIRFLOW_CTX_DAG_OWNER=***
AIRFLOW_CTX_DAG_ID=reto_tecnico_everst
AIRFLOW_CTX_TASK_ID=cruzar_base2_datamunicipios
AIRFLOW_CTX_EXECUTION_DATE=2023-03-17T21:05:32.595648+00:00
AIRFLOW_CTX_TRY_NUMBER=1
AIRFLOW_CTX_DAG_RUN_ID=manual__2023-03-17T21:05:32.595648+00:00
[2023-03-17 21:06:08,984] {reto_tecnico_everst.py:104} INFO - Guardando la base del cruce de data_municipios y base_02 en formato parquet, path: dags/data/Analytics/base_3/History/base_3_20230317_21.06.parquet
[2023-03-17 21:06:09,021] {python.py:173} INFO - Done. Returned value was: None
[2023-03-17 21:06:09,036] {taskinstance.py:1400} INFO - Marking task as SUCCESS. dag_id=reto_tecnico_everst, task_id=cruzar_base2_datamunicipios, execution_date=20230317T210532, start_date=20230317T210608, end_date=20230317T210609
[2023-03-17 21:06:09,146] {local_task_job.py:156} INFO - Task exited with return code 0
[2023-03-17 21:06:09,303] {local_task_job.py:273} INFO - 1 downstream tasks scheduled from follow-on schedule check
