[2023-03-17 21:06:02,307] {taskinstance.py:1159} INFO - Dependencies all met for <TaskInstance: reto_tecnico_everst.table_by_municipio manual__2023-03-17T21:05:32.595648+00:00 [queued]>
[2023-03-17 21:06:02,316] {taskinstance.py:1159} INFO - Dependencies all met for <TaskInstance: reto_tecnico_everst.table_by_municipio manual__2023-03-17T21:05:32.595648+00:00 [queued]>
[2023-03-17 21:06:02,317] {taskinstance.py:1356} INFO - 
--------------------------------------------------------------------------------
[2023-03-17 21:06:02,319] {taskinstance.py:1357} INFO - Starting attempt 1 of 1
[2023-03-17 21:06:02,320] {taskinstance.py:1358} INFO - 
--------------------------------------------------------------------------------
[2023-03-17 21:06:02,376] {taskinstance.py:1377} INFO - Executing <Task(PythonOperator): table_by_municipio> on 2023-03-17 21:05:32.595648+00:00
[2023-03-17 21:06:02,381] {standard_task_runner.py:52} INFO - Started process 4714 to run task
[2023-03-17 21:06:02,385] {standard_task_runner.py:79} INFO - Running: ['***', 'tasks', 'run', 'reto_tecnico_everst', 'table_by_municipio', 'manual__2023-03-17T21:05:32.595648+00:00', '--job-id', '256', '--raw', '--subdir', 'DAGS_FOLDER/reto_tecnico_everst.py', '--cfg-path', '/tmp/tmp5u8_p92u', '--error-file', '/tmp/tmpdy3b4vxy']
[2023-03-17 21:06:02,387] {standard_task_runner.py:80} INFO - Job 256: Subtask table_by_municipio
[2023-03-17 21:06:02,559] {task_command.py:369} INFO - Running <TaskInstance: reto_tecnico_everst.table_by_municipio manual__2023-03-17T21:05:32.595648+00:00 [running]> on host 7d9c3e4a2f58
[2023-03-17 21:06:02,796] {taskinstance.py:1571} INFO - Exporting the following env vars:
AIRFLOW_CTX_DAG_OWNER=***
AIRFLOW_CTX_DAG_ID=reto_tecnico_everst
AIRFLOW_CTX_TASK_ID=table_by_municipio
AIRFLOW_CTX_EXECUTION_DATE=2023-03-17T21:05:32.595648+00:00
AIRFLOW_CTX_TRY_NUMBER=1
AIRFLOW_CTX_DAG_RUN_ID=manual__2023-03-17T21:05:32.595648+00:00
[2023-03-17 21:06:02,809] {reto_tecnico_everst.py:57} INFO - Leyendo la base extraida del API
[2023-03-17 21:06:06,056] {reto_tecnico_everst.py:64} INFO - Formateando los tipos de datos en el DataFrame.
[2023-03-17 21:06:06,077] {logging_mixin.py:115} WARNING - /opt/***/dags/reto_tecnico_everst.py:65 SettingWithCopyWarning: 
A value is trying to be set on a copy of a slice from a DataFrame.
Try using .loc[row_indexer,col_indexer] = value instead

See the caveats in the documentation: https://pandas.pydata.org/pandas-docs/stable/user_guide/indexing.html#returning-a-view-versus-a-copy
[2023-03-17 21:06:06,087] {logging_mixin.py:115} WARNING - /opt/***/dags/reto_tecnico_everst.py:66 SettingWithCopyWarning: 
A value is trying to be set on a copy of a slice from a DataFrame.
Try using .loc[row_indexer,col_indexer] = value instead

See the caveats in the documentation: https://pandas.pydata.org/pandas-docs/stable/user_guide/indexing.html#returning-a-view-versus-a-copy
[2023-03-17 21:06:06,094] {logging_mixin.py:115} WARNING - /opt/***/dags/reto_tecnico_everst.py:67 SettingWithCopyWarning: 
A value is trying to be set on a copy of a slice from a DataFrame.
Try using .loc[row_indexer,col_indexer] = value instead

See the caveats in the documentation: https://pandas.pydata.org/pandas-docs/stable/user_guide/indexing.html#returning-a-view-versus-a-copy
[2023-03-17 21:06:06,102] {logging_mixin.py:115} WARNING - /opt/***/dags/reto_tecnico_everst.py:68 SettingWithCopyWarning: 
A value is trying to be set on a copy of a slice from a DataFrame.
Try using .loc[row_indexer,col_indexer] = value instead

See the caveats in the documentation: https://pandas.pydata.org/pandas-docs/stable/user_guide/indexing.html#returning-a-view-versus-a-copy
[2023-03-17 21:06:06,103] {reto_tecnico_everst.py:69} INFO - Creando el promedio de temperatura y precipitación de las últimas dos horas.
[2023-03-17 21:06:06,106] {logging_mixin.py:115} WARNING - /opt/***/dags/reto_tecnico_everst.py:70 FutureWarning: Indexing with multiple keys (implicitly converted to a tuple of keys) will be deprecated, use a list instead.
[2023-03-17 21:06:06,191] {reto_tecnico_everst.py:75} INFO - Guardando la base tabla por municipio en formato parquet, path: dags/data/Staging/base_2/base_20230317_21.06.parquet
[2023-03-17 21:06:06,640] {python.py:173} INFO - Done. Returned value was: None
[2023-03-17 21:06:06,653] {taskinstance.py:1400} INFO - Marking task as SUCCESS. dag_id=reto_tecnico_everst, task_id=table_by_municipio, execution_date=20230317T210532, start_date=20230317T210602, end_date=20230317T210606
[2023-03-17 21:06:06,777] {local_task_job.py:156} INFO - Task exited with return code 0
[2023-03-17 21:06:06,858] {local_task_job.py:273} INFO - 1 downstream tasks scheduled from follow-on schedule check
