[2023-03-17 01:44:44,984] {taskinstance.py:1159} INFO - Dependencies all met for <TaskInstance: reto_tecnico_everst.create_data_municipios manual__2023-03-17T01:44:22.642777+00:00 [queued]>
[2023-03-17 01:44:44,996] {taskinstance.py:1159} INFO - Dependencies all met for <TaskInstance: reto_tecnico_everst.create_data_municipios manual__2023-03-17T01:44:22.642777+00:00 [queued]>
[2023-03-17 01:44:44,997] {taskinstance.py:1356} INFO - 
--------------------------------------------------------------------------------
[2023-03-17 01:44:44,998] {taskinstance.py:1357} INFO - Starting attempt 1 of 1
[2023-03-17 01:44:44,998] {taskinstance.py:1358} INFO - 
--------------------------------------------------------------------------------
[2023-03-17 01:44:45,248] {taskinstance.py:1377} INFO - Executing <Task(PythonOperator): create_data_municipios> on 2023-03-17 01:44:22.642777+00:00
[2023-03-17 01:44:45,257] {standard_task_runner.py:52} INFO - Started process 1463 to run task
[2023-03-17 01:44:45,260] {standard_task_runner.py:79} INFO - Running: ['***', 'tasks', 'run', 'reto_tecnico_everst', 'create_data_municipios', 'manual__2023-03-17T01:44:22.642777+00:00', '--job-id', '139', '--raw', '--subdir', 'DAGS_FOLDER/reto_tecnico_everst.py', '--cfg-path', '/tmp/tmpx4m9f8zh', '--error-file', '/tmp/tmpe3ylceqm']
[2023-03-17 01:44:45,262] {standard_task_runner.py:80} INFO - Job 139: Subtask create_data_municipios
[2023-03-17 01:44:45,361] {task_command.py:369} INFO - Running <TaskInstance: reto_tecnico_everst.create_data_municipios manual__2023-03-17T01:44:22.642777+00:00 [running]> on host 7d9c3e4a2f58
[2023-03-17 01:44:45,570] {taskinstance.py:1571} INFO - Exporting the following env vars:
AIRFLOW_CTX_DAG_OWNER=***
AIRFLOW_CTX_DAG_ID=reto_tecnico_everst
AIRFLOW_CTX_TASK_ID=create_data_municipios
AIRFLOW_CTX_EXECUTION_DATE=2023-03-17T01:44:22.642777+00:00
AIRFLOW_CTX_TRY_NUMBER=1
AIRFLOW_CTX_DAG_RUN_ID=manual__2023-03-17T01:44:22.642777+00:00
[2023-03-17 01:44:50,664] {reto_tecnico_everst.py:93} INFO - Guardando la base data_municipios en formato parquet, path: dags/data/Raw/data_municipios/data_municipios_20230317_01.44.parquet
[2023-03-17 01:44:50,723] {python.py:173} INFO - Done. Returned value was: None
[2023-03-17 01:44:50,741] {taskinstance.py:1400} INFO - Marking task as SUCCESS. dag_id=reto_tecnico_everst, task_id=create_data_municipios, execution_date=20230317T014422, start_date=20230317T014444, end_date=20230317T014450
[2023-03-17 01:44:50,799] {local_task_job.py:156} INFO - Task exited with return code 0
[2023-03-17 01:44:50,864] {local_task_job.py:273} INFO - 0 downstream tasks scheduled from follow-on schedule check
