[2023-03-17 20:49:56,931] {taskinstance.py:1159} INFO - Dependencies all met for <TaskInstance: reto_tecnico_everst.download_data manual__2023-03-17T20:49:54.810410+00:00 [queued]>
[2023-03-17 20:49:56,945] {taskinstance.py:1159} INFO - Dependencies all met for <TaskInstance: reto_tecnico_everst.download_data manual__2023-03-17T20:49:54.810410+00:00 [queued]>
[2023-03-17 20:49:56,946] {taskinstance.py:1356} INFO - 
--------------------------------------------------------------------------------
[2023-03-17 20:49:56,946] {taskinstance.py:1357} INFO - Starting attempt 1 of 1
[2023-03-17 20:49:56,947] {taskinstance.py:1358} INFO - 
--------------------------------------------------------------------------------
[2023-03-17 20:49:57,142] {taskinstance.py:1377} INFO - Executing <Task(PythonOperator): download_data> on 2023-03-17 20:49:54.810410+00:00
[2023-03-17 20:49:57,150] {standard_task_runner.py:52} INFO - Started process 4365 to run task
[2023-03-17 20:49:57,154] {standard_task_runner.py:79} INFO - Running: ['***', 'tasks', 'run', 'reto_tecnico_everst', 'download_data', 'manual__2023-03-17T20:49:54.810410+00:00', '--job-id', '231', '--raw', '--subdir', 'DAGS_FOLDER/reto_tecnico_everst.py', '--cfg-path', '/tmp/tmpklbgwfx7', '--error-file', '/tmp/tmpl6hol9x7']
[2023-03-17 20:49:57,155] {standard_task_runner.py:80} INFO - Job 231: Subtask download_data
[2023-03-17 20:49:57,241] {task_command.py:369} INFO - Running <TaskInstance: reto_tecnico_everst.download_data manual__2023-03-17T20:49:54.810410+00:00 [running]> on host 7d9c3e4a2f58
[2023-03-17 20:49:57,438] {taskinstance.py:1571} INFO - Exporting the following env vars:
AIRFLOW_CTX_DAG_OWNER=***
AIRFLOW_CTX_DAG_ID=reto_tecnico_everst
AIRFLOW_CTX_TASK_ID=download_data
AIRFLOW_CTX_EXECUTION_DATE=2023-03-17T20:49:54.810410+00:00
AIRFLOW_CTX_TRY_NUMBER=1
AIRFLOW_CTX_DAG_RUN_ID=manual__2023-03-17T20:49:54.810410+00:00
[2023-03-17 20:50:01,224] {reto_tecnico_everst.py:41} INFO - Generando descarga del GZ
[2023-03-17 20:50:04,601] {reto_tecnico_everst.py:48} INFO - Guardando la base generada desde el API, path: dags/data/Raw/base_api/base_20230317_20.50.json
[2023-03-17 20:50:16,159] {python.py:173} INFO - Done. Returned value was: None
[2023-03-17 20:50:16,172] {taskinstance.py:1400} INFO - Marking task as SUCCESS. dag_id=reto_tecnico_everst, task_id=download_data, execution_date=20230317T204954, start_date=20230317T204956, end_date=20230317T205016
[2023-03-17 20:50:16,247] {local_task_job.py:156} INFO - Task exited with return code 0
[2023-03-17 20:50:16,308] {local_task_job.py:273} INFO - 1 downstream tasks scheduled from follow-on schedule check
