[2023-03-17 15:47:13,643] {taskinstance.py:1159} INFO - Dependencies all met for <TaskInstance: reto_tecnico_everst.download_data scheduled__2023-03-17T04:00:00+00:00 [queued]>
[2023-03-17 15:47:13,657] {taskinstance.py:1159} INFO - Dependencies all met for <TaskInstance: reto_tecnico_everst.download_data scheduled__2023-03-17T04:00:00+00:00 [queued]>
[2023-03-17 15:47:13,658] {taskinstance.py:1356} INFO - 
--------------------------------------------------------------------------------
[2023-03-17 15:47:13,659] {taskinstance.py:1357} INFO - Starting attempt 1 of 1
[2023-03-17 15:47:13,660] {taskinstance.py:1358} INFO - 
--------------------------------------------------------------------------------
[2023-03-17 15:47:13,714] {taskinstance.py:1377} INFO - Executing <Task(PythonOperator): download_data> on 2023-03-17 04:00:00+00:00
[2023-03-17 15:47:13,726] {standard_task_runner.py:52} INFO - Started process 186 to run task
[2023-03-17 15:47:13,743] {standard_task_runner.py:79} INFO - Running: ['***', 'tasks', 'run', 'reto_tecnico_everst', 'download_data', 'scheduled__2023-03-17T04:00:00+00:00', '--job-id', '199', '--raw', '--subdir', 'DAGS_FOLDER/reto_tecnico_everst.py', '--cfg-path', '/tmp/tmpox4ggi8u', '--error-file', '/tmp/tmp8eimhs50']
[2023-03-17 15:47:13,745] {standard_task_runner.py:80} INFO - Job 199: Subtask download_data
[2023-03-17 15:47:13,975] {task_command.py:369} INFO - Running <TaskInstance: reto_tecnico_everst.download_data scheduled__2023-03-17T04:00:00+00:00 [running]> on host 7d9c3e4a2f58
[2023-03-17 15:47:14,369] {taskinstance.py:1571} INFO - Exporting the following env vars:
AIRFLOW_CTX_DAG_OWNER=***
AIRFLOW_CTX_DAG_ID=reto_tecnico_everst
AIRFLOW_CTX_TASK_ID=download_data
AIRFLOW_CTX_EXECUTION_DATE=2023-03-17T04:00:00+00:00
AIRFLOW_CTX_TRY_NUMBER=1
AIRFLOW_CTX_DAG_RUN_ID=scheduled__2023-03-17T04:00:00+00:00
[2023-03-17 15:47:20,034] {reto_tecnico_everst.py:39} INFO - Generando descarga del GZ
[2023-03-17 15:47:24,665] {reto_tecnico_everst.py:46} INFO - Guardando la base generada desde el API, path: dags/data/Raw/base_api/base_20230317_15.47.json
[2023-03-17 15:47:36,137] {python.py:173} INFO - Done. Returned value was: None
[2023-03-17 15:47:36,152] {taskinstance.py:1400} INFO - Marking task as SUCCESS. dag_id=reto_tecnico_everst, task_id=download_data, execution_date=20230317T040000, start_date=20230317T154713, end_date=20230317T154736
[2023-03-17 15:47:36,284] {local_task_job.py:156} INFO - Task exited with return code 0
[2023-03-17 15:47:36,454] {local_task_job.py:273} INFO - 2 downstream tasks scheduled from follow-on schedule check
