[2023-03-17 18:00:40,140] {taskinstance.py:1159} INFO - Dependencies all met for <TaskInstance: reto_tecnico_everst.create_data_municipios scheduled__2023-03-17T17:00:00+00:00 [queued]>
[2023-03-17 18:00:40,150] {taskinstance.py:1159} INFO - Dependencies all met for <TaskInstance: reto_tecnico_everst.create_data_municipios scheduled__2023-03-17T17:00:00+00:00 [queued]>
[2023-03-17 18:00:40,150] {taskinstance.py:1356} INFO - 
--------------------------------------------------------------------------------
[2023-03-17 18:00:40,151] {taskinstance.py:1357} INFO - Starting attempt 1 of 1
[2023-03-17 18:00:40,151] {taskinstance.py:1358} INFO - 
--------------------------------------------------------------------------------
[2023-03-17 18:00:40,316] {taskinstance.py:1377} INFO - Executing <Task(PythonOperator): create_data_municipios> on 2023-03-17 17:00:00+00:00
[2023-03-17 18:00:40,323] {standard_task_runner.py:52} INFO - Started process 1876 to run task
[2023-03-17 18:00:40,329] {standard_task_runner.py:79} INFO - Running: ['***', 'tasks', 'run', 'reto_tecnico_everst', 'create_data_municipios', 'scheduled__2023-03-17T17:00:00+00:00', '--job-id', '221', '--raw', '--subdir', 'DAGS_FOLDER/reto_tecnico_everst.py', '--cfg-path', '/tmp/tmptt8l4qii', '--error-file', '/tmp/tmpx83t5ahh']
[2023-03-17 18:00:40,330] {standard_task_runner.py:80} INFO - Job 221: Subtask create_data_municipios
[2023-03-17 18:00:40,436] {task_command.py:369} INFO - Running <TaskInstance: reto_tecnico_everst.create_data_municipios scheduled__2023-03-17T17:00:00+00:00 [running]> on host 7d9c3e4a2f58
[2023-03-17 18:00:40,638] {taskinstance.py:1571} INFO - Exporting the following env vars:
AIRFLOW_CTX_DAG_OWNER=***
AIRFLOW_CTX_DAG_ID=reto_tecnico_everst
AIRFLOW_CTX_TASK_ID=create_data_municipios
AIRFLOW_CTX_EXECUTION_DATE=2023-03-17T17:00:00+00:00
AIRFLOW_CTX_TRY_NUMBER=1
AIRFLOW_CTX_DAG_RUN_ID=scheduled__2023-03-17T17:00:00+00:00
[2023-03-17 18:00:45,782] {reto_tecnico_everst.py:94} INFO - Guardando la base data_municipios en formato parquet, path: dags/data/Raw/data_municipios/data_municipios_20230317_18.00.parquet
[2023-03-17 18:00:45,902] {python.py:173} INFO - Done. Returned value was: None
[2023-03-17 18:00:45,922] {taskinstance.py:1400} INFO - Marking task as SUCCESS. dag_id=reto_tecnico_everst, task_id=create_data_municipios, execution_date=20230317T170000, start_date=20230317T180040, end_date=20230317T180045
[2023-03-17 18:00:45,980] {local_task_job.py:156} INFO - Task exited with return code 0
[2023-03-17 18:00:46,107] {local_task_job.py:273} INFO - 0 downstream tasks scheduled from follow-on schedule check
