[2023-03-17 15:50:10,307] {taskinstance.py:1159} INFO - Dependencies all met for <TaskInstance: reto_tecnico_everst.create_data_municipios scheduled__2023-03-17T14:00:00+00:00 [queued]>
[2023-03-17 15:50:10,318] {taskinstance.py:1159} INFO - Dependencies all met for <TaskInstance: reto_tecnico_everst.create_data_municipios scheduled__2023-03-17T14:00:00+00:00 [queued]>
[2023-03-17 15:50:10,319] {taskinstance.py:1356} INFO - 
--------------------------------------------------------------------------------
[2023-03-17 15:50:10,320] {taskinstance.py:1357} INFO - Starting attempt 1 of 1
[2023-03-17 15:50:10,320] {taskinstance.py:1358} INFO - 
--------------------------------------------------------------------------------
[2023-03-17 15:50:10,472] {taskinstance.py:1377} INFO - Executing <Task(PythonOperator): create_data_municipios> on 2023-03-17 14:00:00+00:00
[2023-03-17 15:50:10,520] {standard_task_runner.py:52} INFO - Started process 265 to run task
[2023-03-17 15:50:10,523] {standard_task_runner.py:79} INFO - Running: ['***', 'tasks', 'run', 'reto_tecnico_everst', 'create_data_municipios', 'scheduled__2023-03-17T14:00:00+00:00', '--job-id', '206', '--raw', '--subdir', 'DAGS_FOLDER/reto_tecnico_everst.py', '--cfg-path', '/tmp/tmpxxe3i5e7', '--error-file', '/tmp/tmpstfgq72w']
[2023-03-17 15:50:10,524] {standard_task_runner.py:80} INFO - Job 206: Subtask create_data_municipios
[2023-03-17 15:50:10,680] {task_command.py:369} INFO - Running <TaskInstance: reto_tecnico_everst.create_data_municipios scheduled__2023-03-17T14:00:00+00:00 [running]> on host 7d9c3e4a2f58
[2023-03-17 15:50:11,062] {taskinstance.py:1571} INFO - Exporting the following env vars:
AIRFLOW_CTX_DAG_OWNER=***
AIRFLOW_CTX_DAG_ID=reto_tecnico_everst
AIRFLOW_CTX_TASK_ID=create_data_municipios
AIRFLOW_CTX_EXECUTION_DATE=2023-03-17T14:00:00+00:00
AIRFLOW_CTX_TRY_NUMBER=1
AIRFLOW_CTX_DAG_RUN_ID=scheduled__2023-03-17T14:00:00+00:00
[2023-03-17 15:50:16,181] {reto_tecnico_everst.py:94} INFO - Guardando la base data_municipios en formato parquet, path: dags/data/Raw/data_municipios/data_municipios_20230317_15.50.parquet
[2023-03-17 15:50:16,313] {python.py:173} INFO - Done. Returned value was: None
[2023-03-17 15:50:16,331] {taskinstance.py:1400} INFO - Marking task as SUCCESS. dag_id=reto_tecnico_everst, task_id=create_data_municipios, execution_date=20230317T140000, start_date=20230317T155010, end_date=20230317T155016
[2023-03-17 15:50:16,408] {local_task_job.py:156} INFO - Task exited with return code 0
[2023-03-17 15:50:16,598] {local_task_job.py:273} INFO - 0 downstream tasks scheduled from follow-on schedule check
