[2023-03-17 20:51:14,877] {taskinstance.py:1159} INFO - Dependencies all met for <TaskInstance: reto_tecnico_everst.get_last_data_municipios manual__2023-03-17T20:51:12.795663+00:00 [queued]>
[2023-03-17 20:51:14,887] {taskinstance.py:1159} INFO - Dependencies all met for <TaskInstance: reto_tecnico_everst.get_last_data_municipios manual__2023-03-17T20:51:12.795663+00:00 [queued]>
[2023-03-17 20:51:14,887] {taskinstance.py:1356} INFO - 
--------------------------------------------------------------------------------
[2023-03-17 20:51:14,888] {taskinstance.py:1357} INFO - Starting attempt 1 of 1
[2023-03-17 20:51:14,914] {taskinstance.py:1358} INFO - 
--------------------------------------------------------------------------------
[2023-03-17 20:51:14,981] {taskinstance.py:1377} INFO - Executing <Task(PythonOperator): get_last_data_municipios> on 2023-03-17 20:51:12.795663+00:00
[2023-03-17 20:51:14,989] {standard_task_runner.py:52} INFO - Started process 4403 to run task
[2023-03-17 20:51:14,993] {standard_task_runner.py:79} INFO - Running: ['***', 'tasks', 'run', 'reto_tecnico_everst', 'get_last_data_municipios', 'manual__2023-03-17T20:51:12.795663+00:00', '--job-id', '235', '--raw', '--subdir', 'DAGS_FOLDER/reto_tecnico_everst.py', '--cfg-path', '/tmp/tmp0ap_zgaw', '--error-file', '/tmp/tmp5q7cr7cu']
[2023-03-17 20:51:14,994] {standard_task_runner.py:80} INFO - Job 235: Subtask get_last_data_municipios
[2023-03-17 20:51:15,115] {task_command.py:369} INFO - Running <TaskInstance: reto_tecnico_everst.get_last_data_municipios manual__2023-03-17T20:51:12.795663+00:00 [running]> on host 7d9c3e4a2f58
[2023-03-17 20:51:15,313] {taskinstance.py:1571} INFO - Exporting the following env vars:
AIRFLOW_CTX_DAG_OWNER=***
AIRFLOW_CTX_DAG_ID=reto_tecnico_everst
AIRFLOW_CTX_TASK_ID=get_last_data_municipios
AIRFLOW_CTX_EXECUTION_DATE=2023-03-17T20:51:12.795663+00:00
AIRFLOW_CTX_TRY_NUMBER=1
AIRFLOW_CTX_DAG_RUN_ID=manual__2023-03-17T20:51:12.795663+00:00
[2023-03-17 20:51:15,440] {reto_tecnico_everst.py:96} INFO - Generando el path del archivo mas reciente de data_municipios: dags/data/Raw/data_municipios/20220503/data.csv
[2023-03-17 20:51:15,441] {python.py:173} INFO - Done. Returned value was: None
[2023-03-17 20:51:15,475] {taskinstance.py:1400} INFO - Marking task as SUCCESS. dag_id=reto_tecnico_everst, task_id=get_last_data_municipios, execution_date=20230317T205112, start_date=20230317T205114, end_date=20230317T205115
[2023-03-17 20:51:15,567] {local_task_job.py:156} INFO - Task exited with return code 0
[2023-03-17 20:51:15,932] {local_task_job.py:273} INFO - 0 downstream tasks scheduled from follow-on schedule check
