[2023-03-17 15:49:33,420] {taskinstance.py:1159} INFO - Dependencies all met for <TaskInstance: reto_tecnico_everst.cruzar_base2_y_data_municipios scheduled__2023-03-17T04:00:00+00:00 [queued]>
[2023-03-17 15:49:33,431] {taskinstance.py:1159} INFO - Dependencies all met for <TaskInstance: reto_tecnico_everst.cruzar_base2_y_data_municipios scheduled__2023-03-17T04:00:00+00:00 [queued]>
[2023-03-17 15:49:33,432] {taskinstance.py:1356} INFO - 
--------------------------------------------------------------------------------
[2023-03-17 15:49:33,432] {taskinstance.py:1357} INFO - Starting attempt 1 of 1
[2023-03-17 15:49:33,433] {taskinstance.py:1358} INFO - 
--------------------------------------------------------------------------------
[2023-03-17 15:49:33,484] {taskinstance.py:1377} INFO - Executing <Task(PythonOperator): cruzar_base2_y_data_municipios> on 2023-03-17 04:00:00+00:00
[2023-03-17 15:49:33,493] {standard_task_runner.py:52} INFO - Started process 233 to run task
[2023-03-17 15:49:33,496] {standard_task_runner.py:79} INFO - Running: ['***', 'tasks', 'run', 'reto_tecnico_everst', 'cruzar_base2_y_data_municipios', 'scheduled__2023-03-17T04:00:00+00:00', '--job-id', '202', '--raw', '--subdir', 'DAGS_FOLDER/reto_tecnico_everst.py', '--cfg-path', '/tmp/tmpq46op_x2', '--error-file', '/tmp/tmposscqg3n']
[2023-03-17 15:49:33,497] {standard_task_runner.py:80} INFO - Job 202: Subtask cruzar_base2_y_data_municipios
[2023-03-17 15:49:33,699] {task_command.py:369} INFO - Running <TaskInstance: reto_tecnico_everst.cruzar_base2_y_data_municipios scheduled__2023-03-17T04:00:00+00:00 [running]> on host 7d9c3e4a2f58
[2023-03-17 15:49:34,199] {taskinstance.py:1571} INFO - Exporting the following env vars:
AIRFLOW_CTX_DAG_OWNER=***
AIRFLOW_CTX_DAG_ID=reto_tecnico_everst
AIRFLOW_CTX_TASK_ID=cruzar_base2_y_data_municipios
AIRFLOW_CTX_EXECUTION_DATE=2023-03-17T04:00:00+00:00
AIRFLOW_CTX_TRY_NUMBER=1
AIRFLOW_CTX_DAG_RUN_ID=scheduled__2023-03-17T04:00:00+00:00
[2023-03-17 15:49:34,892] {reto_tecnico_everst.py:111} INFO - Guardando la base del cruce de data_municipios y base_02 en formato parquet, path: dags/data/Analytics/base_3/History/base_3_20230317_15.49.parquet
[2023-03-17 15:49:35,009] {python.py:173} INFO - Done. Returned value was: None
[2023-03-17 15:49:35,024] {taskinstance.py:1400} INFO - Marking task as SUCCESS. dag_id=reto_tecnico_everst, task_id=cruzar_base2_y_data_municipios, execution_date=20230317T040000, start_date=20230317T154933, end_date=20230317T154935
[2023-03-17 15:49:35,117] {local_task_job.py:156} INFO - Task exited with return code 0
[2023-03-17 15:49:35,217] {local_task_job.py:273} INFO - 1 downstream tasks scheduled from follow-on schedule check
