[2023-03-17 02:12:38,114] {taskinstance.py:1159} INFO - Dependencies all met for <TaskInstance: reto_tecnico_everst.download_data manual__2023-03-17T02:12:36.026787+00:00 [queued]>
[2023-03-17 02:12:38,129] {taskinstance.py:1159} INFO - Dependencies all met for <TaskInstance: reto_tecnico_everst.download_data manual__2023-03-17T02:12:36.026787+00:00 [queued]>
[2023-03-17 02:12:38,130] {taskinstance.py:1356} INFO - 
--------------------------------------------------------------------------------
[2023-03-17 02:12:38,130] {taskinstance.py:1357} INFO - Starting attempt 1 of 1
[2023-03-17 02:12:38,131] {taskinstance.py:1358} INFO - 
--------------------------------------------------------------------------------
[2023-03-17 02:12:38,184] {taskinstance.py:1377} INFO - Executing <Task(PythonOperator): download_data> on 2023-03-17 02:12:36.026787+00:00
[2023-03-17 02:12:38,198] {standard_task_runner.py:79} INFO - Running: ['***', 'tasks', 'run', 'reto_tecnico_everst', 'download_data', 'manual__2023-03-17T02:12:36.026787+00:00', '--job-id', '152', '--raw', '--subdir', 'DAGS_FOLDER/reto_tecnico_everst.py', '--cfg-path', '/tmp/tmpvc5hvcxv', '--error-file', '/tmp/tmpw41495uz']
[2023-03-17 02:12:38,196] {standard_task_runner.py:52} INFO - Started process 1914 to run task
[2023-03-17 02:12:38,200] {standard_task_runner.py:80} INFO - Job 152: Subtask download_data
[2023-03-17 02:12:38,416] {task_command.py:369} INFO - Running <TaskInstance: reto_tecnico_everst.download_data manual__2023-03-17T02:12:36.026787+00:00 [running]> on host 7d9c3e4a2f58
[2023-03-17 02:12:38,591] {taskinstance.py:1571} INFO - Exporting the following env vars:
AIRFLOW_CTX_DAG_OWNER=***
AIRFLOW_CTX_DAG_ID=reto_tecnico_everst
AIRFLOW_CTX_TASK_ID=download_data
AIRFLOW_CTX_EXECUTION_DATE=2023-03-17T02:12:36.026787+00:00
AIRFLOW_CTX_TRY_NUMBER=1
AIRFLOW_CTX_DAG_RUN_ID=manual__2023-03-17T02:12:36.026787+00:00
[2023-03-17 02:12:42,740] {reto_tecnico_everst.py:39} INFO - Generando descarga del GZ
[2023-03-17 02:12:47,029] {reto_tecnico_everst.py:46} INFO - Guardando la base generada desde el API, path: dags/data/Raw/base_api/base_20230317_02.12.json
[2023-03-17 02:12:58,570] {python.py:173} INFO - Done. Returned value was: None
[2023-03-17 02:12:58,653] {taskinstance.py:1400} INFO - Marking task as SUCCESS. dag_id=reto_tecnico_everst, task_id=download_data, execution_date=20230317T021236, start_date=20230317T021238, end_date=20230317T021258
[2023-03-17 02:12:58,781] {local_task_job.py:156} INFO - Task exited with return code 0
[2023-03-17 02:12:58,846] {local_task_job.py:273} INFO - 2 downstream tasks scheduled from follow-on schedule check
