[2023-03-17 22:15:03,024] {taskinstance.py:1159} INFO - Dependencies all met for <TaskInstance: reto_tecnico_everst.get_last_data_municipios manual__2023-03-17T22:15:01.146979+00:00 [queued]>
[2023-03-17 22:15:03,037] {taskinstance.py:1159} INFO - Dependencies all met for <TaskInstance: reto_tecnico_everst.get_last_data_municipios manual__2023-03-17T22:15:01.146979+00:00 [queued]>
[2023-03-17 22:15:03,038] {taskinstance.py:1356} INFO - 
--------------------------------------------------------------------------------
[2023-03-17 22:15:03,038] {taskinstance.py:1357} INFO - Starting attempt 1 of 1
[2023-03-17 22:15:03,039] {taskinstance.py:1358} INFO - 
--------------------------------------------------------------------------------
[2023-03-17 22:15:03,104] {taskinstance.py:1377} INFO - Executing <Task(PythonOperator): get_last_data_municipios> on 2023-03-17 22:15:01.146979+00:00
[2023-03-17 22:15:03,115] {standard_task_runner.py:52} INFO - Started process 511 to run task
[2023-03-17 22:15:03,122] {standard_task_runner.py:79} INFO - Running: ['***', 'tasks', 'run', 'reto_tecnico_everst', 'get_last_data_municipios', 'manual__2023-03-17T22:15:01.146979+00:00', '--job-id', '20', '--raw', '--subdir', 'DAGS_FOLDER/reto_tecnico_everst.py', '--cfg-path', '/tmp/tmpultomiux', '--error-file', '/tmp/tmp_eos92pz']
[2023-03-17 22:15:03,123] {standard_task_runner.py:80} INFO - Job 20: Subtask get_last_data_municipios
[2023-03-17 22:15:03,358] {task_command.py:369} INFO - Running <TaskInstance: reto_tecnico_everst.get_last_data_municipios manual__2023-03-17T22:15:01.146979+00:00 [running]> on host 8b817a59af06
[2023-03-17 22:15:03,585] {taskinstance.py:1571} INFO - Exporting the following env vars:
AIRFLOW_CTX_DAG_OWNER=***
AIRFLOW_CTX_DAG_ID=reto_tecnico_everst
AIRFLOW_CTX_TASK_ID=get_last_data_municipios
AIRFLOW_CTX_EXECUTION_DATE=2023-03-17T22:15:01.146979+00:00
AIRFLOW_CTX_TRY_NUMBER=1
AIRFLOW_CTX_DAG_RUN_ID=manual__2023-03-17T22:15:01.146979+00:00
[2023-03-17 22:15:03,654] {reto_tecnico_everst.py:86} INFO - Generando el path del archivo mas reciente de data_municipios: data/Raw/data_municipios/20220503/data.csv
[2023-03-17 22:15:03,655] {python.py:173} INFO - Done. Returned value was: None
[2023-03-17 22:15:03,670] {taskinstance.py:1400} INFO - Marking task as SUCCESS. dag_id=reto_tecnico_everst, task_id=get_last_data_municipios, execution_date=20230317T221501, start_date=20230317T221503, end_date=20230317T221503
[2023-03-17 22:15:03,741] {local_task_job.py:156} INFO - Task exited with return code 0
[2023-03-17 22:15:03,929] {local_task_job.py:273} INFO - 0 downstream tasks scheduled from follow-on schedule check
