[2023-03-17 15:49:40,866] {taskinstance.py:1159} INFO - Dependencies all met for <TaskInstance: reto_tecnico_everst.download_data scheduled__2023-03-17T14:00:00+00:00 [queued]>
[2023-03-17 15:49:40,876] {taskinstance.py:1159} INFO - Dependencies all met for <TaskInstance: reto_tecnico_everst.download_data scheduled__2023-03-17T14:00:00+00:00 [queued]>
[2023-03-17 15:49:40,876] {taskinstance.py:1356} INFO - 
--------------------------------------------------------------------------------
[2023-03-17 15:49:40,877] {taskinstance.py:1357} INFO - Starting attempt 1 of 1
[2023-03-17 15:49:40,878] {taskinstance.py:1358} INFO - 
--------------------------------------------------------------------------------
[2023-03-17 15:49:40,933] {taskinstance.py:1377} INFO - Executing <Task(PythonOperator): download_data> on 2023-03-17 14:00:00+00:00
[2023-03-17 15:49:40,938] {standard_task_runner.py:52} INFO - Started process 253 to run task
[2023-03-17 15:49:40,941] {standard_task_runner.py:79} INFO - Running: ['***', 'tasks', 'run', 'reto_tecnico_everst', 'download_data', 'scheduled__2023-03-17T14:00:00+00:00', '--job-id', '204', '--raw', '--subdir', 'DAGS_FOLDER/reto_tecnico_everst.py', '--cfg-path', '/tmp/tmp4ql2thbk', '--error-file', '/tmp/tmpjf0hat89']
[2023-03-17 15:49:40,942] {standard_task_runner.py:80} INFO - Job 204: Subtask download_data
[2023-03-17 15:49:41,037] {task_command.py:369} INFO - Running <TaskInstance: reto_tecnico_everst.download_data scheduled__2023-03-17T14:00:00+00:00 [running]> on host 7d9c3e4a2f58
[2023-03-17 15:49:41,186] {taskinstance.py:1571} INFO - Exporting the following env vars:
AIRFLOW_CTX_DAG_OWNER=***
AIRFLOW_CTX_DAG_ID=reto_tecnico_everst
AIRFLOW_CTX_TASK_ID=download_data
AIRFLOW_CTX_EXECUTION_DATE=2023-03-17T14:00:00+00:00
AIRFLOW_CTX_TRY_NUMBER=1
AIRFLOW_CTX_DAG_RUN_ID=scheduled__2023-03-17T14:00:00+00:00
[2023-03-17 15:49:52,924] {reto_tecnico_everst.py:39} INFO - Generando descarga del GZ
[2023-03-17 15:49:56,797] {reto_tecnico_everst.py:46} INFO - Guardando la base generada desde el API, path: dags/data/Raw/base_api/base_20230317_15.49.json
[2023-03-17 15:50:08,350] {python.py:173} INFO - Done. Returned value was: None
[2023-03-17 15:50:08,388] {taskinstance.py:1400} INFO - Marking task as SUCCESS. dag_id=reto_tecnico_everst, task_id=download_data, execution_date=20230317T140000, start_date=20230317T154940, end_date=20230317T155008
[2023-03-17 15:50:08,525] {local_task_job.py:156} INFO - Task exited with return code 0
[2023-03-17 15:50:08,599] {local_task_job.py:273} INFO - 2 downstream tasks scheduled from follow-on schedule check
