[2023-03-17 15:47:38,828] {taskinstance.py:1159} INFO - Dependencies all met for <TaskInstance: reto_tecnico_everst.table_by_municipio scheduled__2023-03-17T04:00:00+00:00 [queued]>
[2023-03-17 15:47:38,841] {taskinstance.py:1159} INFO - Dependencies all met for <TaskInstance: reto_tecnico_everst.table_by_municipio scheduled__2023-03-17T04:00:00+00:00 [queued]>
[2023-03-17 15:47:38,842] {taskinstance.py:1356} INFO - 
--------------------------------------------------------------------------------
[2023-03-17 15:47:38,842] {taskinstance.py:1357} INFO - Starting attempt 1 of 1
[2023-03-17 15:47:38,843] {taskinstance.py:1358} INFO - 
--------------------------------------------------------------------------------
[2023-03-17 15:47:38,932] {taskinstance.py:1377} INFO - Executing <Task(PythonOperator): table_by_municipio> on 2023-03-17 04:00:00+00:00
[2023-03-17 15:47:38,946] {standard_task_runner.py:52} INFO - Started process 197 to run task
[2023-03-17 15:47:38,960] {standard_task_runner.py:79} INFO - Running: ['***', 'tasks', 'run', 'reto_tecnico_everst', 'table_by_municipio', 'scheduled__2023-03-17T04:00:00+00:00', '--job-id', '200', '--raw', '--subdir', 'DAGS_FOLDER/reto_tecnico_everst.py', '--cfg-path', '/tmp/tmp6uvy1xs8', '--error-file', '/tmp/tmpaopumwg5']
[2023-03-17 15:47:38,965] {standard_task_runner.py:80} INFO - Job 200: Subtask table_by_municipio
[2023-03-17 15:47:39,106] {task_command.py:369} INFO - Running <TaskInstance: reto_tecnico_everst.table_by_municipio scheduled__2023-03-17T04:00:00+00:00 [running]> on host 7d9c3e4a2f58
[2023-03-17 15:47:39,330] {taskinstance.py:1571} INFO - Exporting the following env vars:
AIRFLOW_CTX_DAG_OWNER=***
AIRFLOW_CTX_DAG_ID=reto_tecnico_everst
AIRFLOW_CTX_TASK_ID=table_by_municipio
AIRFLOW_CTX_EXECUTION_DATE=2023-03-17T04:00:00+00:00
AIRFLOW_CTX_TRY_NUMBER=1
AIRFLOW_CTX_DAG_RUN_ID=scheduled__2023-03-17T04:00:00+00:00
[2023-03-17 15:47:39,344] {reto_tecnico_everst.py:55} INFO - Leyendo la base extraida del API
[2023-03-17 15:49:30,609] {reto_tecnico_everst.py:71} INFO - Guardando la base tabla por municipio en formato parquet, path: dags/data/Staging/base_2/base_20230317_15.49.parquet
[2023-03-17 15:49:31,075] {python.py:173} INFO - Done. Returned value was: None
[2023-03-17 15:49:31,110] {taskinstance.py:1400} INFO - Marking task as SUCCESS. dag_id=reto_tecnico_everst, task_id=table_by_municipio, execution_date=20230317T040000, start_date=20230317T154738, end_date=20230317T154931
[2023-03-17 15:49:31,205] {local_task_job.py:156} INFO - Task exited with return code 0
[2023-03-17 15:49:31,283] {local_task_job.py:273} INFO - 1 downstream tasks scheduled from follow-on schedule check
