[2023-03-17 01:31:32,599] {taskinstance.py:1159} INFO - Dependencies all met for <TaskInstance: reto_tecnico_everst.table_by_municipio manual__2023-03-17T01:31:07.334161+00:00 [queued]>
[2023-03-17 01:31:32,612] {taskinstance.py:1159} INFO - Dependencies all met for <TaskInstance: reto_tecnico_everst.table_by_municipio manual__2023-03-17T01:31:07.334161+00:00 [queued]>
[2023-03-17 01:31:32,613] {taskinstance.py:1356} INFO - 
--------------------------------------------------------------------------------
[2023-03-17 01:31:32,613] {taskinstance.py:1357} INFO - Starting attempt 1 of 1
[2023-03-17 01:31:32,614] {taskinstance.py:1358} INFO - 
--------------------------------------------------------------------------------
[2023-03-17 01:31:32,770] {taskinstance.py:1377} INFO - Executing <Task(PythonOperator): table_by_municipio> on 2023-03-17 01:31:07.334161+00:00
[2023-03-17 01:31:32,781] {standard_task_runner.py:52} INFO - Started process 1276 to run task
[2023-03-17 01:31:32,786] {standard_task_runner.py:79} INFO - Running: ['***', 'tasks', 'run', 'reto_tecnico_everst', 'table_by_municipio', 'manual__2023-03-17T01:31:07.334161+00:00', '--job-id', '134', '--raw', '--subdir', 'DAGS_FOLDER/reto_tecnico_everst.py', '--cfg-path', '/tmp/tmpmry23iuw', '--error-file', '/tmp/tmpj5a7b1k8']
[2023-03-17 01:31:32,787] {standard_task_runner.py:80} INFO - Job 134: Subtask table_by_municipio
[2023-03-17 01:31:32,916] {task_command.py:369} INFO - Running <TaskInstance: reto_tecnico_everst.table_by_municipio manual__2023-03-17T01:31:07.334161+00:00 [running]> on host 7d9c3e4a2f58
[2023-03-17 01:31:33,193] {taskinstance.py:1571} INFO - Exporting the following env vars:
AIRFLOW_CTX_DAG_OWNER=***
AIRFLOW_CTX_DAG_ID=reto_tecnico_everst
AIRFLOW_CTX_TASK_ID=table_by_municipio
AIRFLOW_CTX_EXECUTION_DATE=2023-03-17T01:31:07.334161+00:00
AIRFLOW_CTX_TRY_NUMBER=1
AIRFLOW_CTX_DAG_RUN_ID=manual__2023-03-17T01:31:07.334161+00:00
[2023-03-17 01:31:33,207] {reto_tecnico_everst.py:54} INFO - Leyendo la base extraida del API
[2023-03-17 01:33:25,719] {reto_tecnico_everst.py:70} INFO - Guardando la base tabla por municipio en formato parquet, path: dags/data/Staging/base_2/base_20230317_01.33.parquet
[2023-03-17 01:33:26,249] {python.py:173} INFO - Done. Returned value was: None
[2023-03-17 01:33:26,262] {taskinstance.py:1400} INFO - Marking task as SUCCESS. dag_id=reto_tecnico_everst, task_id=table_by_municipio, execution_date=20230317T013107, start_date=20230317T013132, end_date=20230317T013326
[2023-03-17 01:33:26,362] {local_task_job.py:156} INFO - Task exited with return code 0
[2023-03-17 01:33:26,443] {local_task_job.py:273} INFO - 1 downstream tasks scheduled from follow-on schedule check
