[2023-03-17 23:00:01,433] {taskinstance.py:1159} INFO - Dependencies all met for <TaskInstance: reto_tecnico_everst.get_last_data_municipios scheduled__2023-03-17T22:00:00+00:00 [queued]>
[2023-03-17 23:00:01,446] {taskinstance.py:1159} INFO - Dependencies all met for <TaskInstance: reto_tecnico_everst.get_last_data_municipios scheduled__2023-03-17T22:00:00+00:00 [queued]>
[2023-03-17 23:00:01,447] {taskinstance.py:1356} INFO - 
--------------------------------------------------------------------------------
[2023-03-17 23:00:01,447] {taskinstance.py:1357} INFO - Starting attempt 1 of 1
[2023-03-17 23:00:01,448] {taskinstance.py:1358} INFO - 
--------------------------------------------------------------------------------
[2023-03-17 23:00:01,667] {taskinstance.py:1377} INFO - Executing <Task(PythonOperator): get_last_data_municipios> on 2023-03-17 22:00:00+00:00
[2023-03-17 23:00:01,692] {standard_task_runner.py:52} INFO - Started process 566 to run task
[2023-03-17 23:00:01,705] {standard_task_runner.py:79} INFO - Running: ['***', 'tasks', 'run', 'reto_tecnico_everst', 'get_last_data_municipios', 'scheduled__2023-03-17T22:00:00+00:00', '--job-id', '28', '--raw', '--subdir', 'DAGS_FOLDER/reto_tecnico_everst.py', '--cfg-path', '/tmp/tmpf4m27h7f', '--error-file', '/tmp/tmp6taw2hnm']
[2023-03-17 23:00:01,707] {standard_task_runner.py:80} INFO - Job 28: Subtask get_last_data_municipios
[2023-03-17 23:00:01,983] {task_command.py:369} INFO - Running <TaskInstance: reto_tecnico_everst.get_last_data_municipios scheduled__2023-03-17T22:00:00+00:00 [running]> on host 8b817a59af06
[2023-03-17 23:00:02,227] {taskinstance.py:1571} INFO - Exporting the following env vars:
AIRFLOW_CTX_DAG_OWNER=***
AIRFLOW_CTX_DAG_ID=reto_tecnico_everst
AIRFLOW_CTX_TASK_ID=get_last_data_municipios
AIRFLOW_CTX_EXECUTION_DATE=2023-03-17T22:00:00+00:00
AIRFLOW_CTX_TRY_NUMBER=1
AIRFLOW_CTX_DAG_RUN_ID=scheduled__2023-03-17T22:00:00+00:00
[2023-03-17 23:00:02,296] {reto_tecnico_everst.py:86} INFO - Generando el path del archivo mas reciente de data_municipios: data/Raw/data_municipios/20220503/data.csv
[2023-03-17 23:00:02,297] {python.py:173} INFO - Done. Returned value was: None
[2023-03-17 23:00:02,313] {taskinstance.py:1400} INFO - Marking task as SUCCESS. dag_id=reto_tecnico_everst, task_id=get_last_data_municipios, execution_date=20230317T220000, start_date=20230317T230001, end_date=20230317T230002
[2023-03-17 23:00:02,366] {local_task_job.py:156} INFO - Task exited with return code 0
[2023-03-17 23:00:02,439] {local_task_job.py:273} INFO - 0 downstream tasks scheduled from follow-on schedule check
