[2023-03-17 22:23:19,510] {taskinstance.py:1159} INFO - Dependencies all met for <TaskInstance: reto_tecnico_everst.get_last_data_municipios manual__2023-03-17T22:23:17.650307+00:00 [queued]>
[2023-03-17 22:23:19,528] {taskinstance.py:1159} INFO - Dependencies all met for <TaskInstance: reto_tecnico_everst.get_last_data_municipios manual__2023-03-17T22:23:17.650307+00:00 [queued]>
[2023-03-17 22:23:19,529] {taskinstance.py:1356} INFO - 
--------------------------------------------------------------------------------
[2023-03-17 22:23:19,529] {taskinstance.py:1357} INFO - Starting attempt 1 of 1
[2023-03-17 22:23:19,582] {taskinstance.py:1358} INFO - 
--------------------------------------------------------------------------------
[2023-03-17 22:23:19,965] {taskinstance.py:1377} INFO - Executing <Task(PythonOperator): get_last_data_municipios> on 2023-03-17 22:23:17.650307+00:00
[2023-03-17 22:23:19,973] {standard_task_runner.py:52} INFO - Started process 614 to run task
[2023-03-17 22:23:19,980] {standard_task_runner.py:79} INFO - Running: ['***', 'tasks', 'run', 'reto_tecnico_everst', 'get_last_data_municipios', 'manual__2023-03-17T22:23:17.650307+00:00', '--job-id', '23', '--raw', '--subdir', 'DAGS_FOLDER/reto_tecnico_everst.py', '--cfg-path', '/tmp/tmp3xz0e5fp', '--error-file', '/tmp/tmpur9mv8nd']
[2023-03-17 22:23:19,982] {standard_task_runner.py:80} INFO - Job 23: Subtask get_last_data_municipios
[2023-03-17 22:23:20,296] {task_command.py:369} INFO - Running <TaskInstance: reto_tecnico_everst.get_last_data_municipios manual__2023-03-17T22:23:17.650307+00:00 [running]> on host 8b817a59af06
[2023-03-17 22:23:20,521] {taskinstance.py:1571} INFO - Exporting the following env vars:
AIRFLOW_CTX_DAG_OWNER=***
AIRFLOW_CTX_DAG_ID=reto_tecnico_everst
AIRFLOW_CTX_TASK_ID=get_last_data_municipios
AIRFLOW_CTX_EXECUTION_DATE=2023-03-17T22:23:17.650307+00:00
AIRFLOW_CTX_TRY_NUMBER=1
AIRFLOW_CTX_DAG_RUN_ID=manual__2023-03-17T22:23:17.650307+00:00
[2023-03-17 22:23:20,708] {reto_tecnico_everst.py:86} INFO - Generando el path del archivo mas reciente de data_municipios: data/Raw/data_municipios/20220503/data.csv
[2023-03-17 22:23:20,709] {python.py:173} INFO - Done. Returned value was: None
[2023-03-17 22:23:20,733] {taskinstance.py:1400} INFO - Marking task as SUCCESS. dag_id=reto_tecnico_everst, task_id=get_last_data_municipios, execution_date=20230317T222317, start_date=20230317T222319, end_date=20230317T222320
[2023-03-17 22:23:20,796] {local_task_job.py:156} INFO - Task exited with return code 0
[2023-03-17 22:23:20,875] {local_task_job.py:273} INFO - 0 downstream tasks scheduled from follow-on schedule check
