[2023-03-17 21:00:01,407] {taskinstance.py:1159} INFO - Dependencies all met for <TaskInstance: reto_tecnico_everst.get_last_data_municipios scheduled__2023-03-17T20:00:00+00:00 [queued]>
[2023-03-17 21:00:01,416] {taskinstance.py:1159} INFO - Dependencies all met for <TaskInstance: reto_tecnico_everst.get_last_data_municipios scheduled__2023-03-17T20:00:00+00:00 [queued]>
[2023-03-17 21:00:01,417] {taskinstance.py:1356} INFO - 
--------------------------------------------------------------------------------
[2023-03-17 21:00:01,417] {taskinstance.py:1357} INFO - Starting attempt 1 of 1
[2023-03-17 21:00:01,418] {taskinstance.py:1358} INFO - 
--------------------------------------------------------------------------------
[2023-03-17 21:00:01,524] {taskinstance.py:1377} INFO - Executing <Task(PythonOperator): get_last_data_municipios> on 2023-03-17 20:00:00+00:00
[2023-03-17 21:00:01,537] {standard_task_runner.py:52} INFO - Started process 4540 to run task
[2023-03-17 21:00:01,550] {standard_task_runner.py:79} INFO - Running: ['***', 'tasks', 'run', 'reto_tecnico_everst', 'get_last_data_municipios', 'scheduled__2023-03-17T20:00:00+00:00', '--job-id', '241', '--raw', '--subdir', 'DAGS_FOLDER/reto_tecnico_everst.py', '--cfg-path', '/tmp/tmpixdxunpj', '--error-file', '/tmp/tmpp_lfku3i']
[2023-03-17 21:00:01,552] {standard_task_runner.py:80} INFO - Job 241: Subtask get_last_data_municipios
[2023-03-17 21:00:01,744] {task_command.py:369} INFO - Running <TaskInstance: reto_tecnico_everst.get_last_data_municipios scheduled__2023-03-17T20:00:00+00:00 [running]> on host 7d9c3e4a2f58
[2023-03-17 21:00:01,920] {taskinstance.py:1571} INFO - Exporting the following env vars:
AIRFLOW_CTX_DAG_OWNER=***
AIRFLOW_CTX_DAG_ID=reto_tecnico_everst
AIRFLOW_CTX_TASK_ID=get_last_data_municipios
AIRFLOW_CTX_EXECUTION_DATE=2023-03-17T20:00:00+00:00
AIRFLOW_CTX_TRY_NUMBER=1
AIRFLOW_CTX_DAG_RUN_ID=scheduled__2023-03-17T20:00:00+00:00
[2023-03-17 21:00:01,982] {reto_tecnico_everst.py:94} INFO - Generando el path del archivo mas reciente de data_municipios: dags/data/Raw/data_municipios/20220503/data.csv
[2023-03-17 21:00:01,983] {python.py:173} INFO - Done. Returned value was: None
[2023-03-17 21:00:02,052] {taskinstance.py:1400} INFO - Marking task as SUCCESS. dag_id=reto_tecnico_everst, task_id=get_last_data_municipios, execution_date=20230317T200000, start_date=20230317T210001, end_date=20230317T210002
[2023-03-17 21:00:02,123] {local_task_job.py:156} INFO - Task exited with return code 0
[2023-03-17 21:00:02,199] {local_task_job.py:273} INFO - 0 downstream tasks scheduled from follow-on schedule check
[2023-03-17 21:04:59,090] {taskinstance.py:1159} INFO - Dependencies all met for <TaskInstance: reto_tecnico_everst.get_last_data_municipios scheduled__2023-03-17T20:00:00+00:00 [queued]>
[2023-03-17 21:04:59,105] {taskinstance.py:1159} INFO - Dependencies all met for <TaskInstance: reto_tecnico_everst.get_last_data_municipios scheduled__2023-03-17T20:00:00+00:00 [queued]>
[2023-03-17 21:04:59,106] {taskinstance.py:1356} INFO - 
--------------------------------------------------------------------------------
[2023-03-17 21:04:59,107] {taskinstance.py:1357} INFO - Starting attempt 1 of 1
[2023-03-17 21:04:59,107] {taskinstance.py:1358} INFO - 
--------------------------------------------------------------------------------
[2023-03-17 21:04:59,303] {taskinstance.py:1377} INFO - Executing <Task(PythonOperator): get_last_data_municipios> on 2023-03-17 20:00:00+00:00
[2023-03-17 21:04:59,313] {standard_task_runner.py:52} INFO - Started process 4668 to run task
[2023-03-17 21:04:59,316] {standard_task_runner.py:79} INFO - Running: ['***', 'tasks', 'run', 'reto_tecnico_everst', 'get_last_data_municipios', 'scheduled__2023-03-17T20:00:00+00:00', '--job-id', '250', '--raw', '--subdir', 'DAGS_FOLDER/reto_tecnico_everst.py', '--cfg-path', '/tmp/tmphlvzeoo6', '--error-file', '/tmp/tmpt058x4vs']
[2023-03-17 21:04:59,318] {standard_task_runner.py:80} INFO - Job 250: Subtask get_last_data_municipios
[2023-03-17 21:04:59,514] {task_command.py:369} INFO - Running <TaskInstance: reto_tecnico_everst.get_last_data_municipios scheduled__2023-03-17T20:00:00+00:00 [running]> on host 7d9c3e4a2f58
[2023-03-17 21:04:59,759] {taskinstance.py:1571} INFO - Exporting the following env vars:
AIRFLOW_CTX_DAG_OWNER=***
AIRFLOW_CTX_DAG_ID=reto_tecnico_everst
AIRFLOW_CTX_TASK_ID=get_last_data_municipios
AIRFLOW_CTX_EXECUTION_DATE=2023-03-17T20:00:00+00:00
AIRFLOW_CTX_TRY_NUMBER=1
AIRFLOW_CTX_DAG_RUN_ID=scheduled__2023-03-17T20:00:00+00:00
[2023-03-17 21:04:59,828] {reto_tecnico_everst.py:88} INFO - Generando el path del archivo mas reciente de data_municipios: dags/data/Raw/data_municipios/20220503/data.csv
[2023-03-17 21:04:59,829] {python.py:173} INFO - Done. Returned value was: None
[2023-03-17 21:04:59,846] {taskinstance.py:1400} INFO - Marking task as SUCCESS. dag_id=reto_tecnico_everst, task_id=get_last_data_municipios, execution_date=20230317T200000, start_date=20230317T210459, end_date=20230317T210459
[2023-03-17 21:04:59,896] {local_task_job.py:156} INFO - Task exited with return code 0
[2023-03-17 21:04:59,978] {local_task_job.py:273} INFO - 0 downstream tasks scheduled from follow-on schedule check
[2023-03-17 21:55:47,139] {taskinstance.py:1159} INFO - Dependencies all met for <TaskInstance: reto_tecnico_everst.get_last_data_municipios scheduled__2023-03-17T20:00:00+00:00 [queued]>
[2023-03-17 21:55:47,264] {taskinstance.py:1159} INFO - Dependencies all met for <TaskInstance: reto_tecnico_everst.get_last_data_municipios scheduled__2023-03-17T20:00:00+00:00 [queued]>
[2023-03-17 21:55:47,265] {taskinstance.py:1356} INFO - 
--------------------------------------------------------------------------------
[2023-03-17 21:55:47,266] {taskinstance.py:1357} INFO - Starting attempt 1 of 1
[2023-03-17 21:55:47,266] {taskinstance.py:1358} INFO - 
--------------------------------------------------------------------------------
[2023-03-17 21:55:47,329] {taskinstance.py:1377} INFO - Executing <Task(PythonOperator): get_last_data_municipios> on 2023-03-17 20:00:00+00:00
[2023-03-17 21:55:47,340] {standard_task_runner.py:52} INFO - Started process 235 to run task
[2023-03-17 21:55:47,352] {standard_task_runner.py:79} INFO - Running: ['***', 'tasks', 'run', 'reto_tecnico_everst', 'get_last_data_municipios', 'scheduled__2023-03-17T20:00:00+00:00', '--job-id', '2', '--raw', '--subdir', 'DAGS_FOLDER/reto_tecnico_everst.py', '--cfg-path', '/tmp/tmp84jaza2p', '--error-file', '/tmp/tmpfb19d6ig']
[2023-03-17 21:55:47,354] {standard_task_runner.py:80} INFO - Job 2: Subtask get_last_data_municipios
[2023-03-17 21:55:47,694] {task_command.py:369} INFO - Running <TaskInstance: reto_tecnico_everst.get_last_data_municipios scheduled__2023-03-17T20:00:00+00:00 [running]> on host 8b817a59af06
[2023-03-17 21:55:48,103] {taskinstance.py:1571} INFO - Exporting the following env vars:
AIRFLOW_CTX_DAG_OWNER=***
AIRFLOW_CTX_DAG_ID=reto_tecnico_everst
AIRFLOW_CTX_TASK_ID=get_last_data_municipios
AIRFLOW_CTX_EXECUTION_DATE=2023-03-17T20:00:00+00:00
AIRFLOW_CTX_TRY_NUMBER=1
AIRFLOW_CTX_DAG_RUN_ID=scheduled__2023-03-17T20:00:00+00:00
[2023-03-17 21:55:48,300] {reto_tecnico_everst.py:86} INFO - Generando el path del archivo mas reciente de data_municipios: data/Raw/data_municipios/20220503/data.csv
[2023-03-17 21:55:48,301] {python.py:173} INFO - Done. Returned value was: None
[2023-03-17 21:55:48,436] {taskinstance.py:1400} INFO - Marking task as SUCCESS. dag_id=reto_tecnico_everst, task_id=get_last_data_municipios, execution_date=20230317T200000, start_date=20230317T215547, end_date=20230317T215548
[2023-03-17 21:55:48,514] {local_task_job.py:156} INFO - Task exited with return code 0
[2023-03-17 21:55:48,579] {local_task_job.py:273} INFO - 0 downstream tasks scheduled from follow-on schedule check
