[2023-03-17 00:09:25,335] {taskinstance.py:1159} INFO - Dependencies all met for <TaskInstance: reto_tecnico_everst.table_by_municipio scheduled__2023-03-16T23:00:00+00:00 [queued]>
[2023-03-17 00:09:25,345] {taskinstance.py:1159} INFO - Dependencies all met for <TaskInstance: reto_tecnico_everst.table_by_municipio scheduled__2023-03-16T23:00:00+00:00 [queued]>
[2023-03-17 00:09:25,346] {taskinstance.py:1356} INFO - 
--------------------------------------------------------------------------------
[2023-03-17 00:09:25,347] {taskinstance.py:1357} INFO - Starting attempt 1 of 1
[2023-03-17 00:09:25,347] {taskinstance.py:1358} INFO - 
--------------------------------------------------------------------------------
[2023-03-17 00:09:25,562] {taskinstance.py:1377} INFO - Executing <Task(PythonOperator): table_by_municipio> on 2023-03-16 23:00:00+00:00
[2023-03-17 00:09:25,571] {standard_task_runner.py:52} INFO - Started process 285 to run task
[2023-03-17 00:09:25,574] {standard_task_runner.py:79} INFO - Running: ['***', 'tasks', 'run', 'reto_tecnico_everst', 'table_by_municipio', 'scheduled__2023-03-16T23:00:00+00:00', '--job-id', '127', '--raw', '--subdir', 'DAGS_FOLDER/reto_tecnico_everst.py', '--cfg-path', '/tmp/tmpwurmrphr', '--error-file', '/tmp/tmplijmz8j6']
[2023-03-17 00:09:25,576] {standard_task_runner.py:80} INFO - Job 127: Subtask table_by_municipio
[2023-03-17 00:09:25,754] {task_command.py:369} INFO - Running <TaskInstance: reto_tecnico_everst.table_by_municipio scheduled__2023-03-16T23:00:00+00:00 [running]> on host 7d9c3e4a2f58
[2023-03-17 00:09:25,915] {taskinstance.py:1571} INFO - Exporting the following env vars:
AIRFLOW_CTX_DAG_OWNER=***
AIRFLOW_CTX_DAG_ID=reto_tecnico_everst
AIRFLOW_CTX_TASK_ID=table_by_municipio
AIRFLOW_CTX_EXECUTION_DATE=2023-03-16T23:00:00+00:00
AIRFLOW_CTX_TRY_NUMBER=1
AIRFLOW_CTX_DAG_RUN_ID=scheduled__2023-03-16T23:00:00+00:00
[2023-03-17 00:09:25,931] {reto_tecnico_everst.py:54} INFO - Leyendo la base extraida del API
[2023-03-17 00:11:10,040] {reto_tecnico_everst.py:70} INFO - Guardando la base tabla por municipio en formato parquet, path: dags/data/Staging/base_2/base_20230317_00.11.parquet
[2023-03-17 00:11:10,473] {python.py:173} INFO - Done. Returned value was: None
[2023-03-17 00:11:10,485] {taskinstance.py:1400} INFO - Marking task as SUCCESS. dag_id=reto_tecnico_everst, task_id=table_by_municipio, execution_date=20230316T230000, start_date=20230317T000925, end_date=20230317T001110
[2023-03-17 00:11:10,627] {local_task_job.py:156} INFO - Task exited with return code 0
[2023-03-17 00:11:10,777] {local_task_job.py:273} INFO - 1 downstream tasks scheduled from follow-on schedule check
