[2023-03-17 02:02:16,475] {taskinstance.py:1159} INFO - Dependencies all met for <TaskInstance: reto_tecnico_everst.create_current_base3_copy scheduled__2023-03-17T01:00:00+00:00 [queued]>
[2023-03-17 02:02:16,484] {taskinstance.py:1159} INFO - Dependencies all met for <TaskInstance: reto_tecnico_everst.create_current_base3_copy scheduled__2023-03-17T01:00:00+00:00 [queued]>
[2023-03-17 02:02:16,485] {taskinstance.py:1356} INFO - 
--------------------------------------------------------------------------------
[2023-03-17 02:02:16,485] {taskinstance.py:1357} INFO - Starting attempt 1 of 1
[2023-03-17 02:02:16,486] {taskinstance.py:1358} INFO - 
--------------------------------------------------------------------------------
[2023-03-17 02:02:16,553] {taskinstance.py:1377} INFO - Executing <Task(BashOperator): create_current_base3_copy> on 2023-03-17 01:00:00+00:00
[2023-03-17 02:02:16,587] {standard_task_runner.py:52} INFO - Started process 1731 to run task
[2023-03-17 02:02:16,591] {standard_task_runner.py:79} INFO - Running: ['***', 'tasks', 'run', 'reto_tecnico_everst', 'create_current_base3_copy', 'scheduled__2023-03-17T01:00:00+00:00', '--job-id', '146', '--raw', '--subdir', 'DAGS_FOLDER/reto_tecnico_everst.py', '--cfg-path', '/tmp/tmpd8na1t3k', '--error-file', '/tmp/tmp1ap2pfso']
[2023-03-17 02:02:16,592] {standard_task_runner.py:80} INFO - Job 146: Subtask create_current_base3_copy
[2023-03-17 02:02:16,689] {task_command.py:369} INFO - Running <TaskInstance: reto_tecnico_everst.create_current_base3_copy scheduled__2023-03-17T01:00:00+00:00 [running]> on host 7d9c3e4a2f58
[2023-03-17 02:02:16,884] {taskinstance.py:1571} INFO - Exporting the following env vars:
AIRFLOW_CTX_DAG_OWNER=***
AIRFLOW_CTX_DAG_ID=reto_tecnico_everst
AIRFLOW_CTX_TASK_ID=create_current_base3_copy
AIRFLOW_CTX_EXECUTION_DATE=2023-03-17T01:00:00+00:00
AIRFLOW_CTX_TRY_NUMBER=1
AIRFLOW_CTX_DAG_RUN_ID=scheduled__2023-03-17T01:00:00+00:00
[2023-03-17 02:02:16,888] {subprocess.py:62} INFO - Tmp dir root location: 
 /tmp
[2023-03-17 02:02:16,905] {subprocess.py:74} INFO - Running command: ['bash', '-c', 'cp /opt/***/dags/data/Analytics/base_3/History/base_3_20230317_02.02.parquet /opt/***/dags/data/Analytics/base_3/base_3_current.parquet']
[2023-03-17 02:02:16,921] {subprocess.py:85} INFO - Output:
[2023-03-17 02:02:16,953] {subprocess.py:96} INFO - Command exited with return code 0
[2023-03-17 02:02:17,023] {taskinstance.py:1400} INFO - Marking task as SUCCESS. dag_id=reto_tecnico_everst, task_id=create_current_base3_copy, execution_date=20230317T010000, start_date=20230317T020216, end_date=20230317T020217
[2023-03-17 02:02:17,085] {local_task_job.py:156} INFO - Task exited with return code 0
[2023-03-17 02:02:17,144] {local_task_job.py:273} INFO - 0 downstream tasks scheduled from follow-on schedule check
