[2023-03-17 21:27:08,523] {taskinstance.py:1159} INFO - Dependencies all met for <TaskInstance: reto_tecnico_everst.get_last_data_municipios manual__2023-03-17T21:27:06.177413+00:00 [queued]>
[2023-03-17 21:27:08,534] {taskinstance.py:1159} INFO - Dependencies all met for <TaskInstance: reto_tecnico_everst.get_last_data_municipios manual__2023-03-17T21:27:06.177413+00:00 [queued]>
[2023-03-17 21:27:08,535] {taskinstance.py:1356} INFO - 
--------------------------------------------------------------------------------
[2023-03-17 21:27:08,535] {taskinstance.py:1357} INFO - Starting attempt 1 of 1
[2023-03-17 21:27:08,570] {taskinstance.py:1358} INFO - 
--------------------------------------------------------------------------------
[2023-03-17 21:27:08,679] {taskinstance.py:1377} INFO - Executing <Task(PythonOperator): get_last_data_municipios> on 2023-03-17 21:27:06.177413+00:00
[2023-03-17 21:27:08,690] {standard_task_runner.py:52} INFO - Started process 5056 to run task
[2023-03-17 21:27:08,708] {standard_task_runner.py:79} INFO - Running: ['***', 'tasks', 'run', 'reto_tecnico_everst', 'get_last_data_municipios', 'manual__2023-03-17T21:27:06.177413+00:00', '--job-id', '270', '--raw', '--subdir', 'DAGS_FOLDER/reto_tecnico_everst.py', '--cfg-path', '/tmp/tmptya3hg59', '--error-file', '/tmp/tmpxncw2ly4']
[2023-03-17 21:27:08,710] {standard_task_runner.py:80} INFO - Job 270: Subtask get_last_data_municipios
[2023-03-17 21:27:08,989] {task_command.py:369} INFO - Running <TaskInstance: reto_tecnico_everst.get_last_data_municipios manual__2023-03-17T21:27:06.177413+00:00 [running]> on host 7d9c3e4a2f58
[2023-03-17 21:27:09,295] {taskinstance.py:1571} INFO - Exporting the following env vars:
AIRFLOW_CTX_DAG_OWNER=***
AIRFLOW_CTX_DAG_ID=reto_tecnico_everst
AIRFLOW_CTX_TASK_ID=get_last_data_municipios
AIRFLOW_CTX_EXECUTION_DATE=2023-03-17T21:27:06.177413+00:00
AIRFLOW_CTX_TRY_NUMBER=1
AIRFLOW_CTX_DAG_RUN_ID=manual__2023-03-17T21:27:06.177413+00:00
[2023-03-17 21:27:09,362] {reto_tecnico_everst.py:88} INFO - Generando el path del archivo mas reciente de data_municipios: dags/data/Raw/data_municipios/20220503/data.csv
[2023-03-17 21:27:09,363] {python.py:173} INFO - Done. Returned value was: None
[2023-03-17 21:27:09,379] {taskinstance.py:1400} INFO - Marking task as SUCCESS. dag_id=reto_tecnico_everst, task_id=get_last_data_municipios, execution_date=20230317T212706, start_date=20230317T212708, end_date=20230317T212709
[2023-03-17 21:27:09,441] {local_task_job.py:156} INFO - Task exited with return code 0
[2023-03-17 21:27:09,554] {local_task_job.py:273} INFO - 0 downstream tasks scheduled from follow-on schedule check
