[2023-03-17 04:00:01,702] {taskinstance.py:1159} INFO - Dependencies all met for <TaskInstance: reto_tecnico_everst.download_data scheduled__2023-03-17T03:00:00+00:00 [queued]>
[2023-03-17 04:00:01,714] {taskinstance.py:1159} INFO - Dependencies all met for <TaskInstance: reto_tecnico_everst.download_data scheduled__2023-03-17T03:00:00+00:00 [queued]>
[2023-03-17 04:00:01,715] {taskinstance.py:1356} INFO - 
--------------------------------------------------------------------------------
[2023-03-17 04:00:01,716] {taskinstance.py:1357} INFO - Starting attempt 1 of 1
[2023-03-17 04:00:01,716] {taskinstance.py:1358} INFO - 
--------------------------------------------------------------------------------
[2023-03-17 04:00:01,771] {taskinstance.py:1377} INFO - Executing <Task(PythonOperator): download_data> on 2023-03-17 03:00:00+00:00
[2023-03-17 04:00:01,781] {standard_task_runner.py:52} INFO - Started process 3226 to run task
[2023-03-17 04:00:01,786] {standard_task_runner.py:79} INFO - Running: ['***', 'tasks', 'run', 'reto_tecnico_everst', 'download_data', 'scheduled__2023-03-17T03:00:00+00:00', '--job-id', '162', '--raw', '--subdir', 'DAGS_FOLDER/reto_tecnico_everst.py', '--cfg-path', '/tmp/tmpqjcx8_54', '--error-file', '/tmp/tmpbnypgcz1']
[2023-03-17 04:00:01,789] {standard_task_runner.py:80} INFO - Job 162: Subtask download_data
[2023-03-17 04:00:01,956] {task_command.py:369} INFO - Running <TaskInstance: reto_tecnico_everst.download_data scheduled__2023-03-17T03:00:00+00:00 [running]> on host 7d9c3e4a2f58
[2023-03-17 04:00:02,135] {taskinstance.py:1571} INFO - Exporting the following env vars:
AIRFLOW_CTX_DAG_OWNER=***
AIRFLOW_CTX_DAG_ID=reto_tecnico_everst
AIRFLOW_CTX_TASK_ID=download_data
AIRFLOW_CTX_EXECUTION_DATE=2023-03-17T03:00:00+00:00
AIRFLOW_CTX_TRY_NUMBER=1
AIRFLOW_CTX_DAG_RUN_ID=scheduled__2023-03-17T03:00:00+00:00
[2023-03-17 04:00:05,684] {reto_tecnico_everst.py:39} INFO - Generando descarga del GZ
[2023-03-17 04:00:12,271] {reto_tecnico_everst.py:46} INFO - Guardando la base generada desde el API, path: dags/data/Raw/base_api/base_20230317_04.00.json
[2023-03-17 04:00:23,556] {python.py:173} INFO - Done. Returned value was: None
[2023-03-17 04:00:23,573] {taskinstance.py:1400} INFO - Marking task as SUCCESS. dag_id=reto_tecnico_everst, task_id=download_data, execution_date=20230317T030000, start_date=20230317T040001, end_date=20230317T040023
[2023-03-17 04:00:23,665] {local_task_job.py:156} INFO - Task exited with return code 0
[2023-03-17 04:00:23,734] {local_task_job.py:273} INFO - 2 downstream tasks scheduled from follow-on schedule check
