[2023-03-17 23:14:26,398] {taskinstance.py:1159} INFO - Dependencies all met for <TaskInstance: reto_tecnico_everst.get_last_data_municipios manual__2023-03-17T23:14:24.118865+00:00 [queued]>
[2023-03-17 23:14:26,407] {taskinstance.py:1159} INFO - Dependencies all met for <TaskInstance: reto_tecnico_everst.get_last_data_municipios manual__2023-03-17T23:14:24.118865+00:00 [queued]>
[2023-03-17 23:14:26,408] {taskinstance.py:1356} INFO - 
--------------------------------------------------------------------------------
[2023-03-17 23:14:26,409] {taskinstance.py:1357} INFO - Starting attempt 1 of 1
[2023-03-17 23:14:26,409] {taskinstance.py:1358} INFO - 
--------------------------------------------------------------------------------
[2023-03-17 23:14:26,536] {taskinstance.py:1377} INFO - Executing <Task(PythonOperator): get_last_data_municipios> on 2023-03-17 23:14:24.118865+00:00
[2023-03-17 23:14:26,550] {standard_task_runner.py:52} INFO - Started process 764 to run task
[2023-03-17 23:14:26,556] {standard_task_runner.py:79} INFO - Running: ['***', 'tasks', 'run', 'reto_tecnico_everst', 'get_last_data_municipios', 'manual__2023-03-17T23:14:24.118865+00:00', '--job-id', '32', '--raw', '--subdir', 'DAGS_FOLDER/reto_tecnico_everst.py', '--cfg-path', '/tmp/tmp5zy9dsq4', '--error-file', '/tmp/tmp7ayupyuk']
[2023-03-17 23:14:26,558] {standard_task_runner.py:80} INFO - Job 32: Subtask get_last_data_municipios
[2023-03-17 23:14:26,698] {task_command.py:369} INFO - Running <TaskInstance: reto_tecnico_everst.get_last_data_municipios manual__2023-03-17T23:14:24.118865+00:00 [running]> on host 8b817a59af06
[2023-03-17 23:14:26,890] {taskinstance.py:1571} INFO - Exporting the following env vars:
AIRFLOW_CTX_DAG_OWNER=***
AIRFLOW_CTX_DAG_ID=reto_tecnico_everst
AIRFLOW_CTX_TASK_ID=get_last_data_municipios
AIRFLOW_CTX_EXECUTION_DATE=2023-03-17T23:14:24.118865+00:00
AIRFLOW_CTX_TRY_NUMBER=1
AIRFLOW_CTX_DAG_RUN_ID=manual__2023-03-17T23:14:24.118865+00:00
[2023-03-17 23:14:26,951] {reto_tecnico_everst.py:86} INFO - Generando el path del archivo mas reciente de data_municipios: data/Raw/data_municipios/20220503/data.csv
[2023-03-17 23:14:26,952] {python.py:173} INFO - Done. Returned value was: None
[2023-03-17 23:14:26,974] {taskinstance.py:1400} INFO - Marking task as SUCCESS. dag_id=reto_tecnico_everst, task_id=get_last_data_municipios, execution_date=20230317T231424, start_date=20230317T231426, end_date=20230317T231426
[2023-03-17 23:14:27,058] {local_task_job.py:156} INFO - Task exited with return code 0
[2023-03-17 23:14:27,184] {local_task_job.py:273} INFO - 0 downstream tasks scheduled from follow-on schedule check
