[2023-03-17 20:49:22,118] {taskinstance.py:1159} INFO - Dependencies all met for <TaskInstance: reto_tecnico_everst.download_data scheduled__2023-03-17T19:00:00+00:00 [queued]>
[2023-03-17 20:49:22,128] {taskinstance.py:1159} INFO - Dependencies all met for <TaskInstance: reto_tecnico_everst.download_data scheduled__2023-03-17T19:00:00+00:00 [queued]>
[2023-03-17 20:49:22,128] {taskinstance.py:1356} INFO - 
--------------------------------------------------------------------------------
[2023-03-17 20:49:22,129] {taskinstance.py:1357} INFO - Starting attempt 1 of 1
[2023-03-17 20:49:22,129] {taskinstance.py:1358} INFO - 
--------------------------------------------------------------------------------
[2023-03-17 20:49:22,185] {taskinstance.py:1377} INFO - Executing <Task(PythonOperator): download_data> on 2023-03-17 19:00:00+00:00
[2023-03-17 20:49:22,194] {standard_task_runner.py:52} INFO - Started process 4350 to run task
[2023-03-17 20:49:22,203] {standard_task_runner.py:79} INFO - Running: ['***', 'tasks', 'run', 'reto_tecnico_everst', 'download_data', 'scheduled__2023-03-17T19:00:00+00:00', '--job-id', '228', '--raw', '--subdir', 'DAGS_FOLDER/reto_tecnico_everst.py', '--cfg-path', '/tmp/tmp5ot_bd8g', '--error-file', '/tmp/tmp84twf_2s']
[2023-03-17 20:49:22,205] {standard_task_runner.py:80} INFO - Job 228: Subtask download_data
[2023-03-17 20:49:22,475] {task_command.py:369} INFO - Running <TaskInstance: reto_tecnico_everst.download_data scheduled__2023-03-17T19:00:00+00:00 [running]> on host 7d9c3e4a2f58
[2023-03-17 20:49:22,816] {taskinstance.py:1571} INFO - Exporting the following env vars:
AIRFLOW_CTX_DAG_OWNER=***
AIRFLOW_CTX_DAG_ID=reto_tecnico_everst
AIRFLOW_CTX_TASK_ID=download_data
AIRFLOW_CTX_EXECUTION_DATE=2023-03-17T19:00:00+00:00
AIRFLOW_CTX_TRY_NUMBER=1
AIRFLOW_CTX_DAG_RUN_ID=scheduled__2023-03-17T19:00:00+00:00
[2023-03-17 20:49:26,973] {reto_tecnico_everst.py:41} INFO - Generando descarga del GZ
[2023-03-17 20:49:31,252] {reto_tecnico_everst.py:48} INFO - Guardando la base generada desde el API, path: dags/data/Raw/base_api/base_20230317_20.49.json
[2023-03-17 20:49:42,610] {python.py:173} INFO - Done. Returned value was: None
[2023-03-17 20:49:42,624] {taskinstance.py:1400} INFO - Marking task as SUCCESS. dag_id=reto_tecnico_everst, task_id=download_data, execution_date=20230317T190000, start_date=20230317T204922, end_date=20230317T204942
[2023-03-17 20:49:42,682] {local_task_job.py:156} INFO - Task exited with return code 0
[2023-03-17 20:49:42,785] {local_task_job.py:273} INFO - 1 downstream tasks scheduled from follow-on schedule check
