[2023-03-17 21:00:23,862] {taskinstance.py:1159} INFO - Dependencies all met for <TaskInstance: reto_tecnico_everst.table_by_municipio scheduled__2023-03-17T20:00:00+00:00 [queued]>
[2023-03-17 21:00:23,873] {taskinstance.py:1159} INFO - Dependencies all met for <TaskInstance: reto_tecnico_everst.table_by_municipio scheduled__2023-03-17T20:00:00+00:00 [queued]>
[2023-03-17 21:00:23,874] {taskinstance.py:1356} INFO - 
--------------------------------------------------------------------------------
[2023-03-17 21:00:23,874] {taskinstance.py:1357} INFO - Starting attempt 1 of 1
[2023-03-17 21:00:23,875] {taskinstance.py:1358} INFO - 
--------------------------------------------------------------------------------
[2023-03-17 21:00:23,965] {taskinstance.py:1377} INFO - Executing <Task(PythonOperator): table_by_municipio> on 2023-03-17 20:00:00+00:00
[2023-03-17 21:00:23,973] {standard_task_runner.py:52} INFO - Started process 4550 to run task
[2023-03-17 21:00:23,977] {standard_task_runner.py:79} INFO - Running: ['***', 'tasks', 'run', 'reto_tecnico_everst', 'table_by_municipio', 'scheduled__2023-03-17T20:00:00+00:00', '--job-id', '243', '--raw', '--subdir', 'DAGS_FOLDER/reto_tecnico_everst.py', '--cfg-path', '/tmp/tmpz_e4e71a', '--error-file', '/tmp/tmpcuuirf0w']
[2023-03-17 21:00:23,979] {standard_task_runner.py:80} INFO - Job 243: Subtask table_by_municipio
[2023-03-17 21:00:24,074] {task_command.py:369} INFO - Running <TaskInstance: reto_tecnico_everst.table_by_municipio scheduled__2023-03-17T20:00:00+00:00 [running]> on host 7d9c3e4a2f58
[2023-03-17 21:00:24,219] {taskinstance.py:1571} INFO - Exporting the following env vars:
AIRFLOW_CTX_DAG_OWNER=***
AIRFLOW_CTX_DAG_ID=reto_tecnico_everst
AIRFLOW_CTX_TASK_ID=table_by_municipio
AIRFLOW_CTX_EXECUTION_DATE=2023-03-17T20:00:00+00:00
AIRFLOW_CTX_TRY_NUMBER=1
AIRFLOW_CTX_DAG_RUN_ID=scheduled__2023-03-17T20:00:00+00:00
[2023-03-17 21:00:24,232] {reto_tecnico_everst.py:57} INFO - Leyendo la base extraida del API
[2023-03-17 21:00:27,093] {reto_tecnico_everst.py:70} INFO - Formateando los tipos de datos en el DataFrame.
[2023-03-17 21:00:27,113] {logging_mixin.py:115} WARNING - /opt/***/dags/reto_tecnico_everst.py:71 SettingWithCopyWarning: 
A value is trying to be set on a copy of a slice from a DataFrame.
Try using .loc[row_indexer,col_indexer] = value instead

See the caveats in the documentation: https://pandas.pydata.org/pandas-docs/stable/user_guide/indexing.html#returning-a-view-versus-a-copy
[2023-03-17 21:00:27,121] {logging_mixin.py:115} WARNING - /opt/***/dags/reto_tecnico_everst.py:72 SettingWithCopyWarning: 
A value is trying to be set on a copy of a slice from a DataFrame.
Try using .loc[row_indexer,col_indexer] = value instead

See the caveats in the documentation: https://pandas.pydata.org/pandas-docs/stable/user_guide/indexing.html#returning-a-view-versus-a-copy
[2023-03-17 21:00:27,129] {logging_mixin.py:115} WARNING - /opt/***/dags/reto_tecnico_everst.py:73 SettingWithCopyWarning: 
A value is trying to be set on a copy of a slice from a DataFrame.
Try using .loc[row_indexer,col_indexer] = value instead

See the caveats in the documentation: https://pandas.pydata.org/pandas-docs/stable/user_guide/indexing.html#returning-a-view-versus-a-copy
[2023-03-17 21:00:27,136] {logging_mixin.py:115} WARNING - /opt/***/dags/reto_tecnico_everst.py:74 SettingWithCopyWarning: 
A value is trying to be set on a copy of a slice from a DataFrame.
Try using .loc[row_indexer,col_indexer] = value instead

See the caveats in the documentation: https://pandas.pydata.org/pandas-docs/stable/user_guide/indexing.html#returning-a-view-versus-a-copy
[2023-03-17 21:00:27,136] {reto_tecnico_everst.py:75} INFO - Creando el promedio de temperatura y precipitación de las últimas dos horas.
[2023-03-17 21:00:27,140] {logging_mixin.py:115} WARNING - /opt/***/dags/reto_tecnico_everst.py:76 FutureWarning: Indexing with multiple keys (implicitly converted to a tuple of keys) will be deprecated, use a list instead.
[2023-03-17 21:00:27,248] {reto_tecnico_everst.py:81} INFO - Guardando la base tabla por municipio en formato parquet, path: dags/data/Staging/base_2/base_20230317_21.00.parquet
[2023-03-17 21:00:27,663] {python.py:173} INFO - Done. Returned value was: None
[2023-03-17 21:00:27,675] {taskinstance.py:1400} INFO - Marking task as SUCCESS. dag_id=reto_tecnico_everst, task_id=table_by_municipio, execution_date=20230317T200000, start_date=20230317T210023, end_date=20230317T210027
[2023-03-17 21:00:27,768] {local_task_job.py:156} INFO - Task exited with return code 0
[2023-03-17 21:00:27,840] {local_task_job.py:273} INFO - 1 downstream tasks scheduled from follow-on schedule check
[2023-03-17 21:05:23,724] {taskinstance.py:1159} INFO - Dependencies all met for <TaskInstance: reto_tecnico_everst.table_by_municipio scheduled__2023-03-17T20:00:00+00:00 [queued]>
[2023-03-17 21:05:23,734] {taskinstance.py:1159} INFO - Dependencies all met for <TaskInstance: reto_tecnico_everst.table_by_municipio scheduled__2023-03-17T20:00:00+00:00 [queued]>
[2023-03-17 21:05:23,735] {taskinstance.py:1356} INFO - 
--------------------------------------------------------------------------------
[2023-03-17 21:05:23,735] {taskinstance.py:1357} INFO - Starting attempt 1 of 1
[2023-03-17 21:05:23,736] {taskinstance.py:1358} INFO - 
--------------------------------------------------------------------------------
[2023-03-17 21:05:23,960] {taskinstance.py:1377} INFO - Executing <Task(PythonOperator): table_by_municipio> on 2023-03-17 20:00:00+00:00
[2023-03-17 21:05:23,979] {standard_task_runner.py:52} INFO - Started process 4671 to run task
[2023-03-17 21:05:23,984] {standard_task_runner.py:79} INFO - Running: ['***', 'tasks', 'run', 'reto_tecnico_everst', 'table_by_municipio', 'scheduled__2023-03-17T20:00:00+00:00', '--job-id', '251', '--raw', '--subdir', 'DAGS_FOLDER/reto_tecnico_everst.py', '--cfg-path', '/tmp/tmpyyvmdfsp', '--error-file', '/tmp/tmpnixivffv']
[2023-03-17 21:05:23,986] {standard_task_runner.py:80} INFO - Job 251: Subtask table_by_municipio
[2023-03-17 21:05:24,076] {task_command.py:369} INFO - Running <TaskInstance: reto_tecnico_everst.table_by_municipio scheduled__2023-03-17T20:00:00+00:00 [running]> on host 7d9c3e4a2f58
[2023-03-17 21:05:24,409] {taskinstance.py:1571} INFO - Exporting the following env vars:
AIRFLOW_CTX_DAG_OWNER=***
AIRFLOW_CTX_DAG_ID=reto_tecnico_everst
AIRFLOW_CTX_TASK_ID=table_by_municipio
AIRFLOW_CTX_EXECUTION_DATE=2023-03-17T20:00:00+00:00
AIRFLOW_CTX_TRY_NUMBER=1
AIRFLOW_CTX_DAG_RUN_ID=scheduled__2023-03-17T20:00:00+00:00
[2023-03-17 21:05:24,435] {reto_tecnico_everst.py:57} INFO - Leyendo la base extraida del API
[2023-03-17 21:05:27,429] {reto_tecnico_everst.py:64} INFO - Formateando los tipos de datos en el DataFrame.
[2023-03-17 21:05:27,453] {logging_mixin.py:115} WARNING - /opt/***/dags/reto_tecnico_everst.py:65 SettingWithCopyWarning: 
A value is trying to be set on a copy of a slice from a DataFrame.
Try using .loc[row_indexer,col_indexer] = value instead

See the caveats in the documentation: https://pandas.pydata.org/pandas-docs/stable/user_guide/indexing.html#returning-a-view-versus-a-copy
[2023-03-17 21:05:27,462] {logging_mixin.py:115} WARNING - /opt/***/dags/reto_tecnico_everst.py:66 SettingWithCopyWarning: 
A value is trying to be set on a copy of a slice from a DataFrame.
Try using .loc[row_indexer,col_indexer] = value instead

See the caveats in the documentation: https://pandas.pydata.org/pandas-docs/stable/user_guide/indexing.html#returning-a-view-versus-a-copy
[2023-03-17 21:05:27,471] {logging_mixin.py:115} WARNING - /opt/***/dags/reto_tecnico_everst.py:67 SettingWithCopyWarning: 
A value is trying to be set on a copy of a slice from a DataFrame.
Try using .loc[row_indexer,col_indexer] = value instead

See the caveats in the documentation: https://pandas.pydata.org/pandas-docs/stable/user_guide/indexing.html#returning-a-view-versus-a-copy
[2023-03-17 21:05:27,478] {logging_mixin.py:115} WARNING - /opt/***/dags/reto_tecnico_everst.py:68 SettingWithCopyWarning: 
A value is trying to be set on a copy of a slice from a DataFrame.
Try using .loc[row_indexer,col_indexer] = value instead

See the caveats in the documentation: https://pandas.pydata.org/pandas-docs/stable/user_guide/indexing.html#returning-a-view-versus-a-copy
[2023-03-17 21:05:27,479] {reto_tecnico_everst.py:69} INFO - Creando el promedio de temperatura y precipitación de las últimas dos horas.
[2023-03-17 21:05:27,482] {logging_mixin.py:115} WARNING - /opt/***/dags/reto_tecnico_everst.py:70 FutureWarning: Indexing with multiple keys (implicitly converted to a tuple of keys) will be deprecated, use a list instead.
[2023-03-17 21:05:27,550] {reto_tecnico_everst.py:75} INFO - Guardando la base tabla por municipio en formato parquet, path: dags/data/Staging/base_2/base_20230317_21.05.parquet
[2023-03-17 21:05:28,059] {python.py:173} INFO - Done. Returned value was: None
[2023-03-17 21:05:28,074] {taskinstance.py:1400} INFO - Marking task as SUCCESS. dag_id=reto_tecnico_everst, task_id=table_by_municipio, execution_date=20230317T200000, start_date=20230317T210523, end_date=20230317T210528
[2023-03-17 21:05:28,174] {local_task_job.py:156} INFO - Task exited with return code 0
[2023-03-17 21:05:28,383] {local_task_job.py:273} INFO - 0 downstream tasks scheduled from follow-on schedule check
