[2023-03-17 21:57:46,184] {taskinstance.py:1159} INFO - Dependencies all met for <TaskInstance: reto_tecnico_everst.get_last_data_municipios manual__2023-03-17T21:57:44.325125+00:00 [queued]>
[2023-03-17 21:57:46,195] {taskinstance.py:1159} INFO - Dependencies all met for <TaskInstance: reto_tecnico_everst.get_last_data_municipios manual__2023-03-17T21:57:44.325125+00:00 [queued]>
[2023-03-17 21:57:46,196] {taskinstance.py:1356} INFO - 
--------------------------------------------------------------------------------
[2023-03-17 21:57:46,197] {taskinstance.py:1357} INFO - Starting attempt 1 of 1
[2023-03-17 21:57:46,199] {taskinstance.py:1358} INFO - 
--------------------------------------------------------------------------------
[2023-03-17 21:57:46,300] {taskinstance.py:1377} INFO - Executing <Task(PythonOperator): get_last_data_municipios> on 2023-03-17 21:57:44.325125+00:00
[2023-03-17 21:57:46,320] {standard_task_runner.py:79} INFO - Running: ['***', 'tasks', 'run', 'reto_tecnico_everst', 'get_last_data_municipios', 'manual__2023-03-17T21:57:44.325125+00:00', '--job-id', '7', '--raw', '--subdir', 'DAGS_FOLDER/reto_tecnico_everst.py', '--cfg-path', '/tmp/tmpvkoinlxi', '--error-file', '/tmp/tmpntjojtyh']
[2023-03-17 21:57:46,317] {standard_task_runner.py:52} INFO - Started process 272 to run task
[2023-03-17 21:57:46,324] {standard_task_runner.py:80} INFO - Job 7: Subtask get_last_data_municipios
[2023-03-17 21:57:46,470] {task_command.py:369} INFO - Running <TaskInstance: reto_tecnico_everst.get_last_data_municipios manual__2023-03-17T21:57:44.325125+00:00 [running]> on host 8b817a59af06
[2023-03-17 21:57:46,753] {taskinstance.py:1571} INFO - Exporting the following env vars:
AIRFLOW_CTX_DAG_OWNER=***
AIRFLOW_CTX_DAG_ID=reto_tecnico_everst
AIRFLOW_CTX_TASK_ID=get_last_data_municipios
AIRFLOW_CTX_EXECUTION_DATE=2023-03-17T21:57:44.325125+00:00
AIRFLOW_CTX_TRY_NUMBER=1
AIRFLOW_CTX_DAG_RUN_ID=manual__2023-03-17T21:57:44.325125+00:00
[2023-03-17 21:57:46,799] {reto_tecnico_everst.py:86} INFO - Generando el path del archivo mas reciente de data_municipios: data/Raw/data_municipios/20220503/data.csv
[2023-03-17 21:57:46,800] {python.py:173} INFO - Done. Returned value was: None
[2023-03-17 21:57:46,816] {taskinstance.py:1400} INFO - Marking task as SUCCESS. dag_id=reto_tecnico_everst, task_id=get_last_data_municipios, execution_date=20230317T215744, start_date=20230317T215746, end_date=20230317T215746
[2023-03-17 21:57:46,868] {local_task_job.py:156} INFO - Task exited with return code 0
[2023-03-17 21:57:46,933] {local_task_job.py:273} INFO - 0 downstream tasks scheduled from follow-on schedule check
