[2023-03-17 22:05:05,657] {taskinstance.py:1159} INFO - Dependencies all met for <TaskInstance: reto_tecnico_everst.get_last_data_municipios manual__2023-03-17T22:05:03.639782+00:00 [queued]>
[2023-03-17 22:05:05,670] {taskinstance.py:1159} INFO - Dependencies all met for <TaskInstance: reto_tecnico_everst.get_last_data_municipios manual__2023-03-17T22:05:03.639782+00:00 [queued]>
[2023-03-17 22:05:05,671] {taskinstance.py:1356} INFO - 
--------------------------------------------------------------------------------
[2023-03-17 22:05:05,671] {taskinstance.py:1357} INFO - Starting attempt 1 of 1
[2023-03-17 22:05:05,672] {taskinstance.py:1358} INFO - 
--------------------------------------------------------------------------------
[2023-03-17 22:05:05,789] {taskinstance.py:1377} INFO - Executing <Task(PythonOperator): get_last_data_municipios> on 2023-03-17 22:05:03.639782+00:00
[2023-03-17 22:05:05,794] {standard_task_runner.py:52} INFO - Started process 379 to run task
[2023-03-17 22:05:05,798] {standard_task_runner.py:79} INFO - Running: ['***', 'tasks', 'run', 'reto_tecnico_everst', 'get_last_data_municipios', 'manual__2023-03-17T22:05:03.639782+00:00', '--job-id', '14', '--raw', '--subdir', 'DAGS_FOLDER/reto_tecnico_everst.py', '--cfg-path', '/tmp/tmpnktwfesa', '--error-file', '/tmp/tmpngr047eo']
[2023-03-17 22:05:05,800] {standard_task_runner.py:80} INFO - Job 14: Subtask get_last_data_municipios
[2023-03-17 22:05:06,204] {task_command.py:369} INFO - Running <TaskInstance: reto_tecnico_everst.get_last_data_municipios manual__2023-03-17T22:05:03.639782+00:00 [running]> on host 8b817a59af06
[2023-03-17 22:05:06,531] {taskinstance.py:1571} INFO - Exporting the following env vars:
AIRFLOW_CTX_DAG_OWNER=***
AIRFLOW_CTX_DAG_ID=reto_tecnico_everst
AIRFLOW_CTX_TASK_ID=get_last_data_municipios
AIRFLOW_CTX_EXECUTION_DATE=2023-03-17T22:05:03.639782+00:00
AIRFLOW_CTX_TRY_NUMBER=1
AIRFLOW_CTX_DAG_RUN_ID=manual__2023-03-17T22:05:03.639782+00:00
[2023-03-17 22:05:06,714] {reto_tecnico_everst.py:86} INFO - Generando el path del archivo mas reciente de data_municipios: data/Raw/data_municipios/20220503/data.csv
[2023-03-17 22:05:06,715] {python.py:173} INFO - Done. Returned value was: None
[2023-03-17 22:05:06,728] {taskinstance.py:1400} INFO - Marking task as SUCCESS. dag_id=reto_tecnico_everst, task_id=get_last_data_municipios, execution_date=20230317T220503, start_date=20230317T220505, end_date=20230317T220506
[2023-03-17 22:05:06,896] {local_task_job.py:156} INFO - Task exited with return code 0
[2023-03-17 22:05:07,047] {local_task_job.py:273} INFO - 0 downstream tasks scheduled from follow-on schedule check
