[2023-03-17 02:10:24,989] {taskinstance.py:1159} INFO - Dependencies all met for <TaskInstance: reto_tecnico_everst.create_current_base3_copy manual__2023-03-17T02:08:04.997003+00:00 [queued]>
[2023-03-17 02:10:25,000] {taskinstance.py:1159} INFO - Dependencies all met for <TaskInstance: reto_tecnico_everst.create_current_base3_copy manual__2023-03-17T02:08:04.997003+00:00 [queued]>
[2023-03-17 02:10:25,000] {taskinstance.py:1356} INFO - 
--------------------------------------------------------------------------------
[2023-03-17 02:10:25,001] {taskinstance.py:1357} INFO - Starting attempt 1 of 1
[2023-03-17 02:10:25,002] {taskinstance.py:1358} INFO - 
--------------------------------------------------------------------------------
[2023-03-17 02:10:25,099] {taskinstance.py:1377} INFO - Executing <Task(BashOperator): create_current_base3_copy> on 2023-03-17 02:08:04.997003+00:00
[2023-03-17 02:10:25,105] {standard_task_runner.py:52} INFO - Started process 1882 to run task
[2023-03-17 02:10:25,109] {standard_task_runner.py:79} INFO - Running: ['***', 'tasks', 'run', 'reto_tecnico_everst', 'create_current_base3_copy', 'manual__2023-03-17T02:08:04.997003+00:00', '--job-id', '151', '--raw', '--subdir', 'DAGS_FOLDER/reto_tecnico_everst.py', '--cfg-path', '/tmp/tmp6s0b2rwm', '--error-file', '/tmp/tmpo27qsigr']
[2023-03-17 02:10:25,110] {standard_task_runner.py:80} INFO - Job 151: Subtask create_current_base3_copy
[2023-03-17 02:10:25,213] {task_command.py:369} INFO - Running <TaskInstance: reto_tecnico_everst.create_current_base3_copy manual__2023-03-17T02:08:04.997003+00:00 [running]> on host 7d9c3e4a2f58
[2023-03-17 02:10:25,811] {taskinstance.py:1571} INFO - Exporting the following env vars:
AIRFLOW_CTX_DAG_OWNER=***
AIRFLOW_CTX_DAG_ID=reto_tecnico_everst
AIRFLOW_CTX_TASK_ID=create_current_base3_copy
AIRFLOW_CTX_EXECUTION_DATE=2023-03-17T02:08:04.997003+00:00
AIRFLOW_CTX_TRY_NUMBER=1
AIRFLOW_CTX_DAG_RUN_ID=manual__2023-03-17T02:08:04.997003+00:00
[2023-03-17 02:10:25,814] {subprocess.py:62} INFO - Tmp dir root location: 
 /tmp
[2023-03-17 02:10:25,969] {subprocess.py:74} INFO - Running command: ['bash', '-c', 'cp /opt/***/dags/data/Analytics/base_3/History/base_3_20230317_02.10.parquet /opt/***/dags/data/Analytics/base_3/base_3_current.parquet']
[2023-03-17 02:10:25,999] {subprocess.py:85} INFO - Output:
[2023-03-17 02:10:26,033] {subprocess.py:96} INFO - Command exited with return code 0
[2023-03-17 02:10:26,135] {taskinstance.py:1400} INFO - Marking task as SUCCESS. dag_id=reto_tecnico_everst, task_id=create_current_base3_copy, execution_date=20230317T020804, start_date=20230317T021024, end_date=20230317T021026
[2023-03-17 02:10:26,205] {local_task_job.py:156} INFO - Task exited with return code 0
[2023-03-17 02:10:26,273] {local_task_job.py:273} INFO - 0 downstream tasks scheduled from follow-on schedule check
