[2023-03-17 04:02:15,087] {taskinstance.py:1159} INFO - Dependencies all met for <TaskInstance: reto_tecnico_everst.cruzar_base2_y_data_municipios scheduled__2023-03-17T03:00:00+00:00 [queued]>
[2023-03-17 04:02:15,106] {taskinstance.py:1159} INFO - Dependencies all met for <TaskInstance: reto_tecnico_everst.cruzar_base2_y_data_municipios scheduled__2023-03-17T03:00:00+00:00 [queued]>
[2023-03-17 04:02:15,107] {taskinstance.py:1356} INFO - 
--------------------------------------------------------------------------------
[2023-03-17 04:02:15,108] {taskinstance.py:1357} INFO - Starting attempt 1 of 1
[2023-03-17 04:02:15,108] {taskinstance.py:1358} INFO - 
--------------------------------------------------------------------------------
[2023-03-17 04:02:15,154] {taskinstance.py:1377} INFO - Executing <Task(PythonOperator): cruzar_base2_y_data_municipios> on 2023-03-17 03:00:00+00:00
[2023-03-17 04:02:15,182] {standard_task_runner.py:52} INFO - Started process 3267 to run task
[2023-03-17 04:02:15,186] {standard_task_runner.py:79} INFO - Running: ['***', 'tasks', 'run', 'reto_tecnico_everst', 'cruzar_base2_y_data_municipios', 'scheduled__2023-03-17T03:00:00+00:00', '--job-id', '165', '--raw', '--subdir', 'DAGS_FOLDER/reto_tecnico_everst.py', '--cfg-path', '/tmp/tmpdlmjvhjh', '--error-file', '/tmp/tmpjmdcty9p']
[2023-03-17 04:02:15,187] {standard_task_runner.py:80} INFO - Job 165: Subtask cruzar_base2_y_data_municipios
[2023-03-17 04:02:15,298] {task_command.py:369} INFO - Running <TaskInstance: reto_tecnico_everst.cruzar_base2_y_data_municipios scheduled__2023-03-17T03:00:00+00:00 [running]> on host 7d9c3e4a2f58
[2023-03-17 04:02:15,516] {taskinstance.py:1571} INFO - Exporting the following env vars:
AIRFLOW_CTX_DAG_OWNER=***
AIRFLOW_CTX_DAG_ID=reto_tecnico_everst
AIRFLOW_CTX_TASK_ID=cruzar_base2_y_data_municipios
AIRFLOW_CTX_EXECUTION_DATE=2023-03-17T03:00:00+00:00
AIRFLOW_CTX_TRY_NUMBER=1
AIRFLOW_CTX_DAG_RUN_ID=scheduled__2023-03-17T03:00:00+00:00
[2023-03-17 04:02:15,754] {reto_tecnico_everst.py:111} INFO - Guardando la base del cruce de data_municipios y base_02 en formato parquet, path: dags/data/Analytics/base_3/History/base_3_20230317_04.02.parquet
[2023-03-17 04:02:15,851] {python.py:173} INFO - Done. Returned value was: None
[2023-03-17 04:02:15,866] {taskinstance.py:1400} INFO - Marking task as SUCCESS. dag_id=reto_tecnico_everst, task_id=cruzar_base2_y_data_municipios, execution_date=20230317T030000, start_date=20230317T040215, end_date=20230317T040215
[2023-03-17 04:02:16,042] {local_task_job.py:156} INFO - Task exited with return code 0
[2023-03-17 04:02:16,153] {local_task_job.py:273} INFO - 1 downstream tasks scheduled from follow-on schedule check
