[2023-03-17 21:27:08,263] {taskinstance.py:1159} INFO - Dependencies all met for <TaskInstance: reto_tecnico_everst.download_data manual__2023-03-17T21:27:06.177413+00:00 [queued]>
[2023-03-17 21:27:08,273] {taskinstance.py:1159} INFO - Dependencies all met for <TaskInstance: reto_tecnico_everst.download_data manual__2023-03-17T21:27:06.177413+00:00 [queued]>
[2023-03-17 21:27:08,274] {taskinstance.py:1356} INFO - 
--------------------------------------------------------------------------------
[2023-03-17 21:27:08,275] {taskinstance.py:1357} INFO - Starting attempt 1 of 1
[2023-03-17 21:27:08,275] {taskinstance.py:1358} INFO - 
--------------------------------------------------------------------------------
[2023-03-17 21:27:08,329] {taskinstance.py:1377} INFO - Executing <Task(PythonOperator): download_data> on 2023-03-17 21:27:06.177413+00:00
[2023-03-17 21:27:08,339] {standard_task_runner.py:52} INFO - Started process 5055 to run task
[2023-03-17 21:27:08,348] {standard_task_runner.py:79} INFO - Running: ['***', 'tasks', 'run', 'reto_tecnico_everst', 'download_data', 'manual__2023-03-17T21:27:06.177413+00:00', '--job-id', '269', '--raw', '--subdir', 'DAGS_FOLDER/reto_tecnico_everst.py', '--cfg-path', '/tmp/tmpoaet17yi', '--error-file', '/tmp/tmp370u7j0b']
[2023-03-17 21:27:08,349] {standard_task_runner.py:80} INFO - Job 269: Subtask download_data
[2023-03-17 21:27:08,518] {task_command.py:369} INFO - Running <TaskInstance: reto_tecnico_everst.download_data manual__2023-03-17T21:27:06.177413+00:00 [running]> on host 7d9c3e4a2f58
[2023-03-17 21:27:08,783] {taskinstance.py:1571} INFO - Exporting the following env vars:
AIRFLOW_CTX_DAG_OWNER=***
AIRFLOW_CTX_DAG_ID=reto_tecnico_everst
AIRFLOW_CTX_TASK_ID=download_data
AIRFLOW_CTX_EXECUTION_DATE=2023-03-17T21:27:06.177413+00:00
AIRFLOW_CTX_TRY_NUMBER=1
AIRFLOW_CTX_DAG_RUN_ID=manual__2023-03-17T21:27:06.177413+00:00
[2023-03-17 21:27:13,339] {reto_tecnico_everst.py:41} INFO - Generando descarga del GZ
[2023-03-17 21:27:17,462] {reto_tecnico_everst.py:48} INFO - Guardando la base generada desde el API, path: dags/data/Raw/base_api/base_20230317_21.27.json
[2023-03-17 21:27:29,763] {python.py:173} INFO - Done. Returned value was: None
[2023-03-17 21:27:29,775] {taskinstance.py:1400} INFO - Marking task as SUCCESS. dag_id=reto_tecnico_everst, task_id=download_data, execution_date=20230317T212706, start_date=20230317T212708, end_date=20230317T212729
[2023-03-17 21:27:29,862] {local_task_job.py:156} INFO - Task exited with return code 0
[2023-03-17 21:27:29,986] {local_task_job.py:273} INFO - 1 downstream tasks scheduled from follow-on schedule check
