[2023-03-17 02:02:14,686] {taskinstance.py:1159} INFO - Dependencies all met for <TaskInstance: reto_tecnico_everst.cruzar_base2_y_data_municipios scheduled__2023-03-17T01:00:00+00:00 [queued]>
[2023-03-17 02:02:14,695] {taskinstance.py:1159} INFO - Dependencies all met for <TaskInstance: reto_tecnico_everst.cruzar_base2_y_data_municipios scheduled__2023-03-17T01:00:00+00:00 [queued]>
[2023-03-17 02:02:14,696] {taskinstance.py:1356} INFO - 
--------------------------------------------------------------------------------
[2023-03-17 02:02:14,696] {taskinstance.py:1357} INFO - Starting attempt 1 of 1
[2023-03-17 02:02:14,697] {taskinstance.py:1358} INFO - 
--------------------------------------------------------------------------------
[2023-03-17 02:02:14,782] {taskinstance.py:1377} INFO - Executing <Task(PythonOperator): cruzar_base2_y_data_municipios> on 2023-03-17 01:00:00+00:00
[2023-03-17 02:02:14,799] {standard_task_runner.py:52} INFO - Started process 1715 to run task
[2023-03-17 02:02:14,806] {standard_task_runner.py:79} INFO - Running: ['***', 'tasks', 'run', 'reto_tecnico_everst', 'cruzar_base2_y_data_municipios', 'scheduled__2023-03-17T01:00:00+00:00', '--job-id', '145', '--raw', '--subdir', 'DAGS_FOLDER/reto_tecnico_everst.py', '--cfg-path', '/tmp/tmp3t8qh1oq', '--error-file', '/tmp/tmpmy7decaz']
[2023-03-17 02:02:14,809] {standard_task_runner.py:80} INFO - Job 145: Subtask cruzar_base2_y_data_municipios
[2023-03-17 02:02:14,926] {task_command.py:369} INFO - Running <TaskInstance: reto_tecnico_everst.cruzar_base2_y_data_municipios scheduled__2023-03-17T01:00:00+00:00 [running]> on host 7d9c3e4a2f58
[2023-03-17 02:02:15,063] {taskinstance.py:1571} INFO - Exporting the following env vars:
AIRFLOW_CTX_DAG_OWNER=***
AIRFLOW_CTX_DAG_ID=reto_tecnico_everst
AIRFLOW_CTX_TASK_ID=cruzar_base2_y_data_municipios
AIRFLOW_CTX_EXECUTION_DATE=2023-03-17T01:00:00+00:00
AIRFLOW_CTX_TRY_NUMBER=1
AIRFLOW_CTX_DAG_RUN_ID=scheduled__2023-03-17T01:00:00+00:00
[2023-03-17 02:02:15,202] {reto_tecnico_everst.py:110} INFO - Guardando la base del cruce de data_municipios y base_02 en formato parquet, path: dags/data/Analytics/base_3/History/base_3_20230317_02.02.parquet
[2023-03-17 02:02:15,272] {python.py:173} INFO - Done. Returned value was: None
[2023-03-17 02:02:15,284] {taskinstance.py:1400} INFO - Marking task as SUCCESS. dag_id=reto_tecnico_everst, task_id=cruzar_base2_y_data_municipios, execution_date=20230317T010000, start_date=20230317T020214, end_date=20230317T020215
[2023-03-17 02:02:15,342] {local_task_job.py:156} INFO - Task exited with return code 0
[2023-03-17 02:02:15,419] {local_task_job.py:273} INFO - 0 downstream tasks scheduled from follow-on schedule check
