[2023-03-17 00:06:33,465] {taskinstance.py:1159} INFO - Dependencies all met for <TaskInstance: reto_tecnico_everst.table_by_municipio manual__2023-03-17T00:06:01.068320+00:00 [queued]>
[2023-03-17 00:06:33,475] {taskinstance.py:1159} INFO - Dependencies all met for <TaskInstance: reto_tecnico_everst.table_by_municipio manual__2023-03-17T00:06:01.068320+00:00 [queued]>
[2023-03-17 00:06:33,476] {taskinstance.py:1356} INFO - 
--------------------------------------------------------------------------------
[2023-03-17 00:06:33,477] {taskinstance.py:1357} INFO - Starting attempt 1 of 1
[2023-03-17 00:06:33,477] {taskinstance.py:1358} INFO - 
--------------------------------------------------------------------------------
[2023-03-17 00:06:34,071] {taskinstance.py:1377} INFO - Executing <Task(PythonOperator): table_by_municipio> on 2023-03-17 00:06:01.068320+00:00
[2023-03-17 00:06:34,076] {standard_task_runner.py:52} INFO - Started process 223 to run task
[2023-03-17 00:06:34,086] {standard_task_runner.py:79} INFO - Running: ['***', 'tasks', 'run', 'reto_tecnico_everst', 'table_by_municipio', 'manual__2023-03-17T00:06:01.068320+00:00', '--job-id', '121', '--raw', '--subdir', 'DAGS_FOLDER/reto_tecnico_everst.py', '--cfg-path', '/tmp/tmpxj_kik96', '--error-file', '/tmp/tmph0c08wke']
[2023-03-17 00:06:34,087] {standard_task_runner.py:80} INFO - Job 121: Subtask table_by_municipio
[2023-03-17 00:06:34,614] {task_command.py:369} INFO - Running <TaskInstance: reto_tecnico_everst.table_by_municipio manual__2023-03-17T00:06:01.068320+00:00 [running]> on host 7d9c3e4a2f58
[2023-03-17 00:06:36,098] {taskinstance.py:1571} INFO - Exporting the following env vars:
AIRFLOW_CTX_DAG_OWNER=***
AIRFLOW_CTX_DAG_ID=reto_tecnico_everst
AIRFLOW_CTX_TASK_ID=table_by_municipio
AIRFLOW_CTX_EXECUTION_DATE=2023-03-17T00:06:01.068320+00:00
AIRFLOW_CTX_TRY_NUMBER=1
AIRFLOW_CTX_DAG_RUN_ID=manual__2023-03-17T00:06:01.068320+00:00
[2023-03-17 00:06:36,120] {reto_tecnico_everst.py:54} INFO - Leyendo la base extraida del API
[2023-03-17 00:08:29,087] {reto_tecnico_everst.py:70} INFO - Guardando la base tabla por municipio en formato parquet, path: dags/data/Staging/base_2/base_20230317_00.08.parquet
[2023-03-17 00:08:29,744] {python.py:173} INFO - Done. Returned value was: None
[2023-03-17 00:08:29,758] {taskinstance.py:1400} INFO - Marking task as SUCCESS. dag_id=reto_tecnico_everst, task_id=table_by_municipio, execution_date=20230317T000601, start_date=20230317T000633, end_date=20230317T000829
[2023-03-17 00:08:29,916] {local_task_job.py:156} INFO - Task exited with return code 0
[2023-03-17 00:08:29,986] {local_task_job.py:273} INFO - 1 downstream tasks scheduled from follow-on schedule check
