[2023-03-17 04:00:25,316] {taskinstance.py:1159} INFO - Dependencies all met for <TaskInstance: reto_tecnico_everst.table_by_municipio scheduled__2023-03-17T03:00:00+00:00 [queued]>
[2023-03-17 04:00:25,327] {taskinstance.py:1159} INFO - Dependencies all met for <TaskInstance: reto_tecnico_everst.table_by_municipio scheduled__2023-03-17T03:00:00+00:00 [queued]>
[2023-03-17 04:00:25,328] {taskinstance.py:1356} INFO - 
--------------------------------------------------------------------------------
[2023-03-17 04:00:25,329] {taskinstance.py:1357} INFO - Starting attempt 1 of 1
[2023-03-17 04:00:25,329] {taskinstance.py:1358} INFO - 
--------------------------------------------------------------------------------
[2023-03-17 04:00:25,385] {taskinstance.py:1377} INFO - Executing <Task(PythonOperator): table_by_municipio> on 2023-03-17 03:00:00+00:00
[2023-03-17 04:00:25,393] {standard_task_runner.py:52} INFO - Started process 3232 to run task
[2023-03-17 04:00:25,396] {standard_task_runner.py:79} INFO - Running: ['***', 'tasks', 'run', 'reto_tecnico_everst', 'table_by_municipio', 'scheduled__2023-03-17T03:00:00+00:00', '--job-id', '164', '--raw', '--subdir', 'DAGS_FOLDER/reto_tecnico_everst.py', '--cfg-path', '/tmp/tmpw82dubzd', '--error-file', '/tmp/tmpp1h6y7s0']
[2023-03-17 04:00:25,397] {standard_task_runner.py:80} INFO - Job 164: Subtask table_by_municipio
[2023-03-17 04:00:25,557] {task_command.py:369} INFO - Running <TaskInstance: reto_tecnico_everst.table_by_municipio scheduled__2023-03-17T03:00:00+00:00 [running]> on host 7d9c3e4a2f58
[2023-03-17 04:00:25,798] {taskinstance.py:1571} INFO - Exporting the following env vars:
AIRFLOW_CTX_DAG_OWNER=***
AIRFLOW_CTX_DAG_ID=reto_tecnico_everst
AIRFLOW_CTX_TASK_ID=table_by_municipio
AIRFLOW_CTX_EXECUTION_DATE=2023-03-17T03:00:00+00:00
AIRFLOW_CTX_TRY_NUMBER=1
AIRFLOW_CTX_DAG_RUN_ID=scheduled__2023-03-17T03:00:00+00:00
[2023-03-17 04:00:25,815] {reto_tecnico_everst.py:55} INFO - Leyendo la base extraida del API
[2023-03-17 04:02:12,034] {reto_tecnico_everst.py:71} INFO - Guardando la base tabla por municipio en formato parquet, path: dags/data/Staging/base_2/base_20230317_04.02.parquet
[2023-03-17 04:02:12,544] {python.py:173} INFO - Done. Returned value was: None
[2023-03-17 04:02:12,564] {taskinstance.py:1400} INFO - Marking task as SUCCESS. dag_id=reto_tecnico_everst, task_id=table_by_municipio, execution_date=20230317T030000, start_date=20230317T040025, end_date=20230317T040212
[2023-03-17 04:02:12,751] {local_task_job.py:156} INFO - Task exited with return code 0
[2023-03-17 04:02:12,812] {local_task_job.py:273} INFO - 1 downstream tasks scheduled from follow-on schedule check
