[2023-03-17 21:20:21,933] {taskinstance.py:1159} INFO - Dependencies all met for <TaskInstance: reto_tecnico_everst.cruzar_base2_datamunicipios manual__2023-03-17T21:19:51.847884+00:00 [queued]>
[2023-03-17 21:20:21,942] {taskinstance.py:1159} INFO - Dependencies all met for <TaskInstance: reto_tecnico_everst.cruzar_base2_datamunicipios manual__2023-03-17T21:19:51.847884+00:00 [queued]>
[2023-03-17 21:20:21,943] {taskinstance.py:1356} INFO - 
--------------------------------------------------------------------------------
[2023-03-17 21:20:21,944] {taskinstance.py:1357} INFO - Starting attempt 1 of 1
[2023-03-17 21:20:21,945] {taskinstance.py:1358} INFO - 
--------------------------------------------------------------------------------
[2023-03-17 21:20:21,997] {taskinstance.py:1377} INFO - Executing <Task(PythonOperator): cruzar_base2_datamunicipios> on 2023-03-17 21:19:51.847884+00:00
[2023-03-17 21:20:22,002] {standard_task_runner.py:52} INFO - Started process 4957 to run task
[2023-03-17 21:20:22,005] {standard_task_runner.py:79} INFO - Running: ['***', 'tasks', 'run', 'reto_tecnico_everst', 'cruzar_base2_datamunicipios', 'manual__2023-03-17T21:19:51.847884+00:00', '--job-id', '267', '--raw', '--subdir', 'DAGS_FOLDER/reto_tecnico_everst.py', '--cfg-path', '/tmp/tmpg1kgaf84', '--error-file', '/tmp/tmpcw8xe79v']
[2023-03-17 21:20:22,006] {standard_task_runner.py:80} INFO - Job 267: Subtask cruzar_base2_datamunicipios
[2023-03-17 21:20:22,138] {task_command.py:369} INFO - Running <TaskInstance: reto_tecnico_everst.cruzar_base2_datamunicipios manual__2023-03-17T21:19:51.847884+00:00 [running]> on host 7d9c3e4a2f58
[2023-03-17 21:20:22,265] {taskinstance.py:1571} INFO - Exporting the following env vars:
AIRFLOW_CTX_DAG_OWNER=***
AIRFLOW_CTX_DAG_ID=reto_tecnico_everst
AIRFLOW_CTX_TASK_ID=cruzar_base2_datamunicipios
AIRFLOW_CTX_EXECUTION_DATE=2023-03-17T21:19:51.847884+00:00
AIRFLOW_CTX_TRY_NUMBER=1
AIRFLOW_CTX_DAG_RUN_ID=manual__2023-03-17T21:19:51.847884+00:00
[2023-03-17 21:20:22,396] {reto_tecnico_everst.py:104} INFO - Guardando la base del cruce de data_municipios y base_02 en formato parquet, path: dags/data/Analytics/base_3/History/base_3_20230317_21.20.parquet
[2023-03-17 21:20:22,431] {python.py:173} INFO - Done. Returned value was: None
[2023-03-17 21:20:22,443] {taskinstance.py:1400} INFO - Marking task as SUCCESS. dag_id=reto_tecnico_everst, task_id=cruzar_base2_datamunicipios, execution_date=20230317T211951, start_date=20230317T212021, end_date=20230317T212022
[2023-03-17 21:20:22,625] {local_task_job.py:156} INFO - Task exited with return code 0
[2023-03-17 21:20:22,696] {local_task_job.py:273} INFO - 1 downstream tasks scheduled from follow-on schedule check
