[2023-03-17 18:02:32,909] {taskinstance.py:1159} INFO - Dependencies all met for <TaskInstance: reto_tecnico_everst.create_current_base3_copy scheduled__2023-03-17T17:00:00+00:00 [queued]>
[2023-03-17 18:02:32,920] {taskinstance.py:1159} INFO - Dependencies all met for <TaskInstance: reto_tecnico_everst.create_current_base3_copy scheduled__2023-03-17T17:00:00+00:00 [queued]>
[2023-03-17 18:02:32,921] {taskinstance.py:1356} INFO - 
--------------------------------------------------------------------------------
[2023-03-17 18:02:32,921] {taskinstance.py:1357} INFO - Starting attempt 1 of 1
[2023-03-17 18:02:32,922] {taskinstance.py:1358} INFO - 
--------------------------------------------------------------------------------
[2023-03-17 18:02:33,281] {taskinstance.py:1377} INFO - Executing <Task(BashOperator): create_current_base3_copy> on 2023-03-17 17:00:00+00:00
[2023-03-17 18:02:33,290] {standard_task_runner.py:52} INFO - Started process 1927 to run task
[2023-03-17 18:02:33,293] {standard_task_runner.py:79} INFO - Running: ['***', 'tasks', 'run', 'reto_tecnico_everst', 'create_current_base3_copy', 'scheduled__2023-03-17T17:00:00+00:00', '--job-id', '223', '--raw', '--subdir', 'DAGS_FOLDER/reto_tecnico_everst.py', '--cfg-path', '/tmp/tmpdk9fdcd6', '--error-file', '/tmp/tmpc437xb5b']
[2023-03-17 18:02:33,295] {standard_task_runner.py:80} INFO - Job 223: Subtask create_current_base3_copy
[2023-03-17 18:02:33,681] {task_command.py:369} INFO - Running <TaskInstance: reto_tecnico_everst.create_current_base3_copy scheduled__2023-03-17T17:00:00+00:00 [running]> on host 7d9c3e4a2f58
[2023-03-17 18:02:34,571] {taskinstance.py:1571} INFO - Exporting the following env vars:
AIRFLOW_CTX_DAG_OWNER=***
AIRFLOW_CTX_DAG_ID=reto_tecnico_everst
AIRFLOW_CTX_TASK_ID=create_current_base3_copy
AIRFLOW_CTX_EXECUTION_DATE=2023-03-17T17:00:00+00:00
AIRFLOW_CTX_TRY_NUMBER=1
AIRFLOW_CTX_DAG_RUN_ID=scheduled__2023-03-17T17:00:00+00:00
[2023-03-17 18:02:34,573] {subprocess.py:62} INFO - Tmp dir root location: 
 /tmp
[2023-03-17 18:02:34,574] {subprocess.py:74} INFO - Running command: ['bash', '-c', 'cp /opt/***/dags/data/Analytics/base_3/History/base_3_20230317_18.02.parquet /opt/***/dags/data/Analytics/base_3/base_3_current.parquet']
[2023-03-17 18:02:34,586] {subprocess.py:85} INFO - Output:
[2023-03-17 18:02:34,633] {subprocess.py:96} INFO - Command exited with return code 0
[2023-03-17 18:02:34,782] {taskinstance.py:1400} INFO - Marking task as SUCCESS. dag_id=reto_tecnico_everst, task_id=create_current_base3_copy, execution_date=20230317T170000, start_date=20230317T180232, end_date=20230317T180234
[2023-03-17 18:02:34,872] {local_task_job.py:156} INFO - Task exited with return code 0
[2023-03-17 18:02:35,189] {local_task_job.py:273} INFO - 0 downstream tasks scheduled from follow-on schedule check
