[2023-03-17 15:52:03,705] {taskinstance.py:1159} INFO - Dependencies all met for <TaskInstance: reto_tecnico_everst.cruzar_base2_y_data_municipios scheduled__2023-03-17T14:00:00+00:00 [queued]>
[2023-03-17 15:52:03,715] {taskinstance.py:1159} INFO - Dependencies all met for <TaskInstance: reto_tecnico_everst.cruzar_base2_y_data_municipios scheduled__2023-03-17T14:00:00+00:00 [queued]>
[2023-03-17 15:52:03,715] {taskinstance.py:1356} INFO - 
--------------------------------------------------------------------------------
[2023-03-17 15:52:03,716] {taskinstance.py:1357} INFO - Starting attempt 1 of 1
[2023-03-17 15:52:03,717] {taskinstance.py:1358} INFO - 
--------------------------------------------------------------------------------
[2023-03-17 15:52:03,827] {taskinstance.py:1377} INFO - Executing <Task(PythonOperator): cruzar_base2_y_data_municipios> on 2023-03-17 14:00:00+00:00
[2023-03-17 15:52:03,832] {standard_task_runner.py:52} INFO - Started process 300 to run task
[2023-03-17 15:52:03,835] {standard_task_runner.py:79} INFO - Running: ['***', 'tasks', 'run', 'reto_tecnico_everst', 'cruzar_base2_y_data_municipios', 'scheduled__2023-03-17T14:00:00+00:00', '--job-id', '207', '--raw', '--subdir', 'DAGS_FOLDER/reto_tecnico_everst.py', '--cfg-path', '/tmp/tmp32fm8rc5', '--error-file', '/tmp/tmp2ugfxh7c']
[2023-03-17 15:52:03,836] {standard_task_runner.py:80} INFO - Job 207: Subtask cruzar_base2_y_data_municipios
[2023-03-17 15:52:03,924] {task_command.py:369} INFO - Running <TaskInstance: reto_tecnico_everst.cruzar_base2_y_data_municipios scheduled__2023-03-17T14:00:00+00:00 [running]> on host 7d9c3e4a2f58
[2023-03-17 15:52:04,132] {taskinstance.py:1571} INFO - Exporting the following env vars:
AIRFLOW_CTX_DAG_OWNER=***
AIRFLOW_CTX_DAG_ID=reto_tecnico_everst
AIRFLOW_CTX_TASK_ID=cruzar_base2_y_data_municipios
AIRFLOW_CTX_EXECUTION_DATE=2023-03-17T14:00:00+00:00
AIRFLOW_CTX_TRY_NUMBER=1
AIRFLOW_CTX_DAG_RUN_ID=scheduled__2023-03-17T14:00:00+00:00
[2023-03-17 15:52:04,302] {reto_tecnico_everst.py:111} INFO - Guardando la base del cruce de data_municipios y base_02 en formato parquet, path: dags/data/Analytics/base_3/History/base_3_20230317_15.52.parquet
[2023-03-17 15:52:04,374] {python.py:173} INFO - Done. Returned value was: None
[2023-03-17 15:52:04,406] {taskinstance.py:1400} INFO - Marking task as SUCCESS. dag_id=reto_tecnico_everst, task_id=cruzar_base2_y_data_municipios, execution_date=20230317T140000, start_date=20230317T155203, end_date=20230317T155204
[2023-03-17 15:52:04,570] {local_task_job.py:156} INFO - Task exited with return code 0
[2023-03-17 15:52:04,788] {local_task_job.py:273} INFO - 1 downstream tasks scheduled from follow-on schedule check
