[2023-03-17 03:00:02,528] {taskinstance.py:1159} INFO - Dependencies all met for <TaskInstance: reto_tecnico_everst.download_data scheduled__2023-03-17T02:00:00+00:00 [queued]>
[2023-03-17 03:00:02,537] {taskinstance.py:1159} INFO - Dependencies all met for <TaskInstance: reto_tecnico_everst.download_data scheduled__2023-03-17T02:00:00+00:00 [queued]>
[2023-03-17 03:00:02,538] {taskinstance.py:1356} INFO - 
--------------------------------------------------------------------------------
[2023-03-17 03:00:02,539] {taskinstance.py:1357} INFO - Starting attempt 1 of 1
[2023-03-17 03:00:02,539] {taskinstance.py:1358} INFO - 
--------------------------------------------------------------------------------
[2023-03-17 03:00:02,596] {taskinstance.py:1377} INFO - Executing <Task(PythonOperator): download_data> on 2023-03-17 02:00:00+00:00
[2023-03-17 03:00:02,606] {standard_task_runner.py:52} INFO - Started process 2493 to run task
[2023-03-17 03:00:02,611] {standard_task_runner.py:79} INFO - Running: ['***', 'tasks', 'run', 'reto_tecnico_everst', 'download_data', 'scheduled__2023-03-17T02:00:00+00:00', '--job-id', '157', '--raw', '--subdir', 'DAGS_FOLDER/reto_tecnico_everst.py', '--cfg-path', '/tmp/tmpxu8hteqy', '--error-file', '/tmp/tmpl8jxa0d3']
[2023-03-17 03:00:02,614] {standard_task_runner.py:80} INFO - Job 157: Subtask download_data
[2023-03-17 03:00:02,770] {task_command.py:369} INFO - Running <TaskInstance: reto_tecnico_everst.download_data scheduled__2023-03-17T02:00:00+00:00 [running]> on host 7d9c3e4a2f58
[2023-03-17 03:00:03,037] {taskinstance.py:1571} INFO - Exporting the following env vars:
AIRFLOW_CTX_DAG_OWNER=***
AIRFLOW_CTX_DAG_ID=reto_tecnico_everst
AIRFLOW_CTX_TASK_ID=download_data
AIRFLOW_CTX_EXECUTION_DATE=2023-03-17T02:00:00+00:00
AIRFLOW_CTX_TRY_NUMBER=1
AIRFLOW_CTX_DAG_RUN_ID=scheduled__2023-03-17T02:00:00+00:00
[2023-03-17 03:00:06,848] {reto_tecnico_everst.py:39} INFO - Generando descarga del GZ
[2023-03-17 03:00:12,029] {reto_tecnico_everst.py:46} INFO - Guardando la base generada desde el API, path: dags/data/Raw/base_api/base_20230317_03.00.json
[2023-03-17 03:00:24,467] {python.py:173} INFO - Done. Returned value was: None
[2023-03-17 03:00:24,480] {taskinstance.py:1400} INFO - Marking task as SUCCESS. dag_id=reto_tecnico_everst, task_id=download_data, execution_date=20230317T020000, start_date=20230317T030002, end_date=20230317T030024
[2023-03-17 03:00:24,556] {local_task_job.py:156} INFO - Task exited with return code 0
[2023-03-17 03:00:24,637] {local_task_job.py:273} INFO - 2 downstream tasks scheduled from follow-on schedule check
