[2023-03-17 20:55:25,505] {taskinstance.py:1159} INFO - Dependencies all met for <TaskInstance: reto_tecnico_everst.table_by_municipio manual__2023-03-17T20:51:12.795663+00:00 [queued]>
[2023-03-17 20:55:25,515] {taskinstance.py:1159} INFO - Dependencies all met for <TaskInstance: reto_tecnico_everst.table_by_municipio manual__2023-03-17T20:51:12.795663+00:00 [queued]>
[2023-03-17 20:55:25,515] {taskinstance.py:1356} INFO - 
--------------------------------------------------------------------------------
[2023-03-17 20:55:25,516] {taskinstance.py:1357} INFO - Starting attempt 3 of 3
[2023-03-17 20:55:25,516] {taskinstance.py:1358} INFO - 
--------------------------------------------------------------------------------
[2023-03-17 20:55:25,561] {taskinstance.py:1377} INFO - Executing <Task(PythonOperator): table_by_municipio> on 2023-03-17 20:51:12.795663+00:00
[2023-03-17 20:55:25,570] {standard_task_runner.py:52} INFO - Started process 4467 to run task
[2023-03-17 20:55:25,573] {standard_task_runner.py:79} INFO - Running: ['***', 'tasks', 'run', 'reto_tecnico_everst', 'table_by_municipio', 'manual__2023-03-17T20:51:12.795663+00:00', '--job-id', '239', '--raw', '--subdir', 'DAGS_FOLDER/reto_tecnico_everst.py', '--cfg-path', '/tmp/tmpa7i4hnh6', '--error-file', '/tmp/tmpsg6cdmdw']
[2023-03-17 20:55:25,574] {standard_task_runner.py:80} INFO - Job 239: Subtask table_by_municipio
[2023-03-17 20:55:25,771] {task_command.py:369} INFO - Running <TaskInstance: reto_tecnico_everst.table_by_municipio manual__2023-03-17T20:51:12.795663+00:00 [running]> on host 7d9c3e4a2f58
[2023-03-17 20:55:25,928] {taskinstance.py:1571} INFO - Exporting the following env vars:
AIRFLOW_CTX_DAG_OWNER=***
AIRFLOW_CTX_DAG_ID=reto_tecnico_everst
AIRFLOW_CTX_TASK_ID=table_by_municipio
AIRFLOW_CTX_EXECUTION_DATE=2023-03-17T20:51:12.795663+00:00
AIRFLOW_CTX_TRY_NUMBER=3
AIRFLOW_CTX_DAG_RUN_ID=manual__2023-03-17T20:51:12.795663+00:00
[2023-03-17 20:55:25,944] {reto_tecnico_everst.py:57} INFO - Leyendo la base extraida del API
[2023-03-17 20:55:31,013] {reto_tecnico_everst.py:70} INFO - Formateando los tipos de datos en el DataFrame.
[2023-03-17 20:55:31,035] {logging_mixin.py:115} WARNING - /opt/***/dags/reto_tecnico_everst.py:71 SettingWithCopyWarning: 
A value is trying to be set on a copy of a slice from a DataFrame.
Try using .loc[row_indexer,col_indexer] = value instead

See the caveats in the documentation: https://pandas.pydata.org/pandas-docs/stable/user_guide/indexing.html#returning-a-view-versus-a-copy
[2023-03-17 20:55:31,043] {logging_mixin.py:115} WARNING - /opt/***/dags/reto_tecnico_everst.py:72 SettingWithCopyWarning: 
A value is trying to be set on a copy of a slice from a DataFrame.
Try using .loc[row_indexer,col_indexer] = value instead

See the caveats in the documentation: https://pandas.pydata.org/pandas-docs/stable/user_guide/indexing.html#returning-a-view-versus-a-copy
[2023-03-17 20:55:31,049] {logging_mixin.py:115} WARNING - /opt/***/dags/reto_tecnico_everst.py:73 SettingWithCopyWarning: 
A value is trying to be set on a copy of a slice from a DataFrame.
Try using .loc[row_indexer,col_indexer] = value instead

See the caveats in the documentation: https://pandas.pydata.org/pandas-docs/stable/user_guide/indexing.html#returning-a-view-versus-a-copy
[2023-03-17 20:55:31,055] {logging_mixin.py:115} WARNING - /opt/***/dags/reto_tecnico_everst.py:74 SettingWithCopyWarning: 
A value is trying to be set on a copy of a slice from a DataFrame.
Try using .loc[row_indexer,col_indexer] = value instead

See the caveats in the documentation: https://pandas.pydata.org/pandas-docs/stable/user_guide/indexing.html#returning-a-view-versus-a-copy
[2023-03-17 20:55:31,056] {reto_tecnico_everst.py:75} INFO - Creando el promedio de temperatura y precipitación de las últimas dos horas.
[2023-03-17 20:55:31,059] {logging_mixin.py:115} WARNING - /opt/***/dags/reto_tecnico_everst.py:76 FutureWarning: Indexing with multiple keys (implicitly converted to a tuple of keys) will be deprecated, use a list instead.
[2023-03-17 20:55:31,137] {reto_tecnico_everst.py:81} INFO - Guardando la base tabla por municipio en formato parquet, path: dags/data/Staging/base_2/base_20230317_20.55.parquet
[2023-03-17 20:55:31,612] {python.py:173} INFO - Done. Returned value was: None
[2023-03-17 20:55:31,627] {taskinstance.py:1400} INFO - Marking task as SUCCESS. dag_id=reto_tecnico_everst, task_id=table_by_municipio, execution_date=20230317T205112, start_date=20230317T205525, end_date=20230317T205531
[2023-03-17 20:55:31,711] {local_task_job.py:156} INFO - Task exited with return code 0
[2023-03-17 20:55:31,795] {local_task_job.py:273} INFO - 1 downstream tasks scheduled from follow-on schedule check
