[2023-03-17 17:00:24,566] {taskinstance.py:1159} INFO - Dependencies all met for <TaskInstance: reto_tecnico_everst.table_by_municipio scheduled__2023-03-17T16:00:00+00:00 [queued]>
[2023-03-17 17:00:24,582] {taskinstance.py:1159} INFO - Dependencies all met for <TaskInstance: reto_tecnico_everst.table_by_municipio scheduled__2023-03-17T16:00:00+00:00 [queued]>
[2023-03-17 17:00:24,582] {taskinstance.py:1356} INFO - 
--------------------------------------------------------------------------------
[2023-03-17 17:00:24,583] {taskinstance.py:1357} INFO - Starting attempt 1 of 1
[2023-03-17 17:00:24,584] {taskinstance.py:1358} INFO - 
--------------------------------------------------------------------------------
[2023-03-17 17:00:24,666] {taskinstance.py:1377} INFO - Executing <Task(PythonOperator): table_by_municipio> on 2023-03-17 16:00:00+00:00
[2023-03-17 17:00:24,684] {standard_task_runner.py:52} INFO - Started process 1149 to run task
[2023-03-17 17:00:24,689] {standard_task_runner.py:79} INFO - Running: ['***', 'tasks', 'run', 'reto_tecnico_everst', 'table_by_municipio', 'scheduled__2023-03-17T16:00:00+00:00', '--job-id', '216', '--raw', '--subdir', 'DAGS_FOLDER/reto_tecnico_everst.py', '--cfg-path', '/tmp/tmpa7v8jz_6', '--error-file', '/tmp/tmpxqvq74kp']
[2023-03-17 17:00:24,690] {standard_task_runner.py:80} INFO - Job 216: Subtask table_by_municipio
[2023-03-17 17:00:24,878] {task_command.py:369} INFO - Running <TaskInstance: reto_tecnico_everst.table_by_municipio scheduled__2023-03-17T16:00:00+00:00 [running]> on host 7d9c3e4a2f58
[2023-03-17 17:00:25,033] {taskinstance.py:1571} INFO - Exporting the following env vars:
AIRFLOW_CTX_DAG_OWNER=***
AIRFLOW_CTX_DAG_ID=reto_tecnico_everst
AIRFLOW_CTX_TASK_ID=table_by_municipio
AIRFLOW_CTX_EXECUTION_DATE=2023-03-17T16:00:00+00:00
AIRFLOW_CTX_TRY_NUMBER=1
AIRFLOW_CTX_DAG_RUN_ID=scheduled__2023-03-17T16:00:00+00:00
[2023-03-17 17:00:25,044] {reto_tecnico_everst.py:55} INFO - Leyendo la base extraida del API
[2023-03-17 17:02:10,635] {reto_tecnico_everst.py:71} INFO - Guardando la base tabla por municipio en formato parquet, path: dags/data/Staging/base_2/base_20230317_17.02.parquet
[2023-03-17 17:02:11,153] {python.py:173} INFO - Done. Returned value was: None
[2023-03-17 17:02:11,168] {taskinstance.py:1400} INFO - Marking task as SUCCESS. dag_id=reto_tecnico_everst, task_id=table_by_municipio, execution_date=20230317T160000, start_date=20230317T170024, end_date=20230317T170211
[2023-03-17 17:02:11,264] {local_task_job.py:156} INFO - Task exited with return code 0
[2023-03-17 17:02:11,335] {local_task_job.py:273} INFO - 1 downstream tasks scheduled from follow-on schedule check
