[2023-03-17 23:00:01,348] {taskinstance.py:1159} INFO - Dependencies all met for <TaskInstance: reto_tecnico_everst.download_data scheduled__2023-03-17T22:00:00+00:00 [queued]>
[2023-03-17 23:00:01,358] {taskinstance.py:1159} INFO - Dependencies all met for <TaskInstance: reto_tecnico_everst.download_data scheduled__2023-03-17T22:00:00+00:00 [queued]>
[2023-03-17 23:00:01,359] {taskinstance.py:1356} INFO - 
--------------------------------------------------------------------------------
[2023-03-17 23:00:01,359] {taskinstance.py:1357} INFO - Starting attempt 1 of 1
[2023-03-17 23:00:01,360] {taskinstance.py:1358} INFO - 
--------------------------------------------------------------------------------
[2023-03-17 23:00:01,414] {taskinstance.py:1377} INFO - Executing <Task(PythonOperator): download_data> on 2023-03-17 22:00:00+00:00
[2023-03-17 23:00:01,430] {standard_task_runner.py:79} INFO - Running: ['***', 'tasks', 'run', 'reto_tecnico_everst', 'download_data', 'scheduled__2023-03-17T22:00:00+00:00', '--job-id', '27', '--raw', '--subdir', 'DAGS_FOLDER/reto_tecnico_everst.py', '--cfg-path', '/tmp/tmpu05yb_30', '--error-file', '/tmp/tmpdy2eq4qn']
[2023-03-17 23:00:01,427] {standard_task_runner.py:52} INFO - Started process 565 to run task
[2023-03-17 23:00:01,432] {standard_task_runner.py:80} INFO - Job 27: Subtask download_data
[2023-03-17 23:00:01,803] {task_command.py:369} INFO - Running <TaskInstance: reto_tecnico_everst.download_data scheduled__2023-03-17T22:00:00+00:00 [running]> on host 8b817a59af06
[2023-03-17 23:00:02,086] {taskinstance.py:1571} INFO - Exporting the following env vars:
AIRFLOW_CTX_DAG_OWNER=***
AIRFLOW_CTX_DAG_ID=reto_tecnico_everst
AIRFLOW_CTX_TASK_ID=download_data
AIRFLOW_CTX_EXECUTION_DATE=2023-03-17T22:00:00+00:00
AIRFLOW_CTX_TRY_NUMBER=1
AIRFLOW_CTX_DAG_RUN_ID=scheduled__2023-03-17T22:00:00+00:00
[2023-03-17 23:00:05,810] {reto_tecnico_everst.py:39} INFO - Generando descarga del GZ
[2023-03-17 23:00:08,452] {reto_tecnico_everst.py:46} INFO - Guardando la base generada desde el API, path: data/Raw/base_api/base_20230317_23.00.json
[2023-03-17 23:00:20,938] {python.py:173} INFO - Done. Returned value was: None
[2023-03-17 23:00:20,950] {taskinstance.py:1400} INFO - Marking task as SUCCESS. dag_id=reto_tecnico_everst, task_id=download_data, execution_date=20230317T220000, start_date=20230317T230001, end_date=20230317T230020
[2023-03-17 23:00:21,066] {local_task_job.py:156} INFO - Task exited with return code 0
[2023-03-17 23:00:21,137] {local_task_job.py:273} INFO - 1 downstream tasks scheduled from follow-on schedule check
