[2023-03-17 22:03:18,337] {taskinstance.py:1159} INFO - Dependencies all met for <TaskInstance: reto_tecnico_everst.get_last_data_municipios manual__2023-03-17T22:03:15.852047+00:00 [queued]>
[2023-03-17 22:03:18,368] {taskinstance.py:1159} INFO - Dependencies all met for <TaskInstance: reto_tecnico_everst.get_last_data_municipios manual__2023-03-17T22:03:15.852047+00:00 [queued]>
[2023-03-17 22:03:18,369] {taskinstance.py:1356} INFO - 
--------------------------------------------------------------------------------
[2023-03-17 22:03:18,370] {taskinstance.py:1357} INFO - Starting attempt 1 of 1
[2023-03-17 22:03:18,404] {taskinstance.py:1358} INFO - 
--------------------------------------------------------------------------------
[2023-03-17 22:03:18,545] {taskinstance.py:1377} INFO - Executing <Task(PythonOperator): get_last_data_municipios> on 2023-03-17 22:03:15.852047+00:00
[2023-03-17 22:03:18,564] {standard_task_runner.py:52} INFO - Started process 356 to run task
[2023-03-17 22:03:18,581] {standard_task_runner.py:79} INFO - Running: ['***', 'tasks', 'run', 'reto_tecnico_everst', 'get_last_data_municipios', 'manual__2023-03-17T22:03:15.852047+00:00', '--job-id', '13', '--raw', '--subdir', 'DAGS_FOLDER/reto_tecnico_everst.py', '--cfg-path', '/tmp/tmp44wkoukz', '--error-file', '/tmp/tmpq2_mjn5_']
[2023-03-17 22:03:18,583] {standard_task_runner.py:80} INFO - Job 13: Subtask get_last_data_municipios
[2023-03-17 22:03:18,745] {task_command.py:369} INFO - Running <TaskInstance: reto_tecnico_everst.get_last_data_municipios manual__2023-03-17T22:03:15.852047+00:00 [running]> on host 8b817a59af06
[2023-03-17 22:03:18,965] {taskinstance.py:1571} INFO - Exporting the following env vars:
AIRFLOW_CTX_DAG_OWNER=***
AIRFLOW_CTX_DAG_ID=reto_tecnico_everst
AIRFLOW_CTX_TASK_ID=get_last_data_municipios
AIRFLOW_CTX_EXECUTION_DATE=2023-03-17T22:03:15.852047+00:00
AIRFLOW_CTX_TRY_NUMBER=1
AIRFLOW_CTX_DAG_RUN_ID=manual__2023-03-17T22:03:15.852047+00:00
[2023-03-17 22:03:19,026] {reto_tecnico_everst.py:86} INFO - Generando el path del archivo mas reciente de data_municipios: data/Raw/data_municipios/20220503/data.csv
[2023-03-17 22:03:19,027] {python.py:173} INFO - Done. Returned value was: None
[2023-03-17 22:03:19,042] {taskinstance.py:1400} INFO - Marking task as SUCCESS. dag_id=reto_tecnico_everst, task_id=get_last_data_municipios, execution_date=20230317T220315, start_date=20230317T220318, end_date=20230317T220319
[2023-03-17 22:03:19,117] {local_task_job.py:156} INFO - Task exited with return code 0
[2023-03-17 22:03:19,193] {local_task_job.py:273} INFO - 0 downstream tasks scheduled from follow-on schedule check
