[2023-03-17 17:02:12,438] {taskinstance.py:1159} INFO - Dependencies all met for <TaskInstance: reto_tecnico_everst.cruzar_base2_y_data_municipios scheduled__2023-03-17T16:00:00+00:00 [queued]>
[2023-03-17 17:02:12,447] {taskinstance.py:1159} INFO - Dependencies all met for <TaskInstance: reto_tecnico_everst.cruzar_base2_y_data_municipios scheduled__2023-03-17T16:00:00+00:00 [queued]>
[2023-03-17 17:02:12,448] {taskinstance.py:1356} INFO - 
--------------------------------------------------------------------------------
[2023-03-17 17:02:12,449] {taskinstance.py:1357} INFO - Starting attempt 1 of 1
[2023-03-17 17:02:12,449] {taskinstance.py:1358} INFO - 
--------------------------------------------------------------------------------
[2023-03-17 17:02:12,512] {taskinstance.py:1377} INFO - Executing <Task(PythonOperator): cruzar_base2_y_data_municipios> on 2023-03-17 16:00:00+00:00
[2023-03-17 17:02:12,519] {standard_task_runner.py:52} INFO - Started process 1182 to run task
[2023-03-17 17:02:12,522] {standard_task_runner.py:79} INFO - Running: ['***', 'tasks', 'run', 'reto_tecnico_everst', 'cruzar_base2_y_data_municipios', 'scheduled__2023-03-17T16:00:00+00:00', '--job-id', '217', '--raw', '--subdir', 'DAGS_FOLDER/reto_tecnico_everst.py', '--cfg-path', '/tmp/tmp7kk_5313', '--error-file', '/tmp/tmpv5t73ri9']
[2023-03-17 17:02:12,523] {standard_task_runner.py:80} INFO - Job 217: Subtask cruzar_base2_y_data_municipios
[2023-03-17 17:02:12,598] {task_command.py:369} INFO - Running <TaskInstance: reto_tecnico_everst.cruzar_base2_y_data_municipios scheduled__2023-03-17T16:00:00+00:00 [running]> on host 7d9c3e4a2f58
[2023-03-17 17:02:12,746] {taskinstance.py:1571} INFO - Exporting the following env vars:
AIRFLOW_CTX_DAG_OWNER=***
AIRFLOW_CTX_DAG_ID=reto_tecnico_everst
AIRFLOW_CTX_TASK_ID=cruzar_base2_y_data_municipios
AIRFLOW_CTX_EXECUTION_DATE=2023-03-17T16:00:00+00:00
AIRFLOW_CTX_TRY_NUMBER=1
AIRFLOW_CTX_DAG_RUN_ID=scheduled__2023-03-17T16:00:00+00:00
[2023-03-17 17:02:13,029] {reto_tecnico_everst.py:111} INFO - Guardando la base del cruce de data_municipios y base_02 en formato parquet, path: dags/data/Analytics/base_3/History/base_3_20230317_17.02.parquet
[2023-03-17 17:02:13,100] {python.py:173} INFO - Done. Returned value was: None
[2023-03-17 17:02:13,114] {taskinstance.py:1400} INFO - Marking task as SUCCESS. dag_id=reto_tecnico_everst, task_id=cruzar_base2_y_data_municipios, execution_date=20230317T160000, start_date=20230317T170212, end_date=20230317T170213
[2023-03-17 17:02:13,258] {local_task_job.py:156} INFO - Task exited with return code 0
[2023-03-17 17:02:13,368] {local_task_job.py:273} INFO - 1 downstream tasks scheduled from follow-on schedule check
