[2023-03-17 21:19:53,736] {taskinstance.py:1159} INFO - Dependencies all met for <TaskInstance: reto_tecnico_everst.get_last_data_municipios manual__2023-03-17T21:19:51.847884+00:00 [queued]>
[2023-03-17 21:19:53,745] {taskinstance.py:1159} INFO - Dependencies all met for <TaskInstance: reto_tecnico_everst.get_last_data_municipios manual__2023-03-17T21:19:51.847884+00:00 [queued]>
[2023-03-17 21:19:53,746] {taskinstance.py:1356} INFO - 
--------------------------------------------------------------------------------
[2023-03-17 21:19:53,746] {taskinstance.py:1357} INFO - Starting attempt 1 of 1
[2023-03-17 21:19:53,747] {taskinstance.py:1358} INFO - 
--------------------------------------------------------------------------------
[2023-03-17 21:19:53,797] {taskinstance.py:1377} INFO - Executing <Task(PythonOperator): get_last_data_municipios> on 2023-03-17 21:19:51.847884+00:00
[2023-03-17 21:19:53,808] {standard_task_runner.py:52} INFO - Started process 4940 to run task
[2023-03-17 21:19:53,817] {standard_task_runner.py:79} INFO - Running: ['***', 'tasks', 'run', 'reto_tecnico_everst', 'get_last_data_municipios', 'manual__2023-03-17T21:19:51.847884+00:00', '--job-id', '265', '--raw', '--subdir', 'DAGS_FOLDER/reto_tecnico_everst.py', '--cfg-path', '/tmp/tmpqqg74lbi', '--error-file', '/tmp/tmpddjn1w4w']
[2023-03-17 21:19:53,818] {standard_task_runner.py:80} INFO - Job 265: Subtask get_last_data_municipios
[2023-03-17 21:19:54,073] {task_command.py:369} INFO - Running <TaskInstance: reto_tecnico_everst.get_last_data_municipios manual__2023-03-17T21:19:51.847884+00:00 [running]> on host 7d9c3e4a2f58
[2023-03-17 21:19:54,229] {taskinstance.py:1571} INFO - Exporting the following env vars:
AIRFLOW_CTX_DAG_OWNER=***
AIRFLOW_CTX_DAG_ID=reto_tecnico_everst
AIRFLOW_CTX_TASK_ID=get_last_data_municipios
AIRFLOW_CTX_EXECUTION_DATE=2023-03-17T21:19:51.847884+00:00
AIRFLOW_CTX_TRY_NUMBER=1
AIRFLOW_CTX_DAG_RUN_ID=manual__2023-03-17T21:19:51.847884+00:00
[2023-03-17 21:19:54,339] {reto_tecnico_everst.py:88} INFO - Generando el path del archivo mas reciente de data_municipios: dags/data/Raw/data_municipios/20220503/data.csv
[2023-03-17 21:19:54,340] {python.py:173} INFO - Done. Returned value was: None
[2023-03-17 21:19:54,374] {taskinstance.py:1400} INFO - Marking task as SUCCESS. dag_id=reto_tecnico_everst, task_id=get_last_data_municipios, execution_date=20230317T211951, start_date=20230317T211953, end_date=20230317T211954
[2023-03-17 21:19:54,475] {local_task_job.py:156} INFO - Task exited with return code 0
[2023-03-17 21:19:54,539] {local_task_job.py:273} INFO - 0 downstream tasks scheduled from follow-on schedule check
