[2023-03-17 01:44:44,709] {taskinstance.py:1159} INFO - Dependencies all met for <TaskInstance: reto_tecnico_everst.table_by_municipio manual__2023-03-17T01:44:22.642777+00:00 [queued]>
[2023-03-17 01:44:44,721] {taskinstance.py:1159} INFO - Dependencies all met for <TaskInstance: reto_tecnico_everst.table_by_municipio manual__2023-03-17T01:44:22.642777+00:00 [queued]>
[2023-03-17 01:44:44,722] {taskinstance.py:1356} INFO - 
--------------------------------------------------------------------------------
[2023-03-17 01:44:44,723] {taskinstance.py:1357} INFO - Starting attempt 1 of 1
[2023-03-17 01:44:44,723] {taskinstance.py:1358} INFO - 
--------------------------------------------------------------------------------
[2023-03-17 01:44:44,975] {taskinstance.py:1377} INFO - Executing <Task(PythonOperator): table_by_municipio> on 2023-03-17 01:44:22.642777+00:00
[2023-03-17 01:44:44,986] {standard_task_runner.py:52} INFO - Started process 1462 to run task
[2023-03-17 01:44:44,990] {standard_task_runner.py:79} INFO - Running: ['***', 'tasks', 'run', 'reto_tecnico_everst', 'table_by_municipio', 'manual__2023-03-17T01:44:22.642777+00:00', '--job-id', '138', '--raw', '--subdir', 'DAGS_FOLDER/reto_tecnico_everst.py', '--cfg-path', '/tmp/tmp45z2ako8', '--error-file', '/tmp/tmp3fwykgs8']
[2023-03-17 01:44:44,991] {standard_task_runner.py:80} INFO - Job 138: Subtask table_by_municipio
[2023-03-17 01:44:45,240] {task_command.py:369} INFO - Running <TaskInstance: reto_tecnico_everst.table_by_municipio manual__2023-03-17T01:44:22.642777+00:00 [running]> on host 7d9c3e4a2f58
[2023-03-17 01:44:45,399] {taskinstance.py:1571} INFO - Exporting the following env vars:
AIRFLOW_CTX_DAG_OWNER=***
AIRFLOW_CTX_DAG_ID=reto_tecnico_everst
AIRFLOW_CTX_TASK_ID=table_by_municipio
AIRFLOW_CTX_EXECUTION_DATE=2023-03-17T01:44:22.642777+00:00
AIRFLOW_CTX_TRY_NUMBER=1
AIRFLOW_CTX_DAG_RUN_ID=manual__2023-03-17T01:44:22.642777+00:00
[2023-03-17 01:44:45,410] {reto_tecnico_everst.py:54} INFO - Leyendo la base extraida del API
[2023-03-17 01:46:37,693] {reto_tecnico_everst.py:70} INFO - Guardando la base tabla por municipio en formato parquet, path: dags/data/Staging/base_2/base_20230317_01.46.parquet
[2023-03-17 01:46:38,189] {python.py:173} INFO - Done. Returned value was: None
[2023-03-17 01:46:38,204] {taskinstance.py:1400} INFO - Marking task as SUCCESS. dag_id=reto_tecnico_everst, task_id=table_by_municipio, execution_date=20230317T014422, start_date=20230317T014444, end_date=20230317T014638
[2023-03-17 01:46:38,270] {local_task_job.py:156} INFO - Task exited with return code 0
[2023-03-17 01:46:38,394] {local_task_job.py:273} INFO - 1 downstream tasks scheduled from follow-on schedule check
