[2023-03-17 01:33:27,966] {taskinstance.py:1159} INFO - Dependencies all met for <TaskInstance: reto_tecnico_everst.cruzar_base2_y_data_municipios manual__2023-03-17T01:31:07.334161+00:00 [queued]>
[2023-03-17 01:33:27,978] {taskinstance.py:1159} INFO - Dependencies all met for <TaskInstance: reto_tecnico_everst.cruzar_base2_y_data_municipios manual__2023-03-17T01:31:07.334161+00:00 [queued]>
[2023-03-17 01:33:27,979] {taskinstance.py:1356} INFO - 
--------------------------------------------------------------------------------
[2023-03-17 01:33:27,980] {taskinstance.py:1357} INFO - Starting attempt 1 of 1
[2023-03-17 01:33:27,981] {taskinstance.py:1358} INFO - 
--------------------------------------------------------------------------------
[2023-03-17 01:33:28,060] {taskinstance.py:1377} INFO - Executing <Task(PythonOperator): cruzar_base2_y_data_municipios> on 2023-03-17 01:31:07.334161+00:00
[2023-03-17 01:33:28,067] {standard_task_runner.py:52} INFO - Started process 1311 to run task
[2023-03-17 01:33:28,071] {standard_task_runner.py:79} INFO - Running: ['***', 'tasks', 'run', 'reto_tecnico_everst', 'cruzar_base2_y_data_municipios', 'manual__2023-03-17T01:31:07.334161+00:00', '--job-id', '135', '--raw', '--subdir', 'DAGS_FOLDER/reto_tecnico_everst.py', '--cfg-path', '/tmp/tmpb5ky8pnn', '--error-file', '/tmp/tmpu7j0zxzf']
[2023-03-17 01:33:28,072] {standard_task_runner.py:80} INFO - Job 135: Subtask cruzar_base2_y_data_municipios
[2023-03-17 01:33:28,218] {task_command.py:369} INFO - Running <TaskInstance: reto_tecnico_everst.cruzar_base2_y_data_municipios manual__2023-03-17T01:31:07.334161+00:00 [running]> on host 7d9c3e4a2f58
[2023-03-17 01:33:28,422] {taskinstance.py:1571} INFO - Exporting the following env vars:
AIRFLOW_CTX_DAG_OWNER=***
AIRFLOW_CTX_DAG_ID=reto_tecnico_everst
AIRFLOW_CTX_TASK_ID=cruzar_base2_y_data_municipios
AIRFLOW_CTX_EXECUTION_DATE=2023-03-17T01:31:07.334161+00:00
AIRFLOW_CTX_TRY_NUMBER=1
AIRFLOW_CTX_DAG_RUN_ID=manual__2023-03-17T01:31:07.334161+00:00
[2023-03-17 01:33:28,768] {reto_tecnico_everst.py:110} INFO - Guardando la base del cruce de data_municipios y base_02 en formato parquet, path: dags/data/Analytics/base_3/History/base_3_20230317_01.33.parquet
[2023-03-17 01:33:28,831] {python.py:173} INFO - Done. Returned value was: None
[2023-03-17 01:33:28,844] {taskinstance.py:1400} INFO - Marking task as SUCCESS. dag_id=reto_tecnico_everst, task_id=cruzar_base2_y_data_municipios, execution_date=20230317T013107, start_date=20230317T013327, end_date=20230317T013328
[2023-03-17 01:33:28,927] {local_task_job.py:156} INFO - Task exited with return code 0
[2023-03-17 01:33:28,977] {local_task_job.py:273} INFO - 1 downstream tasks scheduled from follow-on schedule check
