[2023-03-17 02:08:07,438] {taskinstance.py:1159} INFO - Dependencies all met for <TaskInstance: reto_tecnico_everst.download_data manual__2023-03-17T02:08:04.997003+00:00 [queued]>
[2023-03-17 02:08:07,447] {taskinstance.py:1159} INFO - Dependencies all met for <TaskInstance: reto_tecnico_everst.download_data manual__2023-03-17T02:08:04.997003+00:00 [queued]>
[2023-03-17 02:08:07,448] {taskinstance.py:1356} INFO - 
--------------------------------------------------------------------------------
[2023-03-17 02:08:07,448] {taskinstance.py:1357} INFO - Starting attempt 1 of 1
[2023-03-17 02:08:07,449] {taskinstance.py:1358} INFO - 
--------------------------------------------------------------------------------
[2023-03-17 02:08:07,504] {taskinstance.py:1377} INFO - Executing <Task(PythonOperator): download_data> on 2023-03-17 02:08:04.997003+00:00
[2023-03-17 02:08:07,528] {standard_task_runner.py:52} INFO - Started process 1825 to run task
[2023-03-17 02:08:07,534] {standard_task_runner.py:79} INFO - Running: ['***', 'tasks', 'run', 'reto_tecnico_everst', 'download_data', 'manual__2023-03-17T02:08:04.997003+00:00', '--job-id', '147', '--raw', '--subdir', 'DAGS_FOLDER/reto_tecnico_everst.py', '--cfg-path', '/tmp/tmptyx082tg', '--error-file', '/tmp/tmpem_8cx_h']
[2023-03-17 02:08:07,535] {standard_task_runner.py:80} INFO - Job 147: Subtask download_data
[2023-03-17 02:08:07,752] {task_command.py:369} INFO - Running <TaskInstance: reto_tecnico_everst.download_data manual__2023-03-17T02:08:04.997003+00:00 [running]> on host 7d9c3e4a2f58
[2023-03-17 02:08:08,068] {taskinstance.py:1571} INFO - Exporting the following env vars:
AIRFLOW_CTX_DAG_OWNER=***
AIRFLOW_CTX_DAG_ID=reto_tecnico_everst
AIRFLOW_CTX_TASK_ID=download_data
AIRFLOW_CTX_EXECUTION_DATE=2023-03-17T02:08:04.997003+00:00
AIRFLOW_CTX_TRY_NUMBER=1
AIRFLOW_CTX_DAG_RUN_ID=manual__2023-03-17T02:08:04.997003+00:00
[2023-03-17 02:08:12,215] {reto_tecnico_everst.py:39} INFO - Generando descarga del GZ
[2023-03-17 02:08:16,704] {reto_tecnico_everst.py:46} INFO - Guardando la base generada desde el API, path: dags/data/Raw/base_api/base_20230317_02.08.json
[2023-03-17 02:08:29,354] {python.py:173} INFO - Done. Returned value was: None
[2023-03-17 02:08:29,365] {taskinstance.py:1400} INFO - Marking task as SUCCESS. dag_id=reto_tecnico_everst, task_id=download_data, execution_date=20230317T020804, start_date=20230317T020807, end_date=20230317T020829
[2023-03-17 02:08:29,463] {local_task_job.py:156} INFO - Task exited with return code 0
[2023-03-17 02:08:29,570] {local_task_job.py:273} INFO - 2 downstream tasks scheduled from follow-on schedule check
