[2023-03-17 21:10:02,471] {taskinstance.py:1159} INFO - Dependencies all met for <TaskInstance: reto_tecnico_everst.cruzar_base2_datamunicipios manual__2023-03-17T21:09:30.617921+00:00 [queued]>
[2023-03-17 21:10:02,481] {taskinstance.py:1159} INFO - Dependencies all met for <TaskInstance: reto_tecnico_everst.cruzar_base2_datamunicipios manual__2023-03-17T21:09:30.617921+00:00 [queued]>
[2023-03-17 21:10:02,482] {taskinstance.py:1356} INFO - 
--------------------------------------------------------------------------------
[2023-03-17 21:10:02,483] {taskinstance.py:1357} INFO - Starting attempt 1 of 1
[2023-03-17 21:10:02,483] {taskinstance.py:1358} INFO - 
--------------------------------------------------------------------------------
[2023-03-17 21:10:02,542] {taskinstance.py:1377} INFO - Executing <Task(PythonOperator): cruzar_base2_datamunicipios> on 2023-03-17 21:09:30.617921+00:00
[2023-03-17 21:10:02,547] {standard_task_runner.py:52} INFO - Started process 4794 to run task
[2023-03-17 21:10:02,550] {standard_task_runner.py:79} INFO - Running: ['***', 'tasks', 'run', 'reto_tecnico_everst', 'cruzar_base2_datamunicipios', 'manual__2023-03-17T21:09:30.617921+00:00', '--job-id', '262', '--raw', '--subdir', 'DAGS_FOLDER/reto_tecnico_everst.py', '--cfg-path', '/tmp/tmprijoli18', '--error-file', '/tmp/tmpqnxgjv28']
[2023-03-17 21:10:02,551] {standard_task_runner.py:80} INFO - Job 262: Subtask cruzar_base2_datamunicipios
[2023-03-17 21:10:02,711] {task_command.py:369} INFO - Running <TaskInstance: reto_tecnico_everst.cruzar_base2_datamunicipios manual__2023-03-17T21:09:30.617921+00:00 [running]> on host 7d9c3e4a2f58
[2023-03-17 21:10:02,947] {taskinstance.py:1571} INFO - Exporting the following env vars:
AIRFLOW_CTX_DAG_OWNER=***
AIRFLOW_CTX_DAG_ID=reto_tecnico_everst
AIRFLOW_CTX_TASK_ID=cruzar_base2_datamunicipios
AIRFLOW_CTX_EXECUTION_DATE=2023-03-17T21:09:30.617921+00:00
AIRFLOW_CTX_TRY_NUMBER=1
AIRFLOW_CTX_DAG_RUN_ID=manual__2023-03-17T21:09:30.617921+00:00
[2023-03-17 21:10:03,083] {reto_tecnico_everst.py:104} INFO - Guardando la base del cruce de data_municipios y base_02 en formato parquet, path: dags/data/Analytics/base_3/History/base_3_20230317_21.10.parquet
[2023-03-17 21:10:03,111] {python.py:173} INFO - Done. Returned value was: None
[2023-03-17 21:10:03,124] {taskinstance.py:1400} INFO - Marking task as SUCCESS. dag_id=reto_tecnico_everst, task_id=cruzar_base2_datamunicipios, execution_date=20230317T210930, start_date=20230317T211002, end_date=20230317T211003
[2023-03-17 21:10:03,244] {local_task_job.py:156} INFO - Task exited with return code 0
[2023-03-17 21:10:03,322] {local_task_job.py:273} INFO - 1 downstream tasks scheduled from follow-on schedule check
