[2023-03-17 23:14:48,831] {taskinstance.py:1159} INFO - Dependencies all met for <TaskInstance: reto_tecnico_everst.table_by_municipio manual__2023-03-17T23:14:24.118865+00:00 [queued]>
[2023-03-17 23:14:48,844] {taskinstance.py:1159} INFO - Dependencies all met for <TaskInstance: reto_tecnico_everst.table_by_municipio manual__2023-03-17T23:14:24.118865+00:00 [queued]>
[2023-03-17 23:14:48,845] {taskinstance.py:1356} INFO - 
--------------------------------------------------------------------------------
[2023-03-17 23:14:48,845] {taskinstance.py:1357} INFO - Starting attempt 1 of 1
[2023-03-17 23:14:48,846] {taskinstance.py:1358} INFO - 
--------------------------------------------------------------------------------
[2023-03-17 23:14:48,944] {taskinstance.py:1377} INFO - Executing <Task(PythonOperator): table_by_municipio> on 2023-03-17 23:14:24.118865+00:00
[2023-03-17 23:14:48,950] {standard_task_runner.py:52} INFO - Started process 774 to run task
[2023-03-17 23:14:48,953] {standard_task_runner.py:79} INFO - Running: ['***', 'tasks', 'run', 'reto_tecnico_everst', 'table_by_municipio', 'manual__2023-03-17T23:14:24.118865+00:00', '--job-id', '34', '--raw', '--subdir', 'DAGS_FOLDER/reto_tecnico_everst.py', '--cfg-path', '/tmp/tmp2p75qn2r', '--error-file', '/tmp/tmp5lmbdvd_']
[2023-03-17 23:14:48,955] {standard_task_runner.py:80} INFO - Job 34: Subtask table_by_municipio
[2023-03-17 23:14:49,251] {task_command.py:369} INFO - Running <TaskInstance: reto_tecnico_everst.table_by_municipio manual__2023-03-17T23:14:24.118865+00:00 [running]> on host 8b817a59af06
[2023-03-17 23:14:49,616] {taskinstance.py:1571} INFO - Exporting the following env vars:
AIRFLOW_CTX_DAG_OWNER=***
AIRFLOW_CTX_DAG_ID=reto_tecnico_everst
AIRFLOW_CTX_TASK_ID=table_by_municipio
AIRFLOW_CTX_EXECUTION_DATE=2023-03-17T23:14:24.118865+00:00
AIRFLOW_CTX_TRY_NUMBER=1
AIRFLOW_CTX_DAG_RUN_ID=manual__2023-03-17T23:14:24.118865+00:00
[2023-03-17 23:14:49,628] {reto_tecnico_everst.py:55} INFO - Leyendo la base extraida del API
[2023-03-17 23:14:53,653] {reto_tecnico_everst.py:62} INFO - Formateando los tipos de datos en el DataFrame.
[2023-03-17 23:14:53,668] {logging_mixin.py:115} WARNING - /opt/***/dags/reto_tecnico_everst.py:63 SettingWithCopyWarning: 
A value is trying to be set on a copy of a slice from a DataFrame.
Try using .loc[row_indexer,col_indexer] = value instead

See the caveats in the documentation: https://pandas.pydata.org/pandas-docs/stable/user_guide/indexing.html#returning-a-view-versus-a-copy
[2023-03-17 23:14:53,679] {logging_mixin.py:115} WARNING - /opt/***/dags/reto_tecnico_everst.py:64 SettingWithCopyWarning: 
A value is trying to be set on a copy of a slice from a DataFrame.
Try using .loc[row_indexer,col_indexer] = value instead

See the caveats in the documentation: https://pandas.pydata.org/pandas-docs/stable/user_guide/indexing.html#returning-a-view-versus-a-copy
[2023-03-17 23:14:53,690] {logging_mixin.py:115} WARNING - /opt/***/dags/reto_tecnico_everst.py:65 SettingWithCopyWarning: 
A value is trying to be set on a copy of a slice from a DataFrame.
Try using .loc[row_indexer,col_indexer] = value instead

See the caveats in the documentation: https://pandas.pydata.org/pandas-docs/stable/user_guide/indexing.html#returning-a-view-versus-a-copy
[2023-03-17 23:14:53,699] {logging_mixin.py:115} WARNING - /opt/***/dags/reto_tecnico_everst.py:66 SettingWithCopyWarning: 
A value is trying to be set on a copy of a slice from a DataFrame.
Try using .loc[row_indexer,col_indexer] = value instead

See the caveats in the documentation: https://pandas.pydata.org/pandas-docs/stable/user_guide/indexing.html#returning-a-view-versus-a-copy
[2023-03-17 23:14:53,700] {reto_tecnico_everst.py:67} INFO - Creando el promedio de temperatura y precipitación de las últimas dos horas.
[2023-03-17 23:14:53,703] {logging_mixin.py:115} WARNING - /opt/***/dags/reto_tecnico_everst.py:68 FutureWarning: Indexing with multiple keys (implicitly converted to a tuple of keys) will be deprecated, use a list instead.
[2023-03-17 23:14:53,800] {reto_tecnico_everst.py:73} INFO - Guardando la base tabla por municipio en formato parquet, path: data/Staging/base_2/base_20230317_23.14.parquet
[2023-03-17 23:14:54,234] {python.py:173} INFO - Done. Returned value was: None
[2023-03-17 23:14:54,248] {taskinstance.py:1400} INFO - Marking task as SUCCESS. dag_id=reto_tecnico_everst, task_id=table_by_municipio, execution_date=20230317T231424, start_date=20230317T231448, end_date=20230317T231454
[2023-03-17 23:14:54,334] {local_task_job.py:156} INFO - Task exited with return code 0
[2023-03-17 23:14:54,643] {local_task_job.py:273} INFO - 1 downstream tasks scheduled from follow-on schedule check
