[2023-03-17 20:51:00,466] {taskinstance.py:1159} INFO - Dependencies all met for <TaskInstance: reto_tecnico_everst.get_last_data_municipios manual__2023-03-17T20:49:54.810410+00:00 [queued]>
[2023-03-17 20:51:00,476] {taskinstance.py:1159} INFO - Dependencies all met for <TaskInstance: reto_tecnico_everst.get_last_data_municipios manual__2023-03-17T20:49:54.810410+00:00 [queued]>
[2023-03-17 20:51:00,477] {taskinstance.py:1356} INFO - 
--------------------------------------------------------------------------------
[2023-03-17 20:51:00,477] {taskinstance.py:1357} INFO - Starting attempt 2 of 2
[2023-03-17 20:51:00,478] {taskinstance.py:1358} INFO - 
--------------------------------------------------------------------------------
[2023-03-17 20:51:00,532] {taskinstance.py:1377} INFO - Executing <Task(PythonOperator): get_last_data_municipios> on 2023-03-17 20:49:54.810410+00:00
[2023-03-17 20:51:00,538] {standard_task_runner.py:52} INFO - Started process 4392 to run task
[2023-03-17 20:51:00,541] {standard_task_runner.py:79} INFO - Running: ['***', 'tasks', 'run', 'reto_tecnico_everst', 'get_last_data_municipios', 'manual__2023-03-17T20:49:54.810410+00:00', '--job-id', '234', '--raw', '--subdir', 'DAGS_FOLDER/reto_tecnico_everst.py', '--cfg-path', '/tmp/tmp7t_9zhpe', '--error-file', '/tmp/tmp3fywf51h']
[2023-03-17 20:51:00,542] {standard_task_runner.py:80} INFO - Job 234: Subtask get_last_data_municipios
[2023-03-17 20:51:00,637] {task_command.py:369} INFO - Running <TaskInstance: reto_tecnico_everst.get_last_data_municipios manual__2023-03-17T20:49:54.810410+00:00 [running]> on host 7d9c3e4a2f58
[2023-03-17 20:51:00,852] {taskinstance.py:1571} INFO - Exporting the following env vars:
AIRFLOW_CTX_DAG_OWNER=***
AIRFLOW_CTX_DAG_ID=reto_tecnico_everst
AIRFLOW_CTX_TASK_ID=get_last_data_municipios
AIRFLOW_CTX_EXECUTION_DATE=2023-03-17T20:49:54.810410+00:00
AIRFLOW_CTX_TRY_NUMBER=2
AIRFLOW_CTX_DAG_RUN_ID=manual__2023-03-17T20:49:54.810410+00:00
[2023-03-17 20:51:00,973] {reto_tecnico_everst.py:96} INFO - Generando el path del archivo mas reciente de data_municipios: dags/data/Raw/data_municipios/20220503/data.csv
[2023-03-17 20:51:00,974] {python.py:173} INFO - Done. Returned value was: None
[2023-03-17 20:51:00,993] {taskinstance.py:1400} INFO - Marking task as SUCCESS. dag_id=reto_tecnico_everst, task_id=get_last_data_municipios, execution_date=20230317T204954, start_date=20230317T205100, end_date=20230317T205100
[2023-03-17 20:51:01,077] {local_task_job.py:156} INFO - Task exited with return code 0
[2023-03-17 20:51:01,139] {local_task_job.py:273} INFO - 0 downstream tasks scheduled from follow-on schedule check
